{"date":"Thu Dec 04 2025 10:33:31 GMT+0530 (India Standard Time)","error":{"diagnosticCodes":[1472]},"exception":true,"level":"error","message":"uncaughtException: ⨯ Unable to compile TypeScript:\n\u001b[96msrc/service/common.service.ts\u001b[0m:\u001b[93m58\u001b[0m:\u001b[93m5\u001b[0m - \u001b[91merror\u001b[0m\u001b[90m TS1472: \u001b[0m'catch' or 'finally' expected.\n\n\u001b[7m58\u001b[0m     }\n\u001b[7m  \u001b[0m \u001b[91m    ~\u001b[0m\n\nTSError: ⨯ Unable to compile TypeScript:\n\u001b[96msrc/service/common.service.ts\u001b[0m:\u001b[93m58\u001b[0m:\u001b[93m5\u001b[0m - \u001b[91merror\u001b[0m\u001b[90m TS1472: \u001b[0m'catch' or 'finally' expected.\n\n\u001b[7m58\u001b[0m     }\n\u001b[7m  \u001b[0m \u001b[91m    ~\u001b[0m\n\n    at createTSError (/Users/mac/Desktop/NodeJS/sl_back/node_modules/ts-node/src/index.ts:859:12)\n    at reportTSError (/Users/mac/Desktop/NodeJS/sl_back/node_modules/ts-node/src/index.ts:863:19)\n    at getOutput (/Users/mac/Desktop/NodeJS/sl_back/node_modules/ts-node/src/index.ts:1077:36)\n    at Object.compile (/Users/mac/Desktop/NodeJS/sl_back/node_modules/ts-node/src/index.ts:1433:41)\n    at Module.m._compile (/Users/mac/Desktop/NodeJS/sl_back/node_modules/ts-node/src/index.ts:1617:30)\n    at node:internal/modules/cjs/loader:1893:10\n    at Object.require.extensions.<computed> [as .ts] (/Users/mac/Desktop/NodeJS/sl_back/node_modules/ts-node/src/index.ts:1621:12)\n    at Module.load (node:internal/modules/cjs/loader:1480:32)\n    at Module._load (node:internal/modules/cjs/loader:1299:12)\n    at TracingChannel.traceSync (node:diagnostics_channel:328:14)","os":{"loadavg":[3.39697265625,3.189453125,4.42626953125],"uptime":2235},"process":{"argv":["/Users/mac/Desktop/NodeJS/sl_back/node_modules/.bin/ts-node","/Users/mac/Desktop/NodeJS/sl_back/src/server.ts"],"cwd":"/Users/mac/Desktop/NodeJS/sl_back","execPath":"/usr/local/bin/node","gid":20,"memoryUsage":{"arrayBuffers":5167259,"external":8315332,"heapTotal":280879104,"heapUsed":188321888,"rss":340426752},"pid":3689,"uid":501,"version":"v24.11.0"},"stack":"TSError: ⨯ Unable to compile TypeScript:\n\u001b[96msrc/service/common.service.ts\u001b[0m:\u001b[93m58\u001b[0m:\u001b[93m5\u001b[0m - \u001b[91merror\u001b[0m\u001b[90m TS1472: \u001b[0m'catch' or 'finally' expected.\n\n\u001b[7m58\u001b[0m     }\n\u001b[7m  \u001b[0m \u001b[91m    ~\u001b[0m\n\n    at createTSError (/Users/mac/Desktop/NodeJS/sl_back/node_modules/ts-node/src/index.ts:859:12)\n    at reportTSError (/Users/mac/Desktop/NodeJS/sl_back/node_modules/ts-node/src/index.ts:863:19)\n    at getOutput (/Users/mac/Desktop/NodeJS/sl_back/node_modules/ts-node/src/index.ts:1077:36)\n    at Object.compile (/Users/mac/Desktop/NodeJS/sl_back/node_modules/ts-node/src/index.ts:1433:41)\n    at Module.m._compile (/Users/mac/Desktop/NodeJS/sl_back/node_modules/ts-node/src/index.ts:1617:30)\n    at node:internal/modules/cjs/loader:1893:10\n    at Object.require.extensions.<computed> [as .ts] (/Users/mac/Desktop/NodeJS/sl_back/node_modules/ts-node/src/index.ts:1621:12)\n    at Module.load (node:internal/modules/cjs/loader:1480:32)\n    at Module._load (node:internal/modules/cjs/loader:1299:12)\n    at TracingChannel.traceSync (node:diagnostics_channel:328:14)","timestamp":"2025-12-04 10:33:31","trace":[{"column":12,"file":"/Users/mac/Desktop/NodeJS/sl_back/node_modules/ts-node/src/index.ts","function":"createTSError","line":859,"method":null,"native":false},{"column":19,"file":"/Users/mac/Desktop/NodeJS/sl_back/node_modules/ts-node/src/index.ts","function":"reportTSError","line":863,"method":null,"native":false},{"column":36,"file":"/Users/mac/Desktop/NodeJS/sl_back/node_modules/ts-node/src/index.ts","function":"getOutput","line":1077,"method":null,"native":false},{"column":41,"file":"/Users/mac/Desktop/NodeJS/sl_back/node_modules/ts-node/src/index.ts","function":"Object.compile","line":1433,"method":"compile","native":false},{"column":30,"file":"/Users/mac/Desktop/NodeJS/sl_back/node_modules/ts-node/src/index.ts","function":"Module.m._compile","line":1617,"method":"_compile","native":false},{"column":10,"file":"node:internal/modules/cjs/loader","function":null,"line":1893,"method":null,"native":false},{"column":12,"file":"/Users/mac/Desktop/NodeJS/sl_back/node_modules/ts-node/src/index.ts","function":"Object.require.extensions.<computed> [as .ts]","line":1621,"method":"ts]","native":false},{"column":32,"file":"node:internal/modules/cjs/loader","function":"Module.load","line":1480,"method":"load","native":false},{"column":12,"file":"node:internal/modules/cjs/loader","function":"Module._load","line":1299,"method":"_load","native":false},{"column":14,"file":"node:diagnostics_channel","function":"TracingChannel.traceSync","line":328,"method":"traceSync","native":false}]}
{"date":"Thu Dec 04 2025 10:34:41 GMT+0530 (India Standard Time)","error":{"diagnosticCodes":[2355]},"exception":true,"level":"error","message":"uncaughtException: ⨯ Unable to compile TypeScript:\n\u001b[96msrc/service/common.service.ts\u001b[0m:\u001b[93m61\u001b[0m:\u001b[93m33\u001b[0m - \u001b[91merror\u001b[0m\u001b[90m TS2355: \u001b[0mA function whose declared type is neither 'undefined', 'void', nor 'any' must return a value.\n\n\u001b[7m61\u001b[0m     static async getFCMToken(): Promise<FCM> {\n\u001b[7m  \u001b[0m \u001b[91m                                ~~~~~~~~~~~~\u001b[0m\n\nTSError: ⨯ Unable to compile TypeScript:\n\u001b[96msrc/service/common.service.ts\u001b[0m:\u001b[93m61\u001b[0m:\u001b[93m33\u001b[0m - \u001b[91merror\u001b[0m\u001b[90m TS2355: \u001b[0mA function whose declared type is neither 'undefined', 'void', nor 'any' must return a value.\n\n\u001b[7m61\u001b[0m     static async getFCMToken(): Promise<FCM> {\n\u001b[7m  \u001b[0m \u001b[91m                                ~~~~~~~~~~~~\u001b[0m\n\n    at createTSError (/Users/mac/Desktop/NodeJS/sl_back/node_modules/ts-node/src/index.ts:859:12)\n    at reportTSError (/Users/mac/Desktop/NodeJS/sl_back/node_modules/ts-node/src/index.ts:863:19)\n    at getOutput (/Users/mac/Desktop/NodeJS/sl_back/node_modules/ts-node/src/index.ts:1077:36)\n    at Object.compile (/Users/mac/Desktop/NodeJS/sl_back/node_modules/ts-node/src/index.ts:1433:41)\n    at Module.m._compile (/Users/mac/Desktop/NodeJS/sl_back/node_modules/ts-node/src/index.ts:1617:30)\n    at node:internal/modules/cjs/loader:1893:10\n    at Object.require.extensions.<computed> [as .ts] (/Users/mac/Desktop/NodeJS/sl_back/node_modules/ts-node/src/index.ts:1621:12)\n    at Module.load (node:internal/modules/cjs/loader:1480:32)\n    at Module._load (node:internal/modules/cjs/loader:1299:12)\n    at TracingChannel.traceSync (node:diagnostics_channel:328:14)","os":{"loadavg":[3.3662109375,3.18505859375,4.322265625],"uptime":2305},"process":{"argv":["/Users/mac/Desktop/NodeJS/sl_back/node_modules/.bin/ts-node","/Users/mac/Desktop/NodeJS/sl_back/src/server.ts"],"cwd":"/Users/mac/Desktop/NodeJS/sl_back","execPath":"/usr/local/bin/node","gid":20,"memoryUsage":{"arrayBuffers":5167315,"external":8315388,"heapTotal":280879104,"heapUsed":187797392,"rss":343252992},"pid":3759,"uid":501,"version":"v24.11.0"},"stack":"TSError: ⨯ Unable to compile TypeScript:\n\u001b[96msrc/service/common.service.ts\u001b[0m:\u001b[93m61\u001b[0m:\u001b[93m33\u001b[0m - \u001b[91merror\u001b[0m\u001b[90m TS2355: \u001b[0mA function whose declared type is neither 'undefined', 'void', nor 'any' must return a value.\n\n\u001b[7m61\u001b[0m     static async getFCMToken(): Promise<FCM> {\n\u001b[7m  \u001b[0m \u001b[91m                                ~~~~~~~~~~~~\u001b[0m\n\n    at createTSError (/Users/mac/Desktop/NodeJS/sl_back/node_modules/ts-node/src/index.ts:859:12)\n    at reportTSError (/Users/mac/Desktop/NodeJS/sl_back/node_modules/ts-node/src/index.ts:863:19)\n    at getOutput (/Users/mac/Desktop/NodeJS/sl_back/node_modules/ts-node/src/index.ts:1077:36)\n    at Object.compile (/Users/mac/Desktop/NodeJS/sl_back/node_modules/ts-node/src/index.ts:1433:41)\n    at Module.m._compile (/Users/mac/Desktop/NodeJS/sl_back/node_modules/ts-node/src/index.ts:1617:30)\n    at node:internal/modules/cjs/loader:1893:10\n    at Object.require.extensions.<computed> [as .ts] (/Users/mac/Desktop/NodeJS/sl_back/node_modules/ts-node/src/index.ts:1621:12)\n    at Module.load (node:internal/modules/cjs/loader:1480:32)\n    at Module._load (node:internal/modules/cjs/loader:1299:12)\n    at TracingChannel.traceSync (node:diagnostics_channel:328:14)","timestamp":"2025-12-04 10:34:41","trace":[{"column":12,"file":"/Users/mac/Desktop/NodeJS/sl_back/node_modules/ts-node/src/index.ts","function":"createTSError","line":859,"method":null,"native":false},{"column":19,"file":"/Users/mac/Desktop/NodeJS/sl_back/node_modules/ts-node/src/index.ts","function":"reportTSError","line":863,"method":null,"native":false},{"column":36,"file":"/Users/mac/Desktop/NodeJS/sl_back/node_modules/ts-node/src/index.ts","function":"getOutput","line":1077,"method":null,"native":false},{"column":41,"file":"/Users/mac/Desktop/NodeJS/sl_back/node_modules/ts-node/src/index.ts","function":"Object.compile","line":1433,"method":"compile","native":false},{"column":30,"file":"/Users/mac/Desktop/NodeJS/sl_back/node_modules/ts-node/src/index.ts","function":"Module.m._compile","line":1617,"method":"_compile","native":false},{"column":10,"file":"node:internal/modules/cjs/loader","function":null,"line":1893,"method":null,"native":false},{"column":12,"file":"/Users/mac/Desktop/NodeJS/sl_back/node_modules/ts-node/src/index.ts","function":"Object.require.extensions.<computed> [as .ts]","line":1621,"method":"ts]","native":false},{"column":32,"file":"node:internal/modules/cjs/loader","function":"Module.load","line":1480,"method":"load","native":false},{"column":12,"file":"node:internal/modules/cjs/loader","function":"Module._load","line":1299,"method":"_load","native":false},{"column":14,"file":"node:diagnostics_channel","function":"TracingChannel.traceSync","line":328,"method":"traceSync","native":false}]}
{"date":"Thu Dec 04 2025 10:35:22 GMT+0530 (India Standard Time)","error":{"diagnosticCodes":[7006,2355]},"exception":true,"level":"error","message":"uncaughtException: ⨯ Unable to compile TypeScript:\n\u001b[96msrc/service/common.service.ts\u001b[0m:\u001b[93m61\u001b[0m:\u001b[93m30\u001b[0m - \u001b[91merror\u001b[0m\u001b[90m TS7006: \u001b[0mParameter 'user_id' implicitly has an 'any' type.\n\n\u001b[7m61\u001b[0m     static async getFCMToken(user_id): Promise<FCM> {\n\u001b[7m  \u001b[0m \u001b[91m                             ~~~~~~~\u001b[0m\n\u001b[96msrc/service/common.service.ts\u001b[0m:\u001b[93m61\u001b[0m:\u001b[93m40\u001b[0m - \u001b[91merror\u001b[0m\u001b[90m TS2355: \u001b[0mA function whose declared type is neither 'undefined', 'void', nor 'any' must return a value.\n\n\u001b[7m61\u001b[0m     static async getFCMToken(user_id): Promise<FCM> {\n\u001b[7m  \u001b[0m \u001b[91m                                       ~~~~~~~~~~~~\u001b[0m\n\nTSError: ⨯ Unable to compile TypeScript:\n\u001b[96msrc/service/common.service.ts\u001b[0m:\u001b[93m61\u001b[0m:\u001b[93m30\u001b[0m - \u001b[91merror\u001b[0m\u001b[90m TS7006: \u001b[0mParameter 'user_id' implicitly has an 'any' type.\n\n\u001b[7m61\u001b[0m     static async getFCMToken(user_id): Promise<FCM> {\n\u001b[7m  \u001b[0m \u001b[91m                             ~~~~~~~\u001b[0m\n\u001b[96msrc/service/common.service.ts\u001b[0m:\u001b[93m61\u001b[0m:\u001b[93m40\u001b[0m - \u001b[91merror\u001b[0m\u001b[90m TS2355: \u001b[0mA function whose declared type is neither 'undefined', 'void', nor 'any' must return a value.\n\n\u001b[7m61\u001b[0m     static async getFCMToken(user_id): Promise<FCM> {\n\u001b[7m  \u001b[0m \u001b[91m                                       ~~~~~~~~~~~~\u001b[0m\n\n    at createTSError (/Users/mac/Desktop/NodeJS/sl_back/node_modules/ts-node/src/index.ts:859:12)\n    at reportTSError (/Users/mac/Desktop/NodeJS/sl_back/node_modules/ts-node/src/index.ts:863:19)\n    at getOutput (/Users/mac/Desktop/NodeJS/sl_back/node_modules/ts-node/src/index.ts:1077:36)\n    at Object.compile (/Users/mac/Desktop/NodeJS/sl_back/node_modules/ts-node/src/index.ts:1433:41)\n    at Module.m._compile (/Users/mac/Desktop/NodeJS/sl_back/node_modules/ts-node/src/index.ts:1617:30)\n    at node:internal/modules/cjs/loader:1893:10\n    at Object.require.extensions.<computed> [as .ts] (/Users/mac/Desktop/NodeJS/sl_back/node_modules/ts-node/src/index.ts:1621:12)\n    at Module.load (node:internal/modules/cjs/loader:1480:32)\n    at Module._load (node:internal/modules/cjs/loader:1299:12)\n    at TracingChannel.traceSync (node:diagnostics_channel:328:14)","os":{"loadavg":[3.2568359375,3.201171875,4.27685546875],"uptime":2346},"process":{"argv":["/Users/mac/Desktop/NodeJS/sl_back/node_modules/.bin/ts-node","/Users/mac/Desktop/NodeJS/sl_back/src/server.ts"],"cwd":"/Users/mac/Desktop/NodeJS/sl_back","execPath":"/usr/local/bin/node","gid":20,"memoryUsage":{"arrayBuffers":5167275,"external":8315348,"heapTotal":284024832,"heapUsed":189779112,"rss":343977984},"pid":3782,"uid":501,"version":"v24.11.0"},"stack":"TSError: ⨯ Unable to compile TypeScript:\n\u001b[96msrc/service/common.service.ts\u001b[0m:\u001b[93m61\u001b[0m:\u001b[93m30\u001b[0m - \u001b[91merror\u001b[0m\u001b[90m TS7006: \u001b[0mParameter 'user_id' implicitly has an 'any' type.\n\n\u001b[7m61\u001b[0m     static async getFCMToken(user_id): Promise<FCM> {\n\u001b[7m  \u001b[0m \u001b[91m                             ~~~~~~~\u001b[0m\n\u001b[96msrc/service/common.service.ts\u001b[0m:\u001b[93m61\u001b[0m:\u001b[93m40\u001b[0m - \u001b[91merror\u001b[0m\u001b[90m TS2355: \u001b[0mA function whose declared type is neither 'undefined', 'void', nor 'any' must return a value.\n\n\u001b[7m61\u001b[0m     static async getFCMToken(user_id): Promise<FCM> {\n\u001b[7m  \u001b[0m \u001b[91m                                       ~~~~~~~~~~~~\u001b[0m\n\n    at createTSError (/Users/mac/Desktop/NodeJS/sl_back/node_modules/ts-node/src/index.ts:859:12)\n    at reportTSError (/Users/mac/Desktop/NodeJS/sl_back/node_modules/ts-node/src/index.ts:863:19)\n    at getOutput (/Users/mac/Desktop/NodeJS/sl_back/node_modules/ts-node/src/index.ts:1077:36)\n    at Object.compile (/Users/mac/Desktop/NodeJS/sl_back/node_modules/ts-node/src/index.ts:1433:41)\n    at Module.m._compile (/Users/mac/Desktop/NodeJS/sl_back/node_modules/ts-node/src/index.ts:1617:30)\n    at node:internal/modules/cjs/loader:1893:10\n    at Object.require.extensions.<computed> [as .ts] (/Users/mac/Desktop/NodeJS/sl_back/node_modules/ts-node/src/index.ts:1621:12)\n    at Module.load (node:internal/modules/cjs/loader:1480:32)\n    at Module._load (node:internal/modules/cjs/loader:1299:12)\n    at TracingChannel.traceSync (node:diagnostics_channel:328:14)","timestamp":"2025-12-04 10:35:22","trace":[{"column":12,"file":"/Users/mac/Desktop/NodeJS/sl_back/node_modules/ts-node/src/index.ts","function":"createTSError","line":859,"method":null,"native":false},{"column":19,"file":"/Users/mac/Desktop/NodeJS/sl_back/node_modules/ts-node/src/index.ts","function":"reportTSError","line":863,"method":null,"native":false},{"column":36,"file":"/Users/mac/Desktop/NodeJS/sl_back/node_modules/ts-node/src/index.ts","function":"getOutput","line":1077,"method":null,"native":false},{"column":41,"file":"/Users/mac/Desktop/NodeJS/sl_back/node_modules/ts-node/src/index.ts","function":"Object.compile","line":1433,"method":"compile","native":false},{"column":30,"file":"/Users/mac/Desktop/NodeJS/sl_back/node_modules/ts-node/src/index.ts","function":"Module.m._compile","line":1617,"method":"_compile","native":false},{"column":10,"file":"node:internal/modules/cjs/loader","function":null,"line":1893,"method":null,"native":false},{"column":12,"file":"/Users/mac/Desktop/NodeJS/sl_back/node_modules/ts-node/src/index.ts","function":"Object.require.extensions.<computed> [as .ts]","line":1621,"method":"ts]","native":false},{"column":32,"file":"node:internal/modules/cjs/loader","function":"Module.load","line":1480,"method":"load","native":false},{"column":12,"file":"node:internal/modules/cjs/loader","function":"Module._load","line":1299,"method":"_load","native":false},{"column":14,"file":"node:diagnostics_channel","function":"TracingChannel.traceSync","line":328,"method":"traceSync","native":false}]}
{"date":"Thu Dec 04 2025 10:35:30 GMT+0530 (India Standard Time)","error":{"diagnosticCodes":[7006,2355]},"exception":true,"level":"error","message":"uncaughtException: ⨯ Unable to compile TypeScript:\n\u001b[96msrc/service/common.service.ts\u001b[0m:\u001b[93m61\u001b[0m:\u001b[93m30\u001b[0m - \u001b[91merror\u001b[0m\u001b[90m TS7006: \u001b[0mParameter 'user_id' implicitly has an 'any' type.\n\n\u001b[7m61\u001b[0m     static async getFCMToken(user_id): Promise<FCM> {\n\u001b[7m  \u001b[0m \u001b[91m                             ~~~~~~~\u001b[0m\n\u001b[96msrc/service/common.service.ts\u001b[0m:\u001b[93m61\u001b[0m:\u001b[93m40\u001b[0m - \u001b[91merror\u001b[0m\u001b[90m TS2355: \u001b[0mA function whose declared type is neither 'undefined', 'void', nor 'any' must return a value.\n\n\u001b[7m61\u001b[0m     static async getFCMToken(user_id): Promise<FCM> {\n\u001b[7m  \u001b[0m \u001b[91m                                       ~~~~~~~~~~~~\u001b[0m\n\nTSError: ⨯ Unable to compile TypeScript:\n\u001b[96msrc/service/common.service.ts\u001b[0m:\u001b[93m61\u001b[0m:\u001b[93m30\u001b[0m - \u001b[91merror\u001b[0m\u001b[90m TS7006: \u001b[0mParameter 'user_id' implicitly has an 'any' type.\n\n\u001b[7m61\u001b[0m     static async getFCMToken(user_id): Promise<FCM> {\n\u001b[7m  \u001b[0m \u001b[91m                             ~~~~~~~\u001b[0m\n\u001b[96msrc/service/common.service.ts\u001b[0m:\u001b[93m61\u001b[0m:\u001b[93m40\u001b[0m - \u001b[91merror\u001b[0m\u001b[90m TS2355: \u001b[0mA function whose declared type is neither 'undefined', 'void', nor 'any' must return a value.\n\n\u001b[7m61\u001b[0m     static async getFCMToken(user_id): Promise<FCM> {\n\u001b[7m  \u001b[0m \u001b[91m                                       ~~~~~~~~~~~~\u001b[0m\n\n    at createTSError (/Users/mac/Desktop/NodeJS/sl_back/node_modules/ts-node/src/index.ts:859:12)\n    at reportTSError (/Users/mac/Desktop/NodeJS/sl_back/node_modules/ts-node/src/index.ts:863:19)\n    at getOutput (/Users/mac/Desktop/NodeJS/sl_back/node_modules/ts-node/src/index.ts:1077:36)\n    at Object.compile (/Users/mac/Desktop/NodeJS/sl_back/node_modules/ts-node/src/index.ts:1433:41)\n    at Module.m._compile (/Users/mac/Desktop/NodeJS/sl_back/node_modules/ts-node/src/index.ts:1617:30)\n    at node:internal/modules/cjs/loader:1893:10\n    at Object.require.extensions.<computed> [as .ts] (/Users/mac/Desktop/NodeJS/sl_back/node_modules/ts-node/src/index.ts:1621:12)\n    at Module.load (node:internal/modules/cjs/loader:1480:32)\n    at Module._load (node:internal/modules/cjs/loader:1299:12)\n    at TracingChannel.traceSync (node:diagnostics_channel:328:14)","os":{"loadavg":[3.31591796875,3.21435546875,4.27490234375],"uptime":2354},"process":{"argv":["/Users/mac/Desktop/NodeJS/sl_back/node_modules/.bin/ts-node","/Users/mac/Desktop/NodeJS/sl_back/src/server.ts"],"cwd":"/Users/mac/Desktop/NodeJS/sl_back","execPath":"/usr/local/bin/node","gid":20,"memoryUsage":{"arrayBuffers":5167163,"external":8315236,"heapTotal":280354816,"heapUsed":188842456,"rss":341237760},"pid":3802,"uid":501,"version":"v24.11.0"},"stack":"TSError: ⨯ Unable to compile TypeScript:\n\u001b[96msrc/service/common.service.ts\u001b[0m:\u001b[93m61\u001b[0m:\u001b[93m30\u001b[0m - \u001b[91merror\u001b[0m\u001b[90m TS7006: \u001b[0mParameter 'user_id' implicitly has an 'any' type.\n\n\u001b[7m61\u001b[0m     static async getFCMToken(user_id): Promise<FCM> {\n\u001b[7m  \u001b[0m \u001b[91m                             ~~~~~~~\u001b[0m\n\u001b[96msrc/service/common.service.ts\u001b[0m:\u001b[93m61\u001b[0m:\u001b[93m40\u001b[0m - \u001b[91merror\u001b[0m\u001b[90m TS2355: \u001b[0mA function whose declared type is neither 'undefined', 'void', nor 'any' must return a value.\n\n\u001b[7m61\u001b[0m     static async getFCMToken(user_id): Promise<FCM> {\n\u001b[7m  \u001b[0m \u001b[91m                                       ~~~~~~~~~~~~\u001b[0m\n\n    at createTSError (/Users/mac/Desktop/NodeJS/sl_back/node_modules/ts-node/src/index.ts:859:12)\n    at reportTSError (/Users/mac/Desktop/NodeJS/sl_back/node_modules/ts-node/src/index.ts:863:19)\n    at getOutput (/Users/mac/Desktop/NodeJS/sl_back/node_modules/ts-node/src/index.ts:1077:36)\n    at Object.compile (/Users/mac/Desktop/NodeJS/sl_back/node_modules/ts-node/src/index.ts:1433:41)\n    at Module.m._compile (/Users/mac/Desktop/NodeJS/sl_back/node_modules/ts-node/src/index.ts:1617:30)\n    at node:internal/modules/cjs/loader:1893:10\n    at Object.require.extensions.<computed> [as .ts] (/Users/mac/Desktop/NodeJS/sl_back/node_modules/ts-node/src/index.ts:1621:12)\n    at Module.load (node:internal/modules/cjs/loader:1480:32)\n    at Module._load (node:internal/modules/cjs/loader:1299:12)\n    at TracingChannel.traceSync (node:diagnostics_channel:328:14)","timestamp":"2025-12-04 10:35:30","trace":[{"column":12,"file":"/Users/mac/Desktop/NodeJS/sl_back/node_modules/ts-node/src/index.ts","function":"createTSError","line":859,"method":null,"native":false},{"column":19,"file":"/Users/mac/Desktop/NodeJS/sl_back/node_modules/ts-node/src/index.ts","function":"reportTSError","line":863,"method":null,"native":false},{"column":36,"file":"/Users/mac/Desktop/NodeJS/sl_back/node_modules/ts-node/src/index.ts","function":"getOutput","line":1077,"method":null,"native":false},{"column":41,"file":"/Users/mac/Desktop/NodeJS/sl_back/node_modules/ts-node/src/index.ts","function":"Object.compile","line":1433,"method":"compile","native":false},{"column":30,"file":"/Users/mac/Desktop/NodeJS/sl_back/node_modules/ts-node/src/index.ts","function":"Module.m._compile","line":1617,"method":"_compile","native":false},{"column":10,"file":"node:internal/modules/cjs/loader","function":null,"line":1893,"method":null,"native":false},{"column":12,"file":"/Users/mac/Desktop/NodeJS/sl_back/node_modules/ts-node/src/index.ts","function":"Object.require.extensions.<computed> [as .ts]","line":1621,"method":"ts]","native":false},{"column":32,"file":"node:internal/modules/cjs/loader","function":"Module.load","line":1480,"method":"load","native":false},{"column":12,"file":"node:internal/modules/cjs/loader","function":"Module._load","line":1299,"method":"_load","native":false},{"column":14,"file":"node:diagnostics_channel","function":"TracingChannel.traceSync","line":328,"method":"traceSync","native":false}]}
{"date":"Thu Dec 04 2025 10:35:34 GMT+0530 (India Standard Time)","error":{"diagnosticCodes":[7006,2740]},"exception":true,"level":"error","message":"uncaughtException: ⨯ Unable to compile TypeScript:\n\u001b[96msrc/service/common.service.ts\u001b[0m:\u001b[93m61\u001b[0m:\u001b[93m30\u001b[0m - \u001b[91merror\u001b[0m\u001b[90m TS7006: \u001b[0mParameter 'user_id' implicitly has an 'any' type.\n\n\u001b[7m61\u001b[0m     static async getFCMToken(user_id): Promise<FCM> {\n\u001b[7m  \u001b[0m \u001b[91m                             ~~~~~~~\u001b[0m\n\u001b[96msrc/service/common.service.ts\u001b[0m:\u001b[93m64\u001b[0m:\u001b[93m13\u001b[0m - \u001b[91merror\u001b[0m\u001b[90m TS2740: \u001b[0mType 'FCM[]' is missing the following properties from type 'FCM': id, user_id, device_id, token, and 30 more.\n\n\u001b[7m64\u001b[0m             return token;\n\u001b[7m  \u001b[0m \u001b[91m            ~~~~~~\u001b[0m\n\nTSError: ⨯ Unable to compile TypeScript:\n\u001b[96msrc/service/common.service.ts\u001b[0m:\u001b[93m61\u001b[0m:\u001b[93m30\u001b[0m - \u001b[91merror\u001b[0m\u001b[90m TS7006: \u001b[0mParameter 'user_id' implicitly has an 'any' type.\n\n\u001b[7m61\u001b[0m     static async getFCMToken(user_id): Promise<FCM> {\n\u001b[7m  \u001b[0m \u001b[91m                             ~~~~~~~\u001b[0m\n\u001b[96msrc/service/common.service.ts\u001b[0m:\u001b[93m64\u001b[0m:\u001b[93m13\u001b[0m - \u001b[91merror\u001b[0m\u001b[90m TS2740: \u001b[0mType 'FCM[]' is missing the following properties from type 'FCM': id, user_id, device_id, token, and 30 more.\n\n\u001b[7m64\u001b[0m             return token;\n\u001b[7m  \u001b[0m \u001b[91m            ~~~~~~\u001b[0m\n\n    at createTSError (/Users/mac/Desktop/NodeJS/sl_back/node_modules/ts-node/src/index.ts:859:12)\n    at reportTSError (/Users/mac/Desktop/NodeJS/sl_back/node_modules/ts-node/src/index.ts:863:19)\n    at getOutput (/Users/mac/Desktop/NodeJS/sl_back/node_modules/ts-node/src/index.ts:1077:36)\n    at Object.compile (/Users/mac/Desktop/NodeJS/sl_back/node_modules/ts-node/src/index.ts:1433:41)\n    at Module.m._compile (/Users/mac/Desktop/NodeJS/sl_back/node_modules/ts-node/src/index.ts:1617:30)\n    at node:internal/modules/cjs/loader:1893:10\n    at Object.require.extensions.<computed> [as .ts] (/Users/mac/Desktop/NodeJS/sl_back/node_modules/ts-node/src/index.ts:1621:12)\n    at Module.load (node:internal/modules/cjs/loader:1480:32)\n    at Module._load (node:internal/modules/cjs/loader:1299:12)\n    at TracingChannel.traceSync (node:diagnostics_channel:328:14)","os":{"loadavg":[3.13037109375,3.17724609375,4.25537109375],"uptime":2358},"process":{"argv":["/Users/mac/Desktop/NodeJS/sl_back/node_modules/.bin/ts-node","/Users/mac/Desktop/NodeJS/sl_back/src/server.ts"],"cwd":"/Users/mac/Desktop/NodeJS/sl_back","execPath":"/usr/local/bin/node","gid":20,"memoryUsage":{"arrayBuffers":5167259,"external":8315332,"heapTotal":281665536,"heapUsed":189855304,"rss":339968000},"pid":3847,"uid":501,"version":"v24.11.0"},"stack":"TSError: ⨯ Unable to compile TypeScript:\n\u001b[96msrc/service/common.service.ts\u001b[0m:\u001b[93m61\u001b[0m:\u001b[93m30\u001b[0m - \u001b[91merror\u001b[0m\u001b[90m TS7006: \u001b[0mParameter 'user_id' implicitly has an 'any' type.\n\n\u001b[7m61\u001b[0m     static async getFCMToken(user_id): Promise<FCM> {\n\u001b[7m  \u001b[0m \u001b[91m                             ~~~~~~~\u001b[0m\n\u001b[96msrc/service/common.service.ts\u001b[0m:\u001b[93m64\u001b[0m:\u001b[93m13\u001b[0m - \u001b[91merror\u001b[0m\u001b[90m TS2740: \u001b[0mType 'FCM[]' is missing the following properties from type 'FCM': id, user_id, device_id, token, and 30 more.\n\n\u001b[7m64\u001b[0m             return token;\n\u001b[7m  \u001b[0m \u001b[91m            ~~~~~~\u001b[0m\n\n    at createTSError (/Users/mac/Desktop/NodeJS/sl_back/node_modules/ts-node/src/index.ts:859:12)\n    at reportTSError (/Users/mac/Desktop/NodeJS/sl_back/node_modules/ts-node/src/index.ts:863:19)\n    at getOutput (/Users/mac/Desktop/NodeJS/sl_back/node_modules/ts-node/src/index.ts:1077:36)\n    at Object.compile (/Users/mac/Desktop/NodeJS/sl_back/node_modules/ts-node/src/index.ts:1433:41)\n    at Module.m._compile (/Users/mac/Desktop/NodeJS/sl_back/node_modules/ts-node/src/index.ts:1617:30)\n    at node:internal/modules/cjs/loader:1893:10\n    at Object.require.extensions.<computed> [as .ts] (/Users/mac/Desktop/NodeJS/sl_back/node_modules/ts-node/src/index.ts:1621:12)\n    at Module.load (node:internal/modules/cjs/loader:1480:32)\n    at Module._load (node:internal/modules/cjs/loader:1299:12)\n    at TracingChannel.traceSync (node:diagnostics_channel:328:14)","timestamp":"2025-12-04 10:35:34","trace":[{"column":12,"file":"/Users/mac/Desktop/NodeJS/sl_back/node_modules/ts-node/src/index.ts","function":"createTSError","line":859,"method":null,"native":false},{"column":19,"file":"/Users/mac/Desktop/NodeJS/sl_back/node_modules/ts-node/src/index.ts","function":"reportTSError","line":863,"method":null,"native":false},{"column":36,"file":"/Users/mac/Desktop/NodeJS/sl_back/node_modules/ts-node/src/index.ts","function":"getOutput","line":1077,"method":null,"native":false},{"column":41,"file":"/Users/mac/Desktop/NodeJS/sl_back/node_modules/ts-node/src/index.ts","function":"Object.compile","line":1433,"method":"compile","native":false},{"column":30,"file":"/Users/mac/Desktop/NodeJS/sl_back/node_modules/ts-node/src/index.ts","function":"Module.m._compile","line":1617,"method":"_compile","native":false},{"column":10,"file":"node:internal/modules/cjs/loader","function":null,"line":1893,"method":null,"native":false},{"column":12,"file":"/Users/mac/Desktop/NodeJS/sl_back/node_modules/ts-node/src/index.ts","function":"Object.require.extensions.<computed> [as .ts]","line":1621,"method":"ts]","native":false},{"column":32,"file":"node:internal/modules/cjs/loader","function":"Module.load","line":1480,"method":"load","native":false},{"column":12,"file":"node:internal/modules/cjs/loader","function":"Module._load","line":1299,"method":"_load","native":false},{"column":14,"file":"node:diagnostics_channel","function":"TracingChannel.traceSync","line":328,"method":"traceSync","native":false}]}
{"date":"Thu Dec 04 2025 10:35:45 GMT+0530 (India Standard Time)","error":{"diagnosticCodes":[2322]},"exception":true,"level":"error","message":"uncaughtException: ⨯ Unable to compile TypeScript:\n\u001b[96msrc/service/common.service.ts\u001b[0m:\u001b[93m63\u001b[0m:\u001b[93m47\u001b[0m - \u001b[91merror\u001b[0m\u001b[90m TS2322: \u001b[0mType 'string' is not assignable to type 'WhereOptions<any> | undefined'.\n\n\u001b[7m63\u001b[0m             const token = await FCM.findAll({ where: user_id })\n\u001b[7m  \u001b[0m \u001b[91m                                              ~~~~~\u001b[0m\n\nTSError: ⨯ Unable to compile TypeScript:\n\u001b[96msrc/service/common.service.ts\u001b[0m:\u001b[93m63\u001b[0m:\u001b[93m47\u001b[0m - \u001b[91merror\u001b[0m\u001b[90m TS2322: \u001b[0mType 'string' is not assignable to type 'WhereOptions<any> | undefined'.\n\n\u001b[7m63\u001b[0m             const token = await FCM.findAll({ where: user_id })\n\u001b[7m  \u001b[0m \u001b[91m                                              ~~~~~\u001b[0m\n\n    at createTSError (/Users/mac/Desktop/NodeJS/sl_back/node_modules/ts-node/src/index.ts:859:12)\n    at reportTSError (/Users/mac/Desktop/NodeJS/sl_back/node_modules/ts-node/src/index.ts:863:19)\n    at getOutput (/Users/mac/Desktop/NodeJS/sl_back/node_modules/ts-node/src/index.ts:1077:36)\n    at Object.compile (/Users/mac/Desktop/NodeJS/sl_back/node_modules/ts-node/src/index.ts:1433:41)\n    at Module.m._compile (/Users/mac/Desktop/NodeJS/sl_back/node_modules/ts-node/src/index.ts:1617:30)\n    at node:internal/modules/cjs/loader:1893:10\n    at Object.require.extensions.<computed> [as .ts] (/Users/mac/Desktop/NodeJS/sl_back/node_modules/ts-node/src/index.ts:1621:12)\n    at Module.load (node:internal/modules/cjs/loader:1480:32)\n    at Module._load (node:internal/modules/cjs/loader:1299:12)\n    at TracingChannel.traceSync (node:diagnostics_channel:328:14)","os":{"loadavg":[3.18359375,3.18701171875,4.24560546875],"uptime":2369},"process":{"argv":["/Users/mac/Desktop/NodeJS/sl_back/node_modules/.bin/ts-node","/Users/mac/Desktop/NodeJS/sl_back/src/server.ts"],"cwd":"/Users/mac/Desktop/NodeJS/sl_back","execPath":"/usr/local/bin/node","gid":20,"memoryUsage":{"arrayBuffers":5167339,"external":8315412,"heapTotal":281141248,"heapUsed":189572912,"rss":345714688},"pid":3867,"uid":501,"version":"v24.11.0"},"stack":"TSError: ⨯ Unable to compile TypeScript:\n\u001b[96msrc/service/common.service.ts\u001b[0m:\u001b[93m63\u001b[0m:\u001b[93m47\u001b[0m - \u001b[91merror\u001b[0m\u001b[90m TS2322: \u001b[0mType 'string' is not assignable to type 'WhereOptions<any> | undefined'.\n\n\u001b[7m63\u001b[0m             const token = await FCM.findAll({ where: user_id })\n\u001b[7m  \u001b[0m \u001b[91m                                              ~~~~~\u001b[0m\n\n    at createTSError (/Users/mac/Desktop/NodeJS/sl_back/node_modules/ts-node/src/index.ts:859:12)\n    at reportTSError (/Users/mac/Desktop/NodeJS/sl_back/node_modules/ts-node/src/index.ts:863:19)\n    at getOutput (/Users/mac/Desktop/NodeJS/sl_back/node_modules/ts-node/src/index.ts:1077:36)\n    at Object.compile (/Users/mac/Desktop/NodeJS/sl_back/node_modules/ts-node/src/index.ts:1433:41)\n    at Module.m._compile (/Users/mac/Desktop/NodeJS/sl_back/node_modules/ts-node/src/index.ts:1617:30)\n    at node:internal/modules/cjs/loader:1893:10\n    at Object.require.extensions.<computed> [as .ts] (/Users/mac/Desktop/NodeJS/sl_back/node_modules/ts-node/src/index.ts:1621:12)\n    at Module.load (node:internal/modules/cjs/loader:1480:32)\n    at Module._load (node:internal/modules/cjs/loader:1299:12)\n    at TracingChannel.traceSync (node:diagnostics_channel:328:14)","timestamp":"2025-12-04 10:35:45","trace":[{"column":12,"file":"/Users/mac/Desktop/NodeJS/sl_back/node_modules/ts-node/src/index.ts","function":"createTSError","line":859,"method":null,"native":false},{"column":19,"file":"/Users/mac/Desktop/NodeJS/sl_back/node_modules/ts-node/src/index.ts","function":"reportTSError","line":863,"method":null,"native":false},{"column":36,"file":"/Users/mac/Desktop/NodeJS/sl_back/node_modules/ts-node/src/index.ts","function":"getOutput","line":1077,"method":null,"native":false},{"column":41,"file":"/Users/mac/Desktop/NodeJS/sl_back/node_modules/ts-node/src/index.ts","function":"Object.compile","line":1433,"method":"compile","native":false},{"column":30,"file":"/Users/mac/Desktop/NodeJS/sl_back/node_modules/ts-node/src/index.ts","function":"Module.m._compile","line":1617,"method":"_compile","native":false},{"column":10,"file":"node:internal/modules/cjs/loader","function":null,"line":1893,"method":null,"native":false},{"column":12,"file":"/Users/mac/Desktop/NodeJS/sl_back/node_modules/ts-node/src/index.ts","function":"Object.require.extensions.<computed> [as .ts]","line":1621,"method":"ts]","native":false},{"column":32,"file":"node:internal/modules/cjs/loader","function":"Module.load","line":1480,"method":"load","native":false},{"column":12,"file":"node:internal/modules/cjs/loader","function":"Module._load","line":1299,"method":"_load","native":false},{"column":14,"file":"node:diagnostics_channel","function":"TracingChannel.traceSync","line":328,"method":"traceSync","native":false}]}
{"date":"Thu Dec 04 2025 12:49:20 GMT+0530 (India Standard Time)","error":{},"exception":true,"level":"error","message":"uncaughtException: argument handler is required\nTypeError: argument handler is required\n    at Route.<computed> [as post] (/Users/mac/Desktop/NodeJS/sl_back/node_modules/router/lib/route.js:221:13)\n    at app.<computed> [as post] (/Users/mac/Desktop/NodeJS/sl_back/node_modules/express/lib/application.js:479:19)\n    at Object.<anonymous> (/Users/mac/Desktop/NodeJS/sl_back/src/routes/vendor.route.ts:9:8)\n    at Module._compile (node:internal/modules/cjs/loader:1760:14)\n    at Module.m._compile (/Users/mac/Desktop/NodeJS/sl_back/node_modules/ts-node/src/index.ts:1618:23)\n    at node:internal/modules/cjs/loader:1893:10\n    at Object.require.extensions.<computed> [as .ts] (/Users/mac/Desktop/NodeJS/sl_back/node_modules/ts-node/src/index.ts:1621:12)\n    at Module.load (node:internal/modules/cjs/loader:1480:32)\n    at Module._load (node:internal/modules/cjs/loader:1299:12)\n    at TracingChannel.traceSync (node:diagnostics_channel:328:14)","os":{"loadavg":[2.68701171875,3.10546875,3.60009765625],"uptime":10381},"process":{"argv":["/Users/mac/Desktop/NodeJS/sl_back/node_modules/.bin/ts-node","/Users/mac/Desktop/NodeJS/sl_back/src/server.ts"],"cwd":"/Users/mac/Desktop/NodeJS/sl_back","execPath":"/usr/local/bin/node","gid":20,"memoryUsage":{"arrayBuffers":5143867,"external":8316065,"heapTotal":300257280,"heapUsed":175294200,"rss":384417792},"pid":13440,"uid":501,"version":"v24.11.0"},"stack":"TypeError: argument handler is required\n    at Route.<computed> [as post] (/Users/mac/Desktop/NodeJS/sl_back/node_modules/router/lib/route.js:221:13)\n    at app.<computed> [as post] (/Users/mac/Desktop/NodeJS/sl_back/node_modules/express/lib/application.js:479:19)\n    at Object.<anonymous> (/Users/mac/Desktop/NodeJS/sl_back/src/routes/vendor.route.ts:9:8)\n    at Module._compile (node:internal/modules/cjs/loader:1760:14)\n    at Module.m._compile (/Users/mac/Desktop/NodeJS/sl_back/node_modules/ts-node/src/index.ts:1618:23)\n    at node:internal/modules/cjs/loader:1893:10\n    at Object.require.extensions.<computed> [as .ts] (/Users/mac/Desktop/NodeJS/sl_back/node_modules/ts-node/src/index.ts:1621:12)\n    at Module.load (node:internal/modules/cjs/loader:1480:32)\n    at Module._load (node:internal/modules/cjs/loader:1299:12)\n    at TracingChannel.traceSync (node:diagnostics_channel:328:14)","timestamp":"2025-12-04 12:49:20","trace":[{"column":13,"file":"/Users/mac/Desktop/NodeJS/sl_back/node_modules/router/lib/route.js","function":"Route.<computed> [as post]","line":221,"method":"<computed> [as post]","native":false},{"column":19,"file":"/Users/mac/Desktop/NodeJS/sl_back/node_modules/express/lib/application.js","function":"app.<computed> [as post]","line":479,"method":"<computed> [as post]","native":false},{"column":8,"file":"/Users/mac/Desktop/NodeJS/sl_back/src/routes/vendor.route.ts","function":null,"line":9,"method":null,"native":false},{"column":14,"file":"node:internal/modules/cjs/loader","function":"Module._compile","line":1760,"method":"_compile","native":false},{"column":23,"file":"/Users/mac/Desktop/NodeJS/sl_back/node_modules/ts-node/src/index.ts","function":"Module.m._compile","line":1618,"method":"_compile","native":false},{"column":10,"file":"node:internal/modules/cjs/loader","function":null,"line":1893,"method":null,"native":false},{"column":12,"file":"/Users/mac/Desktop/NodeJS/sl_back/node_modules/ts-node/src/index.ts","function":"Object.require.extensions.<computed> [as .ts]","line":1621,"method":"ts]","native":false},{"column":32,"file":"node:internal/modules/cjs/loader","function":"Module.load","line":1480,"method":"load","native":false},{"column":12,"file":"node:internal/modules/cjs/loader","function":"Module._load","line":1299,"method":"_load","native":false},{"column":14,"file":"node:diagnostics_channel","function":"TracingChannel.traceSync","line":328,"method":"traceSync","native":false}]}
{"date":"Thu Dec 04 2025 12:52:31 GMT+0530 (India Standard Time)","error":{"diagnosticCodes":[2355]},"exception":true,"level":"error","message":"uncaughtException: ⨯ Unable to compile TypeScript:\n\u001b[96msrc/service/vendor.service.ts\u001b[0m:\u001b[93m92\u001b[0m:\u001b[93m46\u001b[0m - \u001b[91merror\u001b[0m\u001b[90m TS2355: \u001b[0mA function whose declared type is neither 'undefined', 'void', nor 'any' must return a value.\n\n\u001b[7m92\u001b[0m     static async getVendor(user_id: string): Promise<VendorModel[]> {\n\u001b[7m  \u001b[0m \u001b[91m                                             ~~~~~~~~~~~~~~~~~~~~~~\u001b[0m\n\nTSError: ⨯ Unable to compile TypeScript:\n\u001b[96msrc/service/vendor.service.ts\u001b[0m:\u001b[93m92\u001b[0m:\u001b[93m46\u001b[0m - \u001b[91merror\u001b[0m\u001b[90m TS2355: \u001b[0mA function whose declared type is neither 'undefined', 'void', nor 'any' must return a value.\n\n\u001b[7m92\u001b[0m     static async getVendor(user_id: string): Promise<VendorModel[]> {\n\u001b[7m  \u001b[0m \u001b[91m                                             ~~~~~~~~~~~~~~~~~~~~~~\u001b[0m\n\n    at createTSError (/Users/mac/Desktop/NodeJS/sl_back/node_modules/ts-node/src/index.ts:859:12)\n    at reportTSError (/Users/mac/Desktop/NodeJS/sl_back/node_modules/ts-node/src/index.ts:863:19)\n    at getOutput (/Users/mac/Desktop/NodeJS/sl_back/node_modules/ts-node/src/index.ts:1077:36)\n    at Object.compile (/Users/mac/Desktop/NodeJS/sl_back/node_modules/ts-node/src/index.ts:1433:41)\n    at Module.m._compile (/Users/mac/Desktop/NodeJS/sl_back/node_modules/ts-node/src/index.ts:1617:30)\n    at node:internal/modules/cjs/loader:1893:10\n    at Object.require.extensions.<computed> [as .ts] (/Users/mac/Desktop/NodeJS/sl_back/node_modules/ts-node/src/index.ts:1621:12)\n    at Module.load (node:internal/modules/cjs/loader:1480:32)\n    at Module._load (node:internal/modules/cjs/loader:1299:12)\n    at TracingChannel.traceSync (node:diagnostics_channel:328:14)","os":{"loadavg":[3.1611328125,3.228515625,3.55908203125],"uptime":10572},"process":{"argv":["/Users/mac/Desktop/NodeJS/sl_back/node_modules/.bin/ts-node","/Users/mac/Desktop/NodeJS/sl_back/src/server.ts"],"cwd":"/Users/mac/Desktop/NodeJS/sl_back","execPath":"/usr/local/bin/node","gid":20,"memoryUsage":{"arrayBuffers":5146326,"external":8318524,"heapTotal":299208704,"heapUsed":175357952,"rss":374145024},"pid":13555,"uid":501,"version":"v24.11.0"},"stack":"TSError: ⨯ Unable to compile TypeScript:\n\u001b[96msrc/service/vendor.service.ts\u001b[0m:\u001b[93m92\u001b[0m:\u001b[93m46\u001b[0m - \u001b[91merror\u001b[0m\u001b[90m TS2355: \u001b[0mA function whose declared type is neither 'undefined', 'void', nor 'any' must return a value.\n\n\u001b[7m92\u001b[0m     static async getVendor(user_id: string): Promise<VendorModel[]> {\n\u001b[7m  \u001b[0m \u001b[91m                                             ~~~~~~~~~~~~~~~~~~~~~~\u001b[0m\n\n    at createTSError (/Users/mac/Desktop/NodeJS/sl_back/node_modules/ts-node/src/index.ts:859:12)\n    at reportTSError (/Users/mac/Desktop/NodeJS/sl_back/node_modules/ts-node/src/index.ts:863:19)\n    at getOutput (/Users/mac/Desktop/NodeJS/sl_back/node_modules/ts-node/src/index.ts:1077:36)\n    at Object.compile (/Users/mac/Desktop/NodeJS/sl_back/node_modules/ts-node/src/index.ts:1433:41)\n    at Module.m._compile (/Users/mac/Desktop/NodeJS/sl_back/node_modules/ts-node/src/index.ts:1617:30)\n    at node:internal/modules/cjs/loader:1893:10\n    at Object.require.extensions.<computed> [as .ts] (/Users/mac/Desktop/NodeJS/sl_back/node_modules/ts-node/src/index.ts:1621:12)\n    at Module.load (node:internal/modules/cjs/loader:1480:32)\n    at Module._load (node:internal/modules/cjs/loader:1299:12)\n    at TracingChannel.traceSync (node:diagnostics_channel:328:14)","timestamp":"2025-12-04 12:52:31","trace":[{"column":12,"file":"/Users/mac/Desktop/NodeJS/sl_back/node_modules/ts-node/src/index.ts","function":"createTSError","line":859,"method":null,"native":false},{"column":19,"file":"/Users/mac/Desktop/NodeJS/sl_back/node_modules/ts-node/src/index.ts","function":"reportTSError","line":863,"method":null,"native":false},{"column":36,"file":"/Users/mac/Desktop/NodeJS/sl_back/node_modules/ts-node/src/index.ts","function":"getOutput","line":1077,"method":null,"native":false},{"column":41,"file":"/Users/mac/Desktop/NodeJS/sl_back/node_modules/ts-node/src/index.ts","function":"Object.compile","line":1433,"method":"compile","native":false},{"column":30,"file":"/Users/mac/Desktop/NodeJS/sl_back/node_modules/ts-node/src/index.ts","function":"Module.m._compile","line":1617,"method":"_compile","native":false},{"column":10,"file":"node:internal/modules/cjs/loader","function":null,"line":1893,"method":null,"native":false},{"column":12,"file":"/Users/mac/Desktop/NodeJS/sl_back/node_modules/ts-node/src/index.ts","function":"Object.require.extensions.<computed> [as .ts]","line":1621,"method":"ts]","native":false},{"column":32,"file":"node:internal/modules/cjs/loader","function":"Module.load","line":1480,"method":"load","native":false},{"column":12,"file":"node:internal/modules/cjs/loader","function":"Module._load","line":1299,"method":"_load","native":false},{"column":14,"file":"node:diagnostics_channel","function":"TracingChannel.traceSync","line":328,"method":"traceSync","native":false}]}
{"date":"Thu Dec 04 2025 13:07:04 GMT+0530 (India Standard Time)","error":{},"exception":true,"level":"error","message":"uncaughtException: ARRAY is missing type definition for its values.\nError: ARRAY is missing type definition for its values.\n    at Sequelize.normalizeDataType (/Users/mac/Desktop/NodeJS/sl_back/node_modules/sequelize/src/sequelize.js:1307:15)\n    at Sequelize.normalizeAttribute (/Users/mac/Desktop/NodeJS/sl_back/node_modules/sequelize/src/sequelize.js:1324:27)\n    at /Users/mac/Desktop/NodeJS/sl_back/node_modules/sequelize/src/model.js:1043:34\n    at /Users/mac/Desktop/NodeJS/sl_back/node_modules/lodash/lodash.js:13469:38\n    at /Users/mac/Desktop/NodeJS/sl_back/node_modules/lodash/lodash.js:4967:15\n    at baseForOwn (/Users/mac/Desktop/NodeJS/sl_back/node_modules/lodash/lodash.js:3032:24)\n    at lodash.mapValues (/Users/mac/Desktop/NodeJS/sl_back/node_modules/lodash/lodash.js:13468:7)\n    at VendorModel.init (/Users/mac/Desktop/NodeJS/sl_back/node_modules/sequelize/src/model.js:1042:28)\n    at Object.<anonymous> (/Users/mac/Desktop/NodeJS/sl_back/src/models/vendor/vendor.model.ts:71:13)\n    at Module._compile (node:internal/modules/cjs/loader:1760:14)","os":{"loadavg":[2.396484375,2.45654296875,2.90966796875],"uptime":11445},"process":{"argv":["/Users/mac/Desktop/NodeJS/sl_back/node_modules/.bin/ts-node","/Users/mac/Desktop/NodeJS/sl_back/src/server.ts"],"cwd":"/Users/mac/Desktop/NodeJS/sl_back","execPath":"/usr/local/bin/node","gid":20,"memoryUsage":{"arrayBuffers":5165999,"external":8338197,"heapTotal":300048384,"heapUsed":182988616,"rss":375738368},"pid":14914,"uid":501,"version":"v24.11.0"},"stack":"Error: ARRAY is missing type definition for its values.\n    at Sequelize.normalizeDataType (/Users/mac/Desktop/NodeJS/sl_back/node_modules/sequelize/src/sequelize.js:1307:15)\n    at Sequelize.normalizeAttribute (/Users/mac/Desktop/NodeJS/sl_back/node_modules/sequelize/src/sequelize.js:1324:27)\n    at /Users/mac/Desktop/NodeJS/sl_back/node_modules/sequelize/src/model.js:1043:34\n    at /Users/mac/Desktop/NodeJS/sl_back/node_modules/lodash/lodash.js:13469:38\n    at /Users/mac/Desktop/NodeJS/sl_back/node_modules/lodash/lodash.js:4967:15\n    at baseForOwn (/Users/mac/Desktop/NodeJS/sl_back/node_modules/lodash/lodash.js:3032:24)\n    at lodash.mapValues (/Users/mac/Desktop/NodeJS/sl_back/node_modules/lodash/lodash.js:13468:7)\n    at VendorModel.init (/Users/mac/Desktop/NodeJS/sl_back/node_modules/sequelize/src/model.js:1042:28)\n    at Object.<anonymous> (/Users/mac/Desktop/NodeJS/sl_back/src/models/vendor/vendor.model.ts:71:13)\n    at Module._compile (node:internal/modules/cjs/loader:1760:14)","timestamp":"2025-12-04 13:07:04","trace":[{"column":15,"file":"/Users/mac/Desktop/NodeJS/sl_back/node_modules/sequelize/src/sequelize.js","function":"Sequelize.normalizeDataType","line":1307,"method":"normalizeDataType","native":false},{"column":27,"file":"/Users/mac/Desktop/NodeJS/sl_back/node_modules/sequelize/src/sequelize.js","function":"Sequelize.normalizeAttribute","line":1324,"method":"normalizeAttribute","native":false},{"column":34,"file":"/Users/mac/Desktop/NodeJS/sl_back/node_modules/sequelize/src/model.js","function":null,"line":1043,"method":null,"native":false},{"column":38,"file":"/Users/mac/Desktop/NodeJS/sl_back/node_modules/lodash/lodash.js","function":null,"line":13469,"method":null,"native":false},{"column":15,"file":"/Users/mac/Desktop/NodeJS/sl_back/node_modules/lodash/lodash.js","function":null,"line":4967,"method":null,"native":false},{"column":24,"file":"/Users/mac/Desktop/NodeJS/sl_back/node_modules/lodash/lodash.js","function":"baseForOwn","line":3032,"method":null,"native":false},{"column":7,"file":"/Users/mac/Desktop/NodeJS/sl_back/node_modules/lodash/lodash.js","function":"lodash.mapValues","line":13468,"method":"mapValues","native":false},{"column":28,"file":"/Users/mac/Desktop/NodeJS/sl_back/node_modules/sequelize/src/model.js","function":"VendorModel.init","line":1042,"method":"init","native":false},{"column":13,"file":"/Users/mac/Desktop/NodeJS/sl_back/src/models/vendor/vendor.model.ts","function":null,"line":71,"method":null,"native":false},{"column":14,"file":"node:internal/modules/cjs/loader","function":"Module._compile","line":1760,"method":"_compile","native":false}]}
{"date":"Thu Dec 04 2025 13:07:41 GMT+0530 (India Standard Time)","error":{"diagnosticCodes":[2440,2552]},"exception":true,"level":"error","message":"uncaughtException: ⨯ Unable to compile TypeScript:\n\u001b[96msrc/models/vendor/vendor.model.ts\u001b[0m:\u001b[93m4\u001b[0m:\u001b[93m10\u001b[0m - \u001b[91merror\u001b[0m\u001b[90m TS2440: \u001b[0mImport declaration conflicts with local declaration of 'VendorService'.\n\n\u001b[7m4\u001b[0m import { VendorService } from \"../../service/vendor.service\";\n\u001b[7m \u001b[0m \u001b[91m         ~~~~~~~~~~~~~\u001b[0m\n\u001b[96msrc/models/vendor/vendor.model.ts\u001b[0m:\u001b[93m65\u001b[0m:\u001b[93m16\u001b[0m - \u001b[91merror\u001b[0m\u001b[90m TS2552: \u001b[0mCannot find name 'VendorServices'. Did you mean 'VendorService'?\n\n\u001b[7m65\u001b[0m     services!: VendorServices\n\u001b[7m  \u001b[0m \u001b[91m               ~~~~~~~~~~~~~~\u001b[0m\n\nTSError: ⨯ Unable to compile TypeScript:\n\u001b[96msrc/models/vendor/vendor.model.ts\u001b[0m:\u001b[93m4\u001b[0m:\u001b[93m10\u001b[0m - \u001b[91merror\u001b[0m\u001b[90m TS2440: \u001b[0mImport declaration conflicts with local declaration of 'VendorService'.\n\n\u001b[7m4\u001b[0m import { VendorService } from \"../../service/vendor.service\";\n\u001b[7m \u001b[0m \u001b[91m         ~~~~~~~~~~~~~\u001b[0m\n\u001b[96msrc/models/vendor/vendor.model.ts\u001b[0m:\u001b[93m65\u001b[0m:\u001b[93m16\u001b[0m - \u001b[91merror\u001b[0m\u001b[90m TS2552: \u001b[0mCannot find name 'VendorServices'. Did you mean 'VendorService'?\n\n\u001b[7m65\u001b[0m     services!: VendorServices\n\u001b[7m  \u001b[0m \u001b[91m               ~~~~~~~~~~~~~~\u001b[0m\n\n    at createTSError (/Users/mac/Desktop/NodeJS/sl_back/node_modules/ts-node/src/index.ts:859:12)\n    at reportTSError (/Users/mac/Desktop/NodeJS/sl_back/node_modules/ts-node/src/index.ts:863:19)\n    at getOutput (/Users/mac/Desktop/NodeJS/sl_back/node_modules/ts-node/src/index.ts:1077:36)\n    at Object.compile (/Users/mac/Desktop/NodeJS/sl_back/node_modules/ts-node/src/index.ts:1433:41)\n    at Module.m._compile (/Users/mac/Desktop/NodeJS/sl_back/node_modules/ts-node/src/index.ts:1617:30)\n    at node:internal/modules/cjs/loader:1893:10\n    at Object.require.extensions.<computed> [as .ts] (/Users/mac/Desktop/NodeJS/sl_back/node_modules/ts-node/src/index.ts:1621:12)\n    at Module.load (node:internal/modules/cjs/loader:1480:32)\n    at Module._load (node:internal/modules/cjs/loader:1299:12)\n    at TracingChannel.traceSync (node:diagnostics_channel:328:14)","os":{"loadavg":[3.05419921875,2.62255859375,2.951171875],"uptime":11482},"process":{"argv":["/Users/mac/Desktop/NodeJS/sl_back/node_modules/.bin/ts-node","/Users/mac/Desktop/NodeJS/sl_back/src/server.ts"],"cwd":"/Users/mac/Desktop/NodeJS/sl_back","execPath":"/usr/local/bin/node","gid":20,"memoryUsage":{"arrayBuffers":5157297,"external":8329495,"heapTotal":301043712,"heapUsed":181279936,"rss":384528384},"pid":14957,"uid":501,"version":"v24.11.0"},"stack":"TSError: ⨯ Unable to compile TypeScript:\n\u001b[96msrc/models/vendor/vendor.model.ts\u001b[0m:\u001b[93m4\u001b[0m:\u001b[93m10\u001b[0m - \u001b[91merror\u001b[0m\u001b[90m TS2440: \u001b[0mImport declaration conflicts with local declaration of 'VendorService'.\n\n\u001b[7m4\u001b[0m import { VendorService } from \"../../service/vendor.service\";\n\u001b[7m \u001b[0m \u001b[91m         ~~~~~~~~~~~~~\u001b[0m\n\u001b[96msrc/models/vendor/vendor.model.ts\u001b[0m:\u001b[93m65\u001b[0m:\u001b[93m16\u001b[0m - \u001b[91merror\u001b[0m\u001b[90m TS2552: \u001b[0mCannot find name 'VendorServices'. Did you mean 'VendorService'?\n\n\u001b[7m65\u001b[0m     services!: VendorServices\n\u001b[7m  \u001b[0m \u001b[91m               ~~~~~~~~~~~~~~\u001b[0m\n\n    at createTSError (/Users/mac/Desktop/NodeJS/sl_back/node_modules/ts-node/src/index.ts:859:12)\n    at reportTSError (/Users/mac/Desktop/NodeJS/sl_back/node_modules/ts-node/src/index.ts:863:19)\n    at getOutput (/Users/mac/Desktop/NodeJS/sl_back/node_modules/ts-node/src/index.ts:1077:36)\n    at Object.compile (/Users/mac/Desktop/NodeJS/sl_back/node_modules/ts-node/src/index.ts:1433:41)\n    at Module.m._compile (/Users/mac/Desktop/NodeJS/sl_back/node_modules/ts-node/src/index.ts:1617:30)\n    at node:internal/modules/cjs/loader:1893:10\n    at Object.require.extensions.<computed> [as .ts] (/Users/mac/Desktop/NodeJS/sl_back/node_modules/ts-node/src/index.ts:1621:12)\n    at Module.load (node:internal/modules/cjs/loader:1480:32)\n    at Module._load (node:internal/modules/cjs/loader:1299:12)\n    at TracingChannel.traceSync (node:diagnostics_channel:328:14)","timestamp":"2025-12-04 13:07:41","trace":[{"column":12,"file":"/Users/mac/Desktop/NodeJS/sl_back/node_modules/ts-node/src/index.ts","function":"createTSError","line":859,"method":null,"native":false},{"column":19,"file":"/Users/mac/Desktop/NodeJS/sl_back/node_modules/ts-node/src/index.ts","function":"reportTSError","line":863,"method":null,"native":false},{"column":36,"file":"/Users/mac/Desktop/NodeJS/sl_back/node_modules/ts-node/src/index.ts","function":"getOutput","line":1077,"method":null,"native":false},{"column":41,"file":"/Users/mac/Desktop/NodeJS/sl_back/node_modules/ts-node/src/index.ts","function":"Object.compile","line":1433,"method":"compile","native":false},{"column":30,"file":"/Users/mac/Desktop/NodeJS/sl_back/node_modules/ts-node/src/index.ts","function":"Module.m._compile","line":1617,"method":"_compile","native":false},{"column":10,"file":"node:internal/modules/cjs/loader","function":null,"line":1893,"method":null,"native":false},{"column":12,"file":"/Users/mac/Desktop/NodeJS/sl_back/node_modules/ts-node/src/index.ts","function":"Object.require.extensions.<computed> [as .ts]","line":1621,"method":"ts]","native":false},{"column":32,"file":"node:internal/modules/cjs/loader","function":"Module.load","line":1480,"method":"load","native":false},{"column":12,"file":"node:internal/modules/cjs/loader","function":"Module._load","line":1299,"method":"_load","native":false},{"column":14,"file":"node:diagnostics_channel","function":"TracingChannel.traceSync","line":328,"method":"traceSync","native":false}]}
{"date":"Thu Dec 04 2025 13:07:46 GMT+0530 (India Standard Time)","error":{},"exception":true,"level":"error","message":"uncaughtException: ARRAY is missing type definition for its values.\nError: ARRAY is missing type definition for its values.\n    at Sequelize.normalizeDataType (/Users/mac/Desktop/NodeJS/sl_back/node_modules/sequelize/src/sequelize.js:1307:15)\n    at Sequelize.normalizeAttribute (/Users/mac/Desktop/NodeJS/sl_back/node_modules/sequelize/src/sequelize.js:1324:27)\n    at /Users/mac/Desktop/NodeJS/sl_back/node_modules/sequelize/src/model.js:1043:34\n    at /Users/mac/Desktop/NodeJS/sl_back/node_modules/lodash/lodash.js:13469:38\n    at /Users/mac/Desktop/NodeJS/sl_back/node_modules/lodash/lodash.js:4967:15\n    at baseForOwn (/Users/mac/Desktop/NodeJS/sl_back/node_modules/lodash/lodash.js:3032:24)\n    at lodash.mapValues (/Users/mac/Desktop/NodeJS/sl_back/node_modules/lodash/lodash.js:13468:7)\n    at VendorModel.init (/Users/mac/Desktop/NodeJS/sl_back/node_modules/sequelize/src/model.js:1042:28)\n    at Object.<anonymous> (/Users/mac/Desktop/NodeJS/sl_back/src/models/vendor/vendor.model.ts:71:13)\n    at Module._compile (node:internal/modules/cjs/loader:1760:14)","os":{"loadavg":[3.0498046875,2.62841796875,2.951171875],"uptime":11487},"process":{"argv":["/Users/mac/Desktop/NodeJS/sl_back/node_modules/.bin/ts-node","/Users/mac/Desktop/NodeJS/sl_back/src/server.ts"],"cwd":"/Users/mac/Desktop/NodeJS/sl_back","execPath":"/usr/local/bin/node","gid":20,"memoryUsage":{"arrayBuffers":5166233,"external":8338431,"heapTotal":300572672,"heapUsed":182796888,"rss":382365696},"pid":15009,"uid":501,"version":"v24.11.0"},"stack":"Error: ARRAY is missing type definition for its values.\n    at Sequelize.normalizeDataType (/Users/mac/Desktop/NodeJS/sl_back/node_modules/sequelize/src/sequelize.js:1307:15)\n    at Sequelize.normalizeAttribute (/Users/mac/Desktop/NodeJS/sl_back/node_modules/sequelize/src/sequelize.js:1324:27)\n    at /Users/mac/Desktop/NodeJS/sl_back/node_modules/sequelize/src/model.js:1043:34\n    at /Users/mac/Desktop/NodeJS/sl_back/node_modules/lodash/lodash.js:13469:38\n    at /Users/mac/Desktop/NodeJS/sl_back/node_modules/lodash/lodash.js:4967:15\n    at baseForOwn (/Users/mac/Desktop/NodeJS/sl_back/node_modules/lodash/lodash.js:3032:24)\n    at lodash.mapValues (/Users/mac/Desktop/NodeJS/sl_back/node_modules/lodash/lodash.js:13468:7)\n    at VendorModel.init (/Users/mac/Desktop/NodeJS/sl_back/node_modules/sequelize/src/model.js:1042:28)\n    at Object.<anonymous> (/Users/mac/Desktop/NodeJS/sl_back/src/models/vendor/vendor.model.ts:71:13)\n    at Module._compile (node:internal/modules/cjs/loader:1760:14)","timestamp":"2025-12-04 13:07:46","trace":[{"column":15,"file":"/Users/mac/Desktop/NodeJS/sl_back/node_modules/sequelize/src/sequelize.js","function":"Sequelize.normalizeDataType","line":1307,"method":"normalizeDataType","native":false},{"column":27,"file":"/Users/mac/Desktop/NodeJS/sl_back/node_modules/sequelize/src/sequelize.js","function":"Sequelize.normalizeAttribute","line":1324,"method":"normalizeAttribute","native":false},{"column":34,"file":"/Users/mac/Desktop/NodeJS/sl_back/node_modules/sequelize/src/model.js","function":null,"line":1043,"method":null,"native":false},{"column":38,"file":"/Users/mac/Desktop/NodeJS/sl_back/node_modules/lodash/lodash.js","function":null,"line":13469,"method":null,"native":false},{"column":15,"file":"/Users/mac/Desktop/NodeJS/sl_back/node_modules/lodash/lodash.js","function":null,"line":4967,"method":null,"native":false},{"column":24,"file":"/Users/mac/Desktop/NodeJS/sl_back/node_modules/lodash/lodash.js","function":"baseForOwn","line":3032,"method":null,"native":false},{"column":7,"file":"/Users/mac/Desktop/NodeJS/sl_back/node_modules/lodash/lodash.js","function":"lodash.mapValues","line":13468,"method":"mapValues","native":false},{"column":28,"file":"/Users/mac/Desktop/NodeJS/sl_back/node_modules/sequelize/src/model.js","function":"VendorModel.init","line":1042,"method":"init","native":false},{"column":13,"file":"/Users/mac/Desktop/NodeJS/sl_back/src/models/vendor/vendor.model.ts","function":null,"line":71,"method":null,"native":false},{"column":14,"file":"node:internal/modules/cjs/loader","function":"Module._compile","line":1760,"method":"_compile","native":false}]}
{"date":"Thu Dec 04 2025 13:19:47 GMT+0530 (India Standard Time)","error":{"diagnosticCodes":[2304]},"exception":true,"level":"error","message":"uncaughtException: ⨯ Unable to compile TypeScript:\n\u001b[96msrc/service/vendor.service.ts\u001b[0m:\u001b[93m65\u001b[0m:\u001b[93m41\u001b[0m - \u001b[91merror\u001b[0m\u001b[90m TS2304: \u001b[0mCannot find name 'services'.\n\n\u001b[7m65\u001b[0m         await vendor.update({ services: services })\n\u001b[7m  \u001b[0m \u001b[91m                                        ~~~~~~~~\u001b[0m\n\nTSError: ⨯ Unable to compile TypeScript:\n\u001b[96msrc/service/vendor.service.ts\u001b[0m:\u001b[93m65\u001b[0m:\u001b[93m41\u001b[0m - \u001b[91merror\u001b[0m\u001b[90m TS2304: \u001b[0mCannot find name 'services'.\n\n\u001b[7m65\u001b[0m         await vendor.update({ services: services })\n\u001b[7m  \u001b[0m \u001b[91m                                        ~~~~~~~~\u001b[0m\n\n    at createTSError (/Users/mac/Desktop/NodeJS/sl_back/node_modules/ts-node/src/index.ts:859:12)\n    at reportTSError (/Users/mac/Desktop/NodeJS/sl_back/node_modules/ts-node/src/index.ts:863:19)\n    at getOutput (/Users/mac/Desktop/NodeJS/sl_back/node_modules/ts-node/src/index.ts:1077:36)\n    at Object.compile (/Users/mac/Desktop/NodeJS/sl_back/node_modules/ts-node/src/index.ts:1433:41)\n    at Module.m._compile (/Users/mac/Desktop/NodeJS/sl_back/node_modules/ts-node/src/index.ts:1617:30)\n    at node:internal/modules/cjs/loader:1893:10\n    at Object.require.extensions.<computed> [as .ts] (/Users/mac/Desktop/NodeJS/sl_back/node_modules/ts-node/src/index.ts:1621:12)\n    at Module.load (node:internal/modules/cjs/loader:1480:32)\n    at Module._load (node:internal/modules/cjs/loader:1299:12)\n    at TracingChannel.traceSync (node:diagnostics_channel:328:14)","os":{"loadavg":[2.8759765625,3.0634765625,3.05810546875],"uptime":12208},"process":{"argv":["/Users/mac/Desktop/NodeJS/sl_back/node_modules/.bin/ts-node","/Users/mac/Desktop/NodeJS/sl_back/src/server.ts"],"cwd":"/Users/mac/Desktop/NodeJS/sl_back","execPath":"/usr/local/bin/node","gid":20,"memoryUsage":{"arrayBuffers":5244571,"external":8417834,"heapTotal":302092288,"heapUsed":188621088,"rss":376369152},"pid":15810,"uid":501,"version":"v24.11.0"},"stack":"TSError: ⨯ Unable to compile TypeScript:\n\u001b[96msrc/service/vendor.service.ts\u001b[0m:\u001b[93m65\u001b[0m:\u001b[93m41\u001b[0m - \u001b[91merror\u001b[0m\u001b[90m TS2304: \u001b[0mCannot find name 'services'.\n\n\u001b[7m65\u001b[0m         await vendor.update({ services: services })\n\u001b[7m  \u001b[0m \u001b[91m                                        ~~~~~~~~\u001b[0m\n\n    at createTSError (/Users/mac/Desktop/NodeJS/sl_back/node_modules/ts-node/src/index.ts:859:12)\n    at reportTSError (/Users/mac/Desktop/NodeJS/sl_back/node_modules/ts-node/src/index.ts:863:19)\n    at getOutput (/Users/mac/Desktop/NodeJS/sl_back/node_modules/ts-node/src/index.ts:1077:36)\n    at Object.compile (/Users/mac/Desktop/NodeJS/sl_back/node_modules/ts-node/src/index.ts:1433:41)\n    at Module.m._compile (/Users/mac/Desktop/NodeJS/sl_back/node_modules/ts-node/src/index.ts:1617:30)\n    at node:internal/modules/cjs/loader:1893:10\n    at Object.require.extensions.<computed> [as .ts] (/Users/mac/Desktop/NodeJS/sl_back/node_modules/ts-node/src/index.ts:1621:12)\n    at Module.load (node:internal/modules/cjs/loader:1480:32)\n    at Module._load (node:internal/modules/cjs/loader:1299:12)\n    at TracingChannel.traceSync (node:diagnostics_channel:328:14)","timestamp":"2025-12-04 13:19:47","trace":[{"column":12,"file":"/Users/mac/Desktop/NodeJS/sl_back/node_modules/ts-node/src/index.ts","function":"createTSError","line":859,"method":null,"native":false},{"column":19,"file":"/Users/mac/Desktop/NodeJS/sl_back/node_modules/ts-node/src/index.ts","function":"reportTSError","line":863,"method":null,"native":false},{"column":36,"file":"/Users/mac/Desktop/NodeJS/sl_back/node_modules/ts-node/src/index.ts","function":"getOutput","line":1077,"method":null,"native":false},{"column":41,"file":"/Users/mac/Desktop/NodeJS/sl_back/node_modules/ts-node/src/index.ts","function":"Object.compile","line":1433,"method":"compile","native":false},{"column":30,"file":"/Users/mac/Desktop/NodeJS/sl_back/node_modules/ts-node/src/index.ts","function":"Module.m._compile","line":1617,"method":"_compile","native":false},{"column":10,"file":"node:internal/modules/cjs/loader","function":null,"line":1893,"method":null,"native":false},{"column":12,"file":"/Users/mac/Desktop/NodeJS/sl_back/node_modules/ts-node/src/index.ts","function":"Object.require.extensions.<computed> [as .ts]","line":1621,"method":"ts]","native":false},{"column":32,"file":"node:internal/modules/cjs/loader","function":"Module.load","line":1480,"method":"load","native":false},{"column":12,"file":"node:internal/modules/cjs/loader","function":"Module._load","line":1299,"method":"_load","native":false},{"column":14,"file":"node:diagnostics_channel","function":"TracingChannel.traceSync","line":328,"method":"traceSync","native":false}]}
{"date":"Thu Dec 04 2025 13:23:00 GMT+0530 (India Standard Time)","error":{"diagnosticCodes":[2724]},"exception":true,"level":"error","message":"uncaughtException: ⨯ Unable to compile TypeScript:\n\u001b[96msrc/controllers/vendor.controller.ts\u001b[0m:\u001b[93m3\u001b[0m:\u001b[93m87\u001b[0m - \u001b[91merror\u001b[0m\u001b[90m TS2724: \u001b[0m'\"../schema/vendor/vendor_schema\"' has no exported member named 'VendorServicesSchemsa'. Did you mean 'VendorServicesUpdateSchema'?\n\n\u001b[7m3\u001b[0m import { VendorBankDetailSchema, VendorKYCDetailsSchema, VendorLocationDetailsSchema, VendorServicesSchemsa, VendorShopDetailsSchema } from \"../schema/vendor/vendor_schema\";\n\u001b[7m \u001b[0m \u001b[91m                                                                                      ~~~~~~~~~~~~~~~~~~~~~\u001b[0m\n\n  \u001b[96msrc/schema/vendor/vendor_schema.ts\u001b[0m:\u001b[93m88\u001b[0m:\u001b[93m14\u001b[0m\n    \u001b[7m88\u001b[0m export const VendorServicesUpdateSchema = z.object({\n    \u001b[7m  \u001b[0m \u001b[96m             ~~~~~~~~~~~~~~~~~~~~~~~~~~\u001b[0m\n    'VendorServicesUpdateSchema' is declared here.\n\nTSError: ⨯ Unable to compile TypeScript:\n\u001b[96msrc/controllers/vendor.controller.ts\u001b[0m:\u001b[93m3\u001b[0m:\u001b[93m87\u001b[0m - \u001b[91merror\u001b[0m\u001b[90m TS2724: \u001b[0m'\"../schema/vendor/vendor_schema\"' has no exported member named 'VendorServicesSchemsa'. Did you mean 'VendorServicesUpdateSchema'?\n\n\u001b[7m3\u001b[0m import { VendorBankDetailSchema, VendorKYCDetailsSchema, VendorLocationDetailsSchema, VendorServicesSchemsa, VendorShopDetailsSchema } from \"../schema/vendor/vendor_schema\";\n\u001b[7m \u001b[0m \u001b[91m                                                                                      ~~~~~~~~~~~~~~~~~~~~~\u001b[0m\n\n  \u001b[96msrc/schema/vendor/vendor_schema.ts\u001b[0m:\u001b[93m88\u001b[0m:\u001b[93m14\u001b[0m\n    \u001b[7m88\u001b[0m export const VendorServicesUpdateSchema = z.object({\n    \u001b[7m  \u001b[0m \u001b[96m             ~~~~~~~~~~~~~~~~~~~~~~~~~~\u001b[0m\n    'VendorServicesUpdateSchema' is declared here.\n\n    at createTSError (/Users/mac/Desktop/NodeJS/sl_back/node_modules/ts-node/src/index.ts:859:12)\n    at reportTSError (/Users/mac/Desktop/NodeJS/sl_back/node_modules/ts-node/src/index.ts:863:19)\n    at getOutput (/Users/mac/Desktop/NodeJS/sl_back/node_modules/ts-node/src/index.ts:1077:36)\n    at Object.compile (/Users/mac/Desktop/NodeJS/sl_back/node_modules/ts-node/src/index.ts:1433:41)\n    at Module.m._compile (/Users/mac/Desktop/NodeJS/sl_back/node_modules/ts-node/src/index.ts:1617:30)\n    at node:internal/modules/cjs/loader:1893:10\n    at Object.require.extensions.<computed> [as .ts] (/Users/mac/Desktop/NodeJS/sl_back/node_modules/ts-node/src/index.ts:1621:12)\n    at Module.load (node:internal/modules/cjs/loader:1480:32)\n    at Module._load (node:internal/modules/cjs/loader:1299:12)\n    at TracingChannel.traceSync (node:diagnostics_channel:328:14)","os":{"loadavg":[2.7099609375,3.0625,3.06494140625],"uptime":12401},"process":{"argv":["/Users/mac/Desktop/NodeJS/sl_back/node_modules/.bin/ts-node","/Users/mac/Desktop/NodeJS/sl_back/src/server.ts"],"cwd":"/Users/mac/Desktop/NodeJS/sl_back","execPath":"/usr/local/bin/node","gid":20,"memoryUsage":{"arrayBuffers":5138615,"external":8343936,"heapTotal":298946560,"heapUsed":173839056,"rss":374796288},"pid":16142,"uid":501,"version":"v24.11.0"},"stack":"TSError: ⨯ Unable to compile TypeScript:\n\u001b[96msrc/controllers/vendor.controller.ts\u001b[0m:\u001b[93m3\u001b[0m:\u001b[93m87\u001b[0m - \u001b[91merror\u001b[0m\u001b[90m TS2724: \u001b[0m'\"../schema/vendor/vendor_schema\"' has no exported member named 'VendorServicesSchemsa'. Did you mean 'VendorServicesUpdateSchema'?\n\n\u001b[7m3\u001b[0m import { VendorBankDetailSchema, VendorKYCDetailsSchema, VendorLocationDetailsSchema, VendorServicesSchemsa, VendorShopDetailsSchema } from \"../schema/vendor/vendor_schema\";\n\u001b[7m \u001b[0m \u001b[91m                                                                                      ~~~~~~~~~~~~~~~~~~~~~\u001b[0m\n\n  \u001b[96msrc/schema/vendor/vendor_schema.ts\u001b[0m:\u001b[93m88\u001b[0m:\u001b[93m14\u001b[0m\n    \u001b[7m88\u001b[0m export const VendorServicesUpdateSchema = z.object({\n    \u001b[7m  \u001b[0m \u001b[96m             ~~~~~~~~~~~~~~~~~~~~~~~~~~\u001b[0m\n    'VendorServicesUpdateSchema' is declared here.\n\n    at createTSError (/Users/mac/Desktop/NodeJS/sl_back/node_modules/ts-node/src/index.ts:859:12)\n    at reportTSError (/Users/mac/Desktop/NodeJS/sl_back/node_modules/ts-node/src/index.ts:863:19)\n    at getOutput (/Users/mac/Desktop/NodeJS/sl_back/node_modules/ts-node/src/index.ts:1077:36)\n    at Object.compile (/Users/mac/Desktop/NodeJS/sl_back/node_modules/ts-node/src/index.ts:1433:41)\n    at Module.m._compile (/Users/mac/Desktop/NodeJS/sl_back/node_modules/ts-node/src/index.ts:1617:30)\n    at node:internal/modules/cjs/loader:1893:10\n    at Object.require.extensions.<computed> [as .ts] (/Users/mac/Desktop/NodeJS/sl_back/node_modules/ts-node/src/index.ts:1621:12)\n    at Module.load (node:internal/modules/cjs/loader:1480:32)\n    at Module._load (node:internal/modules/cjs/loader:1299:12)\n    at TracingChannel.traceSync (node:diagnostics_channel:328:14)","timestamp":"2025-12-04 13:23:00","trace":[{"column":12,"file":"/Users/mac/Desktop/NodeJS/sl_back/node_modules/ts-node/src/index.ts","function":"createTSError","line":859,"method":null,"native":false},{"column":19,"file":"/Users/mac/Desktop/NodeJS/sl_back/node_modules/ts-node/src/index.ts","function":"reportTSError","line":863,"method":null,"native":false},{"column":36,"file":"/Users/mac/Desktop/NodeJS/sl_back/node_modules/ts-node/src/index.ts","function":"getOutput","line":1077,"method":null,"native":false},{"column":41,"file":"/Users/mac/Desktop/NodeJS/sl_back/node_modules/ts-node/src/index.ts","function":"Object.compile","line":1433,"method":"compile","native":false},{"column":30,"file":"/Users/mac/Desktop/NodeJS/sl_back/node_modules/ts-node/src/index.ts","function":"Module.m._compile","line":1617,"method":"_compile","native":false},{"column":10,"file":"node:internal/modules/cjs/loader","function":null,"line":1893,"method":null,"native":false},{"column":12,"file":"/Users/mac/Desktop/NodeJS/sl_back/node_modules/ts-node/src/index.ts","function":"Object.require.extensions.<computed> [as .ts]","line":1621,"method":"ts]","native":false},{"column":32,"file":"node:internal/modules/cjs/loader","function":"Module.load","line":1480,"method":"load","native":false},{"column":12,"file":"node:internal/modules/cjs/loader","function":"Module._load","line":1299,"method":"_load","native":false},{"column":14,"file":"node:diagnostics_channel","function":"TracingChannel.traceSync","line":328,"method":"traceSync","native":false}]}
{"date":"Thu Dec 04 2025 13:23:09 GMT+0530 (India Standard Time)","error":{"diagnosticCodes":[2724]},"exception":true,"level":"error","message":"uncaughtException: ⨯ Unable to compile TypeScript:\n\u001b[96msrc/controllers/vendor.controller.ts\u001b[0m:\u001b[93m3\u001b[0m:\u001b[93m87\u001b[0m - \u001b[91merror\u001b[0m\u001b[90m TS2724: \u001b[0m'\"../schema/vendor/vendor_schema\"' has no exported member named 'VendorServicesSchemsa'. Did you mean 'VendorServicesUpdateSchema'?\n\n\u001b[7m3\u001b[0m import { VendorBankDetailSchema, VendorKYCDetailsSchema, VendorLocationDetailsSchema, VendorServicesSchemsa, VendorServicesUpdateSchema, VendorShopDetailsSchema } from \"../schema/vendor/vendor_schema\";\n\u001b[7m \u001b[0m \u001b[91m                                                                                      ~~~~~~~~~~~~~~~~~~~~~\u001b[0m\n\n  \u001b[96msrc/schema/vendor/vendor_schema.ts\u001b[0m:\u001b[93m88\u001b[0m:\u001b[93m14\u001b[0m\n    \u001b[7m88\u001b[0m export const VendorServicesUpdateSchema = z.object({\n    \u001b[7m  \u001b[0m \u001b[96m             ~~~~~~~~~~~~~~~~~~~~~~~~~~\u001b[0m\n    'VendorServicesUpdateSchema' is declared here.\n\nTSError: ⨯ Unable to compile TypeScript:\n\u001b[96msrc/controllers/vendor.controller.ts\u001b[0m:\u001b[93m3\u001b[0m:\u001b[93m87\u001b[0m - \u001b[91merror\u001b[0m\u001b[90m TS2724: \u001b[0m'\"../schema/vendor/vendor_schema\"' has no exported member named 'VendorServicesSchemsa'. Did you mean 'VendorServicesUpdateSchema'?\n\n\u001b[7m3\u001b[0m import { VendorBankDetailSchema, VendorKYCDetailsSchema, VendorLocationDetailsSchema, VendorServicesSchemsa, VendorServicesUpdateSchema, VendorShopDetailsSchema } from \"../schema/vendor/vendor_schema\";\n\u001b[7m \u001b[0m \u001b[91m                                                                                      ~~~~~~~~~~~~~~~~~~~~~\u001b[0m\n\n  \u001b[96msrc/schema/vendor/vendor_schema.ts\u001b[0m:\u001b[93m88\u001b[0m:\u001b[93m14\u001b[0m\n    \u001b[7m88\u001b[0m export const VendorServicesUpdateSchema = z.object({\n    \u001b[7m  \u001b[0m \u001b[96m             ~~~~~~~~~~~~~~~~~~~~~~~~~~\u001b[0m\n    'VendorServicesUpdateSchema' is declared here.\n\n    at createTSError (/Users/mac/Desktop/NodeJS/sl_back/node_modules/ts-node/src/index.ts:859:12)\n    at reportTSError (/Users/mac/Desktop/NodeJS/sl_back/node_modules/ts-node/src/index.ts:863:19)\n    at getOutput (/Users/mac/Desktop/NodeJS/sl_back/node_modules/ts-node/src/index.ts:1077:36)\n    at Object.compile (/Users/mac/Desktop/NodeJS/sl_back/node_modules/ts-node/src/index.ts:1433:41)\n    at Module.m._compile (/Users/mac/Desktop/NodeJS/sl_back/node_modules/ts-node/src/index.ts:1617:30)\n    at node:internal/modules/cjs/loader:1893:10\n    at Object.require.extensions.<computed> [as .ts] (/Users/mac/Desktop/NodeJS/sl_back/node_modules/ts-node/src/index.ts:1621:12)\n    at Module.load (node:internal/modules/cjs/loader:1480:32)\n    at Module._load (node:internal/modules/cjs/loader:1299:12)\n    at TracingChannel.traceSync (node:diagnostics_channel:328:14)","os":{"loadavg":[2.89306640625,3.09423828125,3.076171875],"uptime":12410},"process":{"argv":["/Users/mac/Desktop/NodeJS/sl_back/node_modules/.bin/ts-node","/Users/mac/Desktop/NodeJS/sl_back/src/server.ts"],"cwd":"/Users/mac/Desktop/NodeJS/sl_back","execPath":"/usr/local/bin/node","gid":20,"memoryUsage":{"arrayBuffers":5138503,"external":8343824,"heapTotal":302092288,"heapUsed":176071272,"rss":379588608},"pid":16235,"uid":501,"version":"v24.11.0"},"stack":"TSError: ⨯ Unable to compile TypeScript:\n\u001b[96msrc/controllers/vendor.controller.ts\u001b[0m:\u001b[93m3\u001b[0m:\u001b[93m87\u001b[0m - \u001b[91merror\u001b[0m\u001b[90m TS2724: \u001b[0m'\"../schema/vendor/vendor_schema\"' has no exported member named 'VendorServicesSchemsa'. Did you mean 'VendorServicesUpdateSchema'?\n\n\u001b[7m3\u001b[0m import { VendorBankDetailSchema, VendorKYCDetailsSchema, VendorLocationDetailsSchema, VendorServicesSchemsa, VendorServicesUpdateSchema, VendorShopDetailsSchema } from \"../schema/vendor/vendor_schema\";\n\u001b[7m \u001b[0m \u001b[91m                                                                                      ~~~~~~~~~~~~~~~~~~~~~\u001b[0m\n\n  \u001b[96msrc/schema/vendor/vendor_schema.ts\u001b[0m:\u001b[93m88\u001b[0m:\u001b[93m14\u001b[0m\n    \u001b[7m88\u001b[0m export const VendorServicesUpdateSchema = z.object({\n    \u001b[7m  \u001b[0m \u001b[96m             ~~~~~~~~~~~~~~~~~~~~~~~~~~\u001b[0m\n    'VendorServicesUpdateSchema' is declared here.\n\n    at createTSError (/Users/mac/Desktop/NodeJS/sl_back/node_modules/ts-node/src/index.ts:859:12)\n    at reportTSError (/Users/mac/Desktop/NodeJS/sl_back/node_modules/ts-node/src/index.ts:863:19)\n    at getOutput (/Users/mac/Desktop/NodeJS/sl_back/node_modules/ts-node/src/index.ts:1077:36)\n    at Object.compile (/Users/mac/Desktop/NodeJS/sl_back/node_modules/ts-node/src/index.ts:1433:41)\n    at Module.m._compile (/Users/mac/Desktop/NodeJS/sl_back/node_modules/ts-node/src/index.ts:1617:30)\n    at node:internal/modules/cjs/loader:1893:10\n    at Object.require.extensions.<computed> [as .ts] (/Users/mac/Desktop/NodeJS/sl_back/node_modules/ts-node/src/index.ts:1621:12)\n    at Module.load (node:internal/modules/cjs/loader:1480:32)\n    at Module._load (node:internal/modules/cjs/loader:1299:12)\n    at TracingChannel.traceSync (node:diagnostics_channel:328:14)","timestamp":"2025-12-04 13:23:09","trace":[{"column":12,"file":"/Users/mac/Desktop/NodeJS/sl_back/node_modules/ts-node/src/index.ts","function":"createTSError","line":859,"method":null,"native":false},{"column":19,"file":"/Users/mac/Desktop/NodeJS/sl_back/node_modules/ts-node/src/index.ts","function":"reportTSError","line":863,"method":null,"native":false},{"column":36,"file":"/Users/mac/Desktop/NodeJS/sl_back/node_modules/ts-node/src/index.ts","function":"getOutput","line":1077,"method":null,"native":false},{"column":41,"file":"/Users/mac/Desktop/NodeJS/sl_back/node_modules/ts-node/src/index.ts","function":"Object.compile","line":1433,"method":"compile","native":false},{"column":30,"file":"/Users/mac/Desktop/NodeJS/sl_back/node_modules/ts-node/src/index.ts","function":"Module.m._compile","line":1617,"method":"_compile","native":false},{"column":10,"file":"node:internal/modules/cjs/loader","function":null,"line":1893,"method":null,"native":false},{"column":12,"file":"/Users/mac/Desktop/NodeJS/sl_back/node_modules/ts-node/src/index.ts","function":"Object.require.extensions.<computed> [as .ts]","line":1621,"method":"ts]","native":false},{"column":32,"file":"node:internal/modules/cjs/loader","function":"Module.load","line":1480,"method":"load","native":false},{"column":12,"file":"node:internal/modules/cjs/loader","function":"Module._load","line":1299,"method":"_load","native":false},{"column":14,"file":"node:diagnostics_channel","function":"TracingChannel.traceSync","line":328,"method":"traceSync","native":false}]}
