{"date":"Mon Dec 08 2025 14:37:31 GMT+0530 (India Standard Time)","error":{"diagnosticCodes":[1117]},"exception":true,"level":"error","message":"uncaughtException: ⨯ Unable to compile TypeScript:\n\u001b[96msrc/service/user/user.service.ts\u001b[0m:\u001b[93m82\u001b[0m:\u001b[93m13\u001b[0m - \u001b[91merror\u001b[0m\u001b[90m TS1117: \u001b[0mAn object literal cannot have multiple properties with the same name.\n\n\u001b[7m82\u001b[0m             label: value.toLowerCase(),\n\u001b[7m  \u001b[0m \u001b[91m            ~~~~~\u001b[0m\n\nTSError: ⨯ Unable to compile TypeScript:\n\u001b[96msrc/service/user/user.service.ts\u001b[0m:\u001b[93m82\u001b[0m:\u001b[93m13\u001b[0m - \u001b[91merror\u001b[0m\u001b[90m TS1117: \u001b[0mAn object literal cannot have multiple properties with the same name.\n\n\u001b[7m82\u001b[0m             label: value.toLowerCase(),\n\u001b[7m  \u001b[0m \u001b[91m            ~~~~~\u001b[0m\n\n    at createTSError (/Users/mac/Desktop/NodeJS/sl_back/node_modules/ts-node/src/index.ts:859:12)\n    at reportTSError (/Users/mac/Desktop/NodeJS/sl_back/node_modules/ts-node/src/index.ts:863:19)\n    at getOutput (/Users/mac/Desktop/NodeJS/sl_back/node_modules/ts-node/src/index.ts:1077:36)\n    at Object.compile (/Users/mac/Desktop/NodeJS/sl_back/node_modules/ts-node/src/index.ts:1433:41)\n    at Module.m._compile (/Users/mac/Desktop/NodeJS/sl_back/node_modules/ts-node/src/index.ts:1617:30)\n    at node:internal/modules/cjs/loader:1893:10\n    at Object.require.extensions.<computed> [as .ts] (/Users/mac/Desktop/NodeJS/sl_back/node_modules/ts-node/src/index.ts:1621:12)\n    at Module.load (node:internal/modules/cjs/loader:1480:32)\n    at Module._load (node:internal/modules/cjs/loader:1299:12)\n    at TracingChannel.traceSync (node:diagnostics_channel:328:14)","os":{"loadavg":[4.05078125,3.92529296875,3.59423828125],"uptime":16315},"process":{"argv":["/Users/mac/Desktop/NodeJS/sl_back/node_modules/.bin/ts-node","/Users/mac/Desktop/NodeJS/sl_back/src/server.ts"],"cwd":"/Users/mac/Desktop/NodeJS/sl_back","execPath":"/usr/local/bin/node","gid":20,"memoryUsage":{"arrayBuffers":5161666,"external":8309739,"heapTotal":280879104,"heapUsed":191174720,"rss":341016576},"pid":3570,"uid":501,"version":"v24.11.0"},"stack":"TSError: ⨯ Unable to compile TypeScript:\n\u001b[96msrc/service/user/user.service.ts\u001b[0m:\u001b[93m82\u001b[0m:\u001b[93m13\u001b[0m - \u001b[91merror\u001b[0m\u001b[90m TS1117: \u001b[0mAn object literal cannot have multiple properties with the same name.\n\n\u001b[7m82\u001b[0m             label: value.toLowerCase(),\n\u001b[7m  \u001b[0m \u001b[91m            ~~~~~\u001b[0m\n\n    at createTSError (/Users/mac/Desktop/NodeJS/sl_back/node_modules/ts-node/src/index.ts:859:12)\n    at reportTSError (/Users/mac/Desktop/NodeJS/sl_back/node_modules/ts-node/src/index.ts:863:19)\n    at getOutput (/Users/mac/Desktop/NodeJS/sl_back/node_modules/ts-node/src/index.ts:1077:36)\n    at Object.compile (/Users/mac/Desktop/NodeJS/sl_back/node_modules/ts-node/src/index.ts:1433:41)\n    at Module.m._compile (/Users/mac/Desktop/NodeJS/sl_back/node_modules/ts-node/src/index.ts:1617:30)\n    at node:internal/modules/cjs/loader:1893:10\n    at Object.require.extensions.<computed> [as .ts] (/Users/mac/Desktop/NodeJS/sl_back/node_modules/ts-node/src/index.ts:1621:12)\n    at Module.load (node:internal/modules/cjs/loader:1480:32)\n    at Module._load (node:internal/modules/cjs/loader:1299:12)\n    at TracingChannel.traceSync (node:diagnostics_channel:328:14)","timestamp":"2025-12-08 14:37:31","trace":[{"column":12,"file":"/Users/mac/Desktop/NodeJS/sl_back/node_modules/ts-node/src/index.ts","function":"createTSError","line":859,"method":null,"native":false},{"column":19,"file":"/Users/mac/Desktop/NodeJS/sl_back/node_modules/ts-node/src/index.ts","function":"reportTSError","line":863,"method":null,"native":false},{"column":36,"file":"/Users/mac/Desktop/NodeJS/sl_back/node_modules/ts-node/src/index.ts","function":"getOutput","line":1077,"method":null,"native":false},{"column":41,"file":"/Users/mac/Desktop/NodeJS/sl_back/node_modules/ts-node/src/index.ts","function":"Object.compile","line":1433,"method":"compile","native":false},{"column":30,"file":"/Users/mac/Desktop/NodeJS/sl_back/node_modules/ts-node/src/index.ts","function":"Module.m._compile","line":1617,"method":"_compile","native":false},{"column":10,"file":"node:internal/modules/cjs/loader","function":null,"line":1893,"method":null,"native":false},{"column":12,"file":"/Users/mac/Desktop/NodeJS/sl_back/node_modules/ts-node/src/index.ts","function":"Object.require.extensions.<computed> [as .ts]","line":1621,"method":"ts]","native":false},{"column":32,"file":"node:internal/modules/cjs/loader","function":"Module.load","line":1480,"method":"load","native":false},{"column":12,"file":"node:internal/modules/cjs/loader","function":"Module._load","line":1299,"method":"_load","native":false},{"column":14,"file":"node:diagnostics_channel","function":"TracingChannel.traceSync","line":328,"method":"traceSync","native":false}]}
{"date":"Mon Dec 08 2025 14:52:31 GMT+0530 (India Standard Time)","error":{"diagnosticCodes":[2339,7006,7006]},"exception":true,"level":"error","message":"uncaughtException: ⨯ Unable to compile TypeScript:\n\u001b[96msrc/controllers/user/saloon.controller.ts\u001b[0m:\u001b[93m25\u001b[0m:\u001b[93m29\u001b[0m - \u001b[91merror\u001b[0m\u001b[90m TS2339: \u001b[0mProperty 'updateServiceOfShop' does not exist on type 'typeof SaloonService'.\n\n\u001b[7m25\u001b[0m         await SaloonService.updateServiceOfShop()\n\u001b[7m  \u001b[0m \u001b[91m                            ~~~~~~~~~~~~~~~~~~~\u001b[0m\n\u001b[96msrc/controllers/user/saloon.controller.ts\u001b[0m:\u001b[93m26\u001b[0m:\u001b[93m20\u001b[0m - \u001b[91merror\u001b[0m\u001b[90m TS7006: \u001b[0mParameter 'value' implicitly has an 'any' type.\n\n\u001b[7m26\u001b[0m             .then((value) => ApiResponse.success(\"Service updated successfully\", value))\n\u001b[7m  \u001b[0m \u001b[91m                   ~~~~~\u001b[0m\n\u001b[96msrc/controllers/user/saloon.controller.ts\u001b[0m:\u001b[93m27\u001b[0m:\u001b[93m21\u001b[0m - \u001b[91merror\u001b[0m\u001b[90m TS7006: \u001b[0mParameter 'e' implicitly has an 'any' type.\n\n\u001b[7m27\u001b[0m             .catch((e) => ApiResponse.error(e))\n\u001b[7m  \u001b[0m \u001b[91m                    ~\u001b[0m\n\nTSError: ⨯ Unable to compile TypeScript:\n\u001b[96msrc/controllers/user/saloon.controller.ts\u001b[0m:\u001b[93m25\u001b[0m:\u001b[93m29\u001b[0m - \u001b[91merror\u001b[0m\u001b[90m TS2339: \u001b[0mProperty 'updateServiceOfShop' does not exist on type 'typeof SaloonService'.\n\n\u001b[7m25\u001b[0m         await SaloonService.updateServiceOfShop()\n\u001b[7m  \u001b[0m \u001b[91m                            ~~~~~~~~~~~~~~~~~~~\u001b[0m\n\u001b[96msrc/controllers/user/saloon.controller.ts\u001b[0m:\u001b[93m26\u001b[0m:\u001b[93m20\u001b[0m - \u001b[91merror\u001b[0m\u001b[90m TS7006: \u001b[0mParameter 'value' implicitly has an 'any' type.\n\n\u001b[7m26\u001b[0m             .then((value) => ApiResponse.success(\"Service updated successfully\", value))\n\u001b[7m  \u001b[0m \u001b[91m                   ~~~~~\u001b[0m\n\u001b[96msrc/controllers/user/saloon.controller.ts\u001b[0m:\u001b[93m27\u001b[0m:\u001b[93m21\u001b[0m - \u001b[91merror\u001b[0m\u001b[90m TS7006: \u001b[0mParameter 'e' implicitly has an 'any' type.\n\n\u001b[7m27\u001b[0m             .catch((e) => ApiResponse.error(e))\n\u001b[7m  \u001b[0m \u001b[91m                    ~\u001b[0m\n\n    at createTSError (/Users/mac/Desktop/NodeJS/sl_back/node_modules/ts-node/src/index.ts:859:12)\n    at reportTSError (/Users/mac/Desktop/NodeJS/sl_back/node_modules/ts-node/src/index.ts:863:19)\n    at getOutput (/Users/mac/Desktop/NodeJS/sl_back/node_modules/ts-node/src/index.ts:1077:36)\n    at Object.compile (/Users/mac/Desktop/NodeJS/sl_back/node_modules/ts-node/src/index.ts:1433:41)\n    at Module.m._compile (/Users/mac/Desktop/NodeJS/sl_back/node_modules/ts-node/src/index.ts:1617:30)\n    at node:internal/modules/cjs/loader:1893:10\n    at Object.require.extensions.<computed> [as .ts] (/Users/mac/Desktop/NodeJS/sl_back/node_modules/ts-node/src/index.ts:1621:12)\n    at Module.load (node:internal/modules/cjs/loader:1480:32)\n    at Module._load (node:internal/modules/cjs/loader:1299:12)\n    at TracingChannel.traceSync (node:diagnostics_channel:328:14)","os":{"loadavg":[3.36767578125,3.3271484375,3.42626953125],"uptime":17215},"process":{"argv":["/Users/mac/Desktop/NodeJS/sl_back/node_modules/.bin/ts-node","/Users/mac/Desktop/NodeJS/sl_back/src/server.ts"],"cwd":"/Users/mac/Desktop/NodeJS/sl_back","execPath":"/usr/local/bin/node","gid":20,"memoryUsage":{"arrayBuffers":5138647,"external":8338278,"heapTotal":298180608,"heapUsed":170989072,"rss":374870016},"pid":4495,"uid":501,"version":"v24.11.0"},"stack":"TSError: ⨯ Unable to compile TypeScript:\n\u001b[96msrc/controllers/user/saloon.controller.ts\u001b[0m:\u001b[93m25\u001b[0m:\u001b[93m29\u001b[0m - \u001b[91merror\u001b[0m\u001b[90m TS2339: \u001b[0mProperty 'updateServiceOfShop' does not exist on type 'typeof SaloonService'.\n\n\u001b[7m25\u001b[0m         await SaloonService.updateServiceOfShop()\n\u001b[7m  \u001b[0m \u001b[91m                            ~~~~~~~~~~~~~~~~~~~\u001b[0m\n\u001b[96msrc/controllers/user/saloon.controller.ts\u001b[0m:\u001b[93m26\u001b[0m:\u001b[93m20\u001b[0m - \u001b[91merror\u001b[0m\u001b[90m TS7006: \u001b[0mParameter 'value' implicitly has an 'any' type.\n\n\u001b[7m26\u001b[0m             .then((value) => ApiResponse.success(\"Service updated successfully\", value))\n\u001b[7m  \u001b[0m \u001b[91m                   ~~~~~\u001b[0m\n\u001b[96msrc/controllers/user/saloon.controller.ts\u001b[0m:\u001b[93m27\u001b[0m:\u001b[93m21\u001b[0m - \u001b[91merror\u001b[0m\u001b[90m TS7006: \u001b[0mParameter 'e' implicitly has an 'any' type.\n\n\u001b[7m27\u001b[0m             .catch((e) => ApiResponse.error(e))\n\u001b[7m  \u001b[0m \u001b[91m                    ~\u001b[0m\n\n    at createTSError (/Users/mac/Desktop/NodeJS/sl_back/node_modules/ts-node/src/index.ts:859:12)\n    at reportTSError (/Users/mac/Desktop/NodeJS/sl_back/node_modules/ts-node/src/index.ts:863:19)\n    at getOutput (/Users/mac/Desktop/NodeJS/sl_back/node_modules/ts-node/src/index.ts:1077:36)\n    at Object.compile (/Users/mac/Desktop/NodeJS/sl_back/node_modules/ts-node/src/index.ts:1433:41)\n    at Module.m._compile (/Users/mac/Desktop/NodeJS/sl_back/node_modules/ts-node/src/index.ts:1617:30)\n    at node:internal/modules/cjs/loader:1893:10\n    at Object.require.extensions.<computed> [as .ts] (/Users/mac/Desktop/NodeJS/sl_back/node_modules/ts-node/src/index.ts:1621:12)\n    at Module.load (node:internal/modules/cjs/loader:1480:32)\n    at Module._load (node:internal/modules/cjs/loader:1299:12)\n    at TracingChannel.traceSync (node:diagnostics_channel:328:14)","timestamp":"2025-12-08 14:52:31","trace":[{"column":12,"file":"/Users/mac/Desktop/NodeJS/sl_back/node_modules/ts-node/src/index.ts","function":"createTSError","line":859,"method":null,"native":false},{"column":19,"file":"/Users/mac/Desktop/NodeJS/sl_back/node_modules/ts-node/src/index.ts","function":"reportTSError","line":863,"method":null,"native":false},{"column":36,"file":"/Users/mac/Desktop/NodeJS/sl_back/node_modules/ts-node/src/index.ts","function":"getOutput","line":1077,"method":null,"native":false},{"column":41,"file":"/Users/mac/Desktop/NodeJS/sl_back/node_modules/ts-node/src/index.ts","function":"Object.compile","line":1433,"method":"compile","native":false},{"column":30,"file":"/Users/mac/Desktop/NodeJS/sl_back/node_modules/ts-node/src/index.ts","function":"Module.m._compile","line":1617,"method":"_compile","native":false},{"column":10,"file":"node:internal/modules/cjs/loader","function":null,"line":1893,"method":null,"native":false},{"column":12,"file":"/Users/mac/Desktop/NodeJS/sl_back/node_modules/ts-node/src/index.ts","function":"Object.require.extensions.<computed> [as .ts]","line":1621,"method":"ts]","native":false},{"column":32,"file":"node:internal/modules/cjs/loader","function":"Module.load","line":1480,"method":"load","native":false},{"column":12,"file":"node:internal/modules/cjs/loader","function":"Module._load","line":1299,"method":"_load","native":false},{"column":14,"file":"node:diagnostics_channel","function":"TracingChannel.traceSync","line":328,"method":"traceSync","native":false}]}
{"date":"Mon Dec 08 2025 14:54:25 GMT+0530 (India Standard Time)","error":{"diagnosticCodes":[2554]},"exception":true,"level":"error","message":"uncaughtException: ⨯ Unable to compile TypeScript:\n\u001b[96msrc/controllers/user/saloon.controller.ts\u001b[0m:\u001b[93m25\u001b[0m:\u001b[93m29\u001b[0m - \u001b[91merror\u001b[0m\u001b[90m TS2554: \u001b[0mExpected 1 arguments, but got 0.\n\n\u001b[7m25\u001b[0m         await SaloonService.updateServiceOfShop()\n\u001b[7m  \u001b[0m \u001b[91m                            ~~~~~~~~~~~~~~~~~~~\u001b[0m\n\n  \u001b[96msrc/service/user/saloon.service.ts\u001b[0m:\u001b[93m8\u001b[0m:\u001b[93m38\u001b[0m\n    \u001b[7m8\u001b[0m     static async updateServiceOfShop(data: any): Promise<any> {\n    \u001b[7m \u001b[0m \u001b[96m                                     ~~~~~~~~~\u001b[0m\n    An argument for 'data' was not provided.\n\nTSError: ⨯ Unable to compile TypeScript:\n\u001b[96msrc/controllers/user/saloon.controller.ts\u001b[0m:\u001b[93m25\u001b[0m:\u001b[93m29\u001b[0m - \u001b[91merror\u001b[0m\u001b[90m TS2554: \u001b[0mExpected 1 arguments, but got 0.\n\n\u001b[7m25\u001b[0m         await SaloonService.updateServiceOfShop()\n\u001b[7m  \u001b[0m \u001b[91m                            ~~~~~~~~~~~~~~~~~~~\u001b[0m\n\n  \u001b[96msrc/service/user/saloon.service.ts\u001b[0m:\u001b[93m8\u001b[0m:\u001b[93m38\u001b[0m\n    \u001b[7m8\u001b[0m     static async updateServiceOfShop(data: any): Promise<any> {\n    \u001b[7m \u001b[0m \u001b[96m                                     ~~~~~~~~~\u001b[0m\n    An argument for 'data' was not provided.\n\n    at createTSError (/Users/mac/Desktop/NodeJS/sl_back/node_modules/ts-node/src/index.ts:859:12)\n    at reportTSError (/Users/mac/Desktop/NodeJS/sl_back/node_modules/ts-node/src/index.ts:863:19)\n    at getOutput (/Users/mac/Desktop/NodeJS/sl_back/node_modules/ts-node/src/index.ts:1077:36)\n    at Object.compile (/Users/mac/Desktop/NodeJS/sl_back/node_modules/ts-node/src/index.ts:1433:41)\n    at Module.m._compile (/Users/mac/Desktop/NodeJS/sl_back/node_modules/ts-node/src/index.ts:1617:30)\n    at node:internal/modules/cjs/loader:1893:10\n    at Object.require.extensions.<computed> [as .ts] (/Users/mac/Desktop/NodeJS/sl_back/node_modules/ts-node/src/index.ts:1621:12)\n    at Module.load (node:internal/modules/cjs/loader:1480:32)\n    at Module._load (node:internal/modules/cjs/loader:1299:12)\n    at TracingChannel.traceSync (node:diagnostics_channel:328:14)","os":{"loadavg":[3.70068359375,3.47412109375,3.4697265625],"uptime":17329},"process":{"argv":["/Users/mac/Desktop/NodeJS/sl_back/node_modules/.bin/ts-node","/Users/mac/Desktop/NodeJS/sl_back/src/server.ts"],"cwd":"/Users/mac/Desktop/NodeJS/sl_back","execPath":"/usr/local/bin/node","gid":20,"memoryUsage":{"arrayBuffers":5146887,"external":8294960,"heapTotal":297132032,"heapUsed":170413568,"rss":370257920},"pid":4539,"uid":501,"version":"v24.11.0"},"stack":"TSError: ⨯ Unable to compile TypeScript:\n\u001b[96msrc/controllers/user/saloon.controller.ts\u001b[0m:\u001b[93m25\u001b[0m:\u001b[93m29\u001b[0m - \u001b[91merror\u001b[0m\u001b[90m TS2554: \u001b[0mExpected 1 arguments, but got 0.\n\n\u001b[7m25\u001b[0m         await SaloonService.updateServiceOfShop()\n\u001b[7m  \u001b[0m \u001b[91m                            ~~~~~~~~~~~~~~~~~~~\u001b[0m\n\n  \u001b[96msrc/service/user/saloon.service.ts\u001b[0m:\u001b[93m8\u001b[0m:\u001b[93m38\u001b[0m\n    \u001b[7m8\u001b[0m     static async updateServiceOfShop(data: any): Promise<any> {\n    \u001b[7m \u001b[0m \u001b[96m                                     ~~~~~~~~~\u001b[0m\n    An argument for 'data' was not provided.\n\n    at createTSError (/Users/mac/Desktop/NodeJS/sl_back/node_modules/ts-node/src/index.ts:859:12)\n    at reportTSError (/Users/mac/Desktop/NodeJS/sl_back/node_modules/ts-node/src/index.ts:863:19)\n    at getOutput (/Users/mac/Desktop/NodeJS/sl_back/node_modules/ts-node/src/index.ts:1077:36)\n    at Object.compile (/Users/mac/Desktop/NodeJS/sl_back/node_modules/ts-node/src/index.ts:1433:41)\n    at Module.m._compile (/Users/mac/Desktop/NodeJS/sl_back/node_modules/ts-node/src/index.ts:1617:30)\n    at node:internal/modules/cjs/loader:1893:10\n    at Object.require.extensions.<computed> [as .ts] (/Users/mac/Desktop/NodeJS/sl_back/node_modules/ts-node/src/index.ts:1621:12)\n    at Module.load (node:internal/modules/cjs/loader:1480:32)\n    at Module._load (node:internal/modules/cjs/loader:1299:12)\n    at TracingChannel.traceSync (node:diagnostics_channel:328:14)","timestamp":"2025-12-08 14:54:25","trace":[{"column":12,"file":"/Users/mac/Desktop/NodeJS/sl_back/node_modules/ts-node/src/index.ts","function":"createTSError","line":859,"method":null,"native":false},{"column":19,"file":"/Users/mac/Desktop/NodeJS/sl_back/node_modules/ts-node/src/index.ts","function":"reportTSError","line":863,"method":null,"native":false},{"column":36,"file":"/Users/mac/Desktop/NodeJS/sl_back/node_modules/ts-node/src/index.ts","function":"getOutput","line":1077,"method":null,"native":false},{"column":41,"file":"/Users/mac/Desktop/NodeJS/sl_back/node_modules/ts-node/src/index.ts","function":"Object.compile","line":1433,"method":"compile","native":false},{"column":30,"file":"/Users/mac/Desktop/NodeJS/sl_back/node_modules/ts-node/src/index.ts","function":"Module.m._compile","line":1617,"method":"_compile","native":false},{"column":10,"file":"node:internal/modules/cjs/loader","function":null,"line":1893,"method":null,"native":false},{"column":12,"file":"/Users/mac/Desktop/NodeJS/sl_back/node_modules/ts-node/src/index.ts","function":"Object.require.extensions.<computed> [as .ts]","line":1621,"method":"ts]","native":false},{"column":32,"file":"node:internal/modules/cjs/loader","function":"Module.load","line":1480,"method":"load","native":false},{"column":12,"file":"node:internal/modules/cjs/loader","function":"Module._load","line":1299,"method":"_load","native":false},{"column":14,"file":"node:diagnostics_channel","function":"TracingChannel.traceSync","line":328,"method":"traceSync","native":false}]}
{"date":"Mon Dec 08 2025 14:59:03 GMT+0530 (India Standard Time)","error":{"diagnosticCodes":[2554]},"exception":true,"level":"error","message":"uncaughtException: ⨯ Unable to compile TypeScript:\n\u001b[96msrc/controllers/user/saloon.controller.ts\u001b[0m:\u001b[93m25\u001b[0m:\u001b[93m29\u001b[0m - \u001b[91merror\u001b[0m\u001b[90m TS2554: \u001b[0mExpected 1 arguments, but got 0.\n\n\u001b[7m25\u001b[0m         await SaloonService.updateServiceOfShop()\n\u001b[7m  \u001b[0m \u001b[91m                            ~~~~~~~~~~~~~~~~~~~\u001b[0m\n\n  \u001b[96msrc/service/user/saloon.service.ts\u001b[0m:\u001b[93m8\u001b[0m:\u001b[93m38\u001b[0m\n    \u001b[7m8\u001b[0m     static async updateServiceOfShop(data: any): Promise<any> {\n    \u001b[7m \u001b[0m \u001b[96m                                     ~~~~~~~~~\u001b[0m\n    An argument for 'data' was not provided.\n\nTSError: ⨯ Unable to compile TypeScript:\n\u001b[96msrc/controllers/user/saloon.controller.ts\u001b[0m:\u001b[93m25\u001b[0m:\u001b[93m29\u001b[0m - \u001b[91merror\u001b[0m\u001b[90m TS2554: \u001b[0mExpected 1 arguments, but got 0.\n\n\u001b[7m25\u001b[0m         await SaloonService.updateServiceOfShop()\n\u001b[7m  \u001b[0m \u001b[91m                            ~~~~~~~~~~~~~~~~~~~\u001b[0m\n\n  \u001b[96msrc/service/user/saloon.service.ts\u001b[0m:\u001b[93m8\u001b[0m:\u001b[93m38\u001b[0m\n    \u001b[7m8\u001b[0m     static async updateServiceOfShop(data: any): Promise<any> {\n    \u001b[7m \u001b[0m \u001b[96m                                     ~~~~~~~~~\u001b[0m\n    An argument for 'data' was not provided.\n\n    at createTSError (/Users/mac/Desktop/NodeJS/sl_back/node_modules/ts-node/src/index.ts:859:12)\n    at reportTSError (/Users/mac/Desktop/NodeJS/sl_back/node_modules/ts-node/src/index.ts:863:19)\n    at getOutput (/Users/mac/Desktop/NodeJS/sl_back/node_modules/ts-node/src/index.ts:1077:36)\n    at Object.compile (/Users/mac/Desktop/NodeJS/sl_back/node_modules/ts-node/src/index.ts:1433:41)\n    at Module.m._compile (/Users/mac/Desktop/NodeJS/sl_back/node_modules/ts-node/src/index.ts:1617:30)\n    at node:internal/modules/cjs/loader:1893:10\n    at Object.require.extensions.<computed> [as .ts] (/Users/mac/Desktop/NodeJS/sl_back/node_modules/ts-node/src/index.ts:1621:12)\n    at Module.load (node:internal/modules/cjs/loader:1480:32)\n    at Module._load (node:internal/modules/cjs/loader:1299:12)\n    at TracingChannel.traceSync (node:diagnostics_channel:328:14)","os":{"loadavg":[2.32958984375,3.0498046875,3.30517578125],"uptime":17607},"process":{"argv":["/Users/mac/Desktop/NodeJS/sl_back/node_modules/.bin/ts-node","/Users/mac/Desktop/NodeJS/sl_back/src/server.ts"],"cwd":"/Users/mac/Desktop/NodeJS/sl_back","execPath":"/usr/local/bin/node","gid":20,"memoryUsage":{"arrayBuffers":5151267,"external":8299340,"heapTotal":296345600,"heapUsed":171467960,"rss":367763456},"pid":4593,"uid":501,"version":"v24.11.0"},"stack":"TSError: ⨯ Unable to compile TypeScript:\n\u001b[96msrc/controllers/user/saloon.controller.ts\u001b[0m:\u001b[93m25\u001b[0m:\u001b[93m29\u001b[0m - \u001b[91merror\u001b[0m\u001b[90m TS2554: \u001b[0mExpected 1 arguments, but got 0.\n\n\u001b[7m25\u001b[0m         await SaloonService.updateServiceOfShop()\n\u001b[7m  \u001b[0m \u001b[91m                            ~~~~~~~~~~~~~~~~~~~\u001b[0m\n\n  \u001b[96msrc/service/user/saloon.service.ts\u001b[0m:\u001b[93m8\u001b[0m:\u001b[93m38\u001b[0m\n    \u001b[7m8\u001b[0m     static async updateServiceOfShop(data: any): Promise<any> {\n    \u001b[7m \u001b[0m \u001b[96m                                     ~~~~~~~~~\u001b[0m\n    An argument for 'data' was not provided.\n\n    at createTSError (/Users/mac/Desktop/NodeJS/sl_back/node_modules/ts-node/src/index.ts:859:12)\n    at reportTSError (/Users/mac/Desktop/NodeJS/sl_back/node_modules/ts-node/src/index.ts:863:19)\n    at getOutput (/Users/mac/Desktop/NodeJS/sl_back/node_modules/ts-node/src/index.ts:1077:36)\n    at Object.compile (/Users/mac/Desktop/NodeJS/sl_back/node_modules/ts-node/src/index.ts:1433:41)\n    at Module.m._compile (/Users/mac/Desktop/NodeJS/sl_back/node_modules/ts-node/src/index.ts:1617:30)\n    at node:internal/modules/cjs/loader:1893:10\n    at Object.require.extensions.<computed> [as .ts] (/Users/mac/Desktop/NodeJS/sl_back/node_modules/ts-node/src/index.ts:1621:12)\n    at Module.load (node:internal/modules/cjs/loader:1480:32)\n    at Module._load (node:internal/modules/cjs/loader:1299:12)\n    at TracingChannel.traceSync (node:diagnostics_channel:328:14)","timestamp":"2025-12-08 14:59:03","trace":[{"column":12,"file":"/Users/mac/Desktop/NodeJS/sl_back/node_modules/ts-node/src/index.ts","function":"createTSError","line":859,"method":null,"native":false},{"column":19,"file":"/Users/mac/Desktop/NodeJS/sl_back/node_modules/ts-node/src/index.ts","function":"reportTSError","line":863,"method":null,"native":false},{"column":36,"file":"/Users/mac/Desktop/NodeJS/sl_back/node_modules/ts-node/src/index.ts","function":"getOutput","line":1077,"method":null,"native":false},{"column":41,"file":"/Users/mac/Desktop/NodeJS/sl_back/node_modules/ts-node/src/index.ts","function":"Object.compile","line":1433,"method":"compile","native":false},{"column":30,"file":"/Users/mac/Desktop/NodeJS/sl_back/node_modules/ts-node/src/index.ts","function":"Module.m._compile","line":1617,"method":"_compile","native":false},{"column":10,"file":"node:internal/modules/cjs/loader","function":null,"line":1893,"method":null,"native":false},{"column":12,"file":"/Users/mac/Desktop/NodeJS/sl_back/node_modules/ts-node/src/index.ts","function":"Object.require.extensions.<computed> [as .ts]","line":1621,"method":"ts]","native":false},{"column":32,"file":"node:internal/modules/cjs/loader","function":"Module.load","line":1480,"method":"load","native":false},{"column":12,"file":"node:internal/modules/cjs/loader","function":"Module._load","line":1299,"method":"_load","native":false},{"column":14,"file":"node:diagnostics_channel","function":"TracingChannel.traceSync","line":328,"method":"traceSync","native":false}]}
{"date":"Mon Dec 08 2025 16:10:31 GMT+0530 (India Standard Time)","error":{"diagnosticCodes":[2345]},"exception":true,"level":"error","message":"uncaughtException: ⨯ Unable to compile TypeScript:\n\u001b[96msrc/controllers/user/customer.controller.ts\u001b[0m:\u001b[93m28\u001b[0m:\u001b[93m54\u001b[0m - \u001b[91merror\u001b[0m\u001b[90m TS2345: \u001b[0mArgument of type 'string | ParsedQs | (string | ParsedQs)[] | undefined' is not assignable to parameter of type 'string | undefined'.\n  Type 'ParsedQs' is not assignable to type 'string'.\n\n\u001b[7m28\u001b[0m         await CustomerServies.fechShopsByServiceName(name)\n\u001b[7m  \u001b[0m \u001b[91m                                                     ~~~~\u001b[0m\n\nTSError: ⨯ Unable to compile TypeScript:\n\u001b[96msrc/controllers/user/customer.controller.ts\u001b[0m:\u001b[93m28\u001b[0m:\u001b[93m54\u001b[0m - \u001b[91merror\u001b[0m\u001b[90m TS2345: \u001b[0mArgument of type 'string | ParsedQs | (string | ParsedQs)[] | undefined' is not assignable to parameter of type 'string | undefined'.\n  Type 'ParsedQs' is not assignable to type 'string'.\n\n\u001b[7m28\u001b[0m         await CustomerServies.fechShopsByServiceName(name)\n\u001b[7m  \u001b[0m \u001b[91m                                                     ~~~~\u001b[0m\n\n    at createTSError (/Users/mac/Desktop/NodeJS/sl_back/node_modules/ts-node/src/index.ts:859:12)\n    at reportTSError (/Users/mac/Desktop/NodeJS/sl_back/node_modules/ts-node/src/index.ts:863:19)\n    at getOutput (/Users/mac/Desktop/NodeJS/sl_back/node_modules/ts-node/src/index.ts:1077:36)\n    at Object.compile (/Users/mac/Desktop/NodeJS/sl_back/node_modules/ts-node/src/index.ts:1433:41)\n    at Module.m._compile (/Users/mac/Desktop/NodeJS/sl_back/node_modules/ts-node/src/index.ts:1617:30)\n    at node:internal/modules/cjs/loader:1893:10\n    at Object.require.extensions.<computed> [as .ts] (/Users/mac/Desktop/NodeJS/sl_back/node_modules/ts-node/src/index.ts:1621:12)\n    at Module.load (node:internal/modules/cjs/loader:1480:32)\n    at Module._load (node:internal/modules/cjs/loader:1299:12)\n    at TracingChannel.traceSync (node:diagnostics_channel:328:14)","os":{"loadavg":[2.90478515625,3.51171875,3.57861328125],"uptime":21895},"process":{"argv":["/Users/mac/Desktop/NodeJS/sl_back/node_modules/.bin/ts-node","/Users/mac/Desktop/NodeJS/sl_back/src/server.ts"],"cwd":"/Users/mac/Desktop/NodeJS/sl_back","execPath":"/usr/local/bin/node","gid":20,"memoryUsage":{"arrayBuffers":5155063,"external":8327261,"heapTotal":308383744,"heapUsed":189372872,"rss":388341760},"pid":13694,"uid":501,"version":"v24.11.0"},"stack":"TSError: ⨯ Unable to compile TypeScript:\n\u001b[96msrc/controllers/user/customer.controller.ts\u001b[0m:\u001b[93m28\u001b[0m:\u001b[93m54\u001b[0m - \u001b[91merror\u001b[0m\u001b[90m TS2345: \u001b[0mArgument of type 'string | ParsedQs | (string | ParsedQs)[] | undefined' is not assignable to parameter of type 'string | undefined'.\n  Type 'ParsedQs' is not assignable to type 'string'.\n\n\u001b[7m28\u001b[0m         await CustomerServies.fechShopsByServiceName(name)\n\u001b[7m  \u001b[0m \u001b[91m                                                     ~~~~\u001b[0m\n\n    at createTSError (/Users/mac/Desktop/NodeJS/sl_back/node_modules/ts-node/src/index.ts:859:12)\n    at reportTSError (/Users/mac/Desktop/NodeJS/sl_back/node_modules/ts-node/src/index.ts:863:19)\n    at getOutput (/Users/mac/Desktop/NodeJS/sl_back/node_modules/ts-node/src/index.ts:1077:36)\n    at Object.compile (/Users/mac/Desktop/NodeJS/sl_back/node_modules/ts-node/src/index.ts:1433:41)\n    at Module.m._compile (/Users/mac/Desktop/NodeJS/sl_back/node_modules/ts-node/src/index.ts:1617:30)\n    at node:internal/modules/cjs/loader:1893:10\n    at Object.require.extensions.<computed> [as .ts] (/Users/mac/Desktop/NodeJS/sl_back/node_modules/ts-node/src/index.ts:1621:12)\n    at Module.load (node:internal/modules/cjs/loader:1480:32)\n    at Module._load (node:internal/modules/cjs/loader:1299:12)\n    at TracingChannel.traceSync (node:diagnostics_channel:328:14)","timestamp":"2025-12-08 16:10:31","trace":[{"column":12,"file":"/Users/mac/Desktop/NodeJS/sl_back/node_modules/ts-node/src/index.ts","function":"createTSError","line":859,"method":null,"native":false},{"column":19,"file":"/Users/mac/Desktop/NodeJS/sl_back/node_modules/ts-node/src/index.ts","function":"reportTSError","line":863,"method":null,"native":false},{"column":36,"file":"/Users/mac/Desktop/NodeJS/sl_back/node_modules/ts-node/src/index.ts","function":"getOutput","line":1077,"method":null,"native":false},{"column":41,"file":"/Users/mac/Desktop/NodeJS/sl_back/node_modules/ts-node/src/index.ts","function":"Object.compile","line":1433,"method":"compile","native":false},{"column":30,"file":"/Users/mac/Desktop/NodeJS/sl_back/node_modules/ts-node/src/index.ts","function":"Module.m._compile","line":1617,"method":"_compile","native":false},{"column":10,"file":"node:internal/modules/cjs/loader","function":null,"line":1893,"method":null,"native":false},{"column":12,"file":"/Users/mac/Desktop/NodeJS/sl_back/node_modules/ts-node/src/index.ts","function":"Object.require.extensions.<computed> [as .ts]","line":1621,"method":"ts]","native":false},{"column":32,"file":"node:internal/modules/cjs/loader","function":"Module.load","line":1480,"method":"load","native":false},{"column":12,"file":"node:internal/modules/cjs/loader","function":"Module._load","line":1299,"method":"_load","native":false},{"column":14,"file":"node:diagnostics_channel","function":"TracingChannel.traceSync","line":328,"method":"traceSync","native":false}]}
{"date":"Mon Dec 08 2025 16:11:18 GMT+0530 (India Standard Time)","error":{"diagnosticCodes":[2551,7006,7006]},"exception":true,"level":"error","message":"uncaughtException: ⨯ Unable to compile TypeScript:\n\u001b[96msrc/controllers/user/customer.controller.ts\u001b[0m:\u001b[93m28\u001b[0m:\u001b[93m31\u001b[0m - \u001b[91merror\u001b[0m\u001b[90m TS2551: \u001b[0mProperty 'fechShopsByServiceName' does not exist on type 'typeof CustomerServies'. Did you mean 'fetchShopsByService'?\n\n\u001b[7m28\u001b[0m         await CustomerServies.fechShopsByServiceName(name)\n\u001b[7m  \u001b[0m \u001b[91m                              ~~~~~~~~~~~~~~~~~~~~~~\u001b[0m\n\n  \u001b[96msrc/service/user/customer.service.ts\u001b[0m:\u001b[93m52\u001b[0m:\u001b[93m18\u001b[0m\n    \u001b[7m52\u001b[0m     static async fetchShopsByService(data: any): Promise<any> {\n    \u001b[7m  \u001b[0m \u001b[96m                 ~~~~~~~~~~~~~~~~~~~\u001b[0m\n    'fetchShopsByService' is declared here.\n\u001b[96msrc/controllers/user/customer.controller.ts\u001b[0m:\u001b[93m29\u001b[0m:\u001b[93m20\u001b[0m - \u001b[91merror\u001b[0m\u001b[90m TS7006: \u001b[0mParameter 'value' implicitly has an 'any' type.\n\n\u001b[7m29\u001b[0m             .then((value) => ApiResponse.success(\"Fetched shops\", value))\n\u001b[7m  \u001b[0m \u001b[91m                   ~~~~~\u001b[0m\n\u001b[96msrc/controllers/user/customer.controller.ts\u001b[0m:\u001b[93m30\u001b[0m:\u001b[93m21\u001b[0m - \u001b[91merror\u001b[0m\u001b[90m TS7006: \u001b[0mParameter 'e' implicitly has an 'any' type.\n\n\u001b[7m30\u001b[0m             .catch((e) => ApiResponse.error(e))\n\u001b[7m  \u001b[0m \u001b[91m                    ~\u001b[0m\n\nTSError: ⨯ Unable to compile TypeScript:\n\u001b[96msrc/controllers/user/customer.controller.ts\u001b[0m:\u001b[93m28\u001b[0m:\u001b[93m31\u001b[0m - \u001b[91merror\u001b[0m\u001b[90m TS2551: \u001b[0mProperty 'fechShopsByServiceName' does not exist on type 'typeof CustomerServies'. Did you mean 'fetchShopsByService'?\n\n\u001b[7m28\u001b[0m         await CustomerServies.fechShopsByServiceName(name)\n\u001b[7m  \u001b[0m \u001b[91m                              ~~~~~~~~~~~~~~~~~~~~~~\u001b[0m\n\n  \u001b[96msrc/service/user/customer.service.ts\u001b[0m:\u001b[93m52\u001b[0m:\u001b[93m18\u001b[0m\n    \u001b[7m52\u001b[0m     static async fetchShopsByService(data: any): Promise<any> {\n    \u001b[7m  \u001b[0m \u001b[96m                 ~~~~~~~~~~~~~~~~~~~\u001b[0m\n    'fetchShopsByService' is declared here.\n\u001b[96msrc/controllers/user/customer.controller.ts\u001b[0m:\u001b[93m29\u001b[0m:\u001b[93m20\u001b[0m - \u001b[91merror\u001b[0m\u001b[90m TS7006: \u001b[0mParameter 'value' implicitly has an 'any' type.\n\n\u001b[7m29\u001b[0m             .then((value) => ApiResponse.success(\"Fetched shops\", value))\n\u001b[7m  \u001b[0m \u001b[91m                   ~~~~~\u001b[0m\n\u001b[96msrc/controllers/user/customer.controller.ts\u001b[0m:\u001b[93m30\u001b[0m:\u001b[93m21\u001b[0m - \u001b[91merror\u001b[0m\u001b[90m TS7006: \u001b[0mParameter 'e' implicitly has an 'any' type.\n\n\u001b[7m30\u001b[0m             .catch((e) => ApiResponse.error(e))\n\u001b[7m  \u001b[0m \u001b[91m                    ~\u001b[0m\n\n    at createTSError (/Users/mac/Desktop/NodeJS/sl_back/node_modules/ts-node/src/index.ts:859:12)\n    at reportTSError (/Users/mac/Desktop/NodeJS/sl_back/node_modules/ts-node/src/index.ts:863:19)\n    at getOutput (/Users/mac/Desktop/NodeJS/sl_back/node_modules/ts-node/src/index.ts:1077:36)\n    at Object.compile (/Users/mac/Desktop/NodeJS/sl_back/node_modules/ts-node/src/index.ts:1433:41)\n    at Module.m._compile (/Users/mac/Desktop/NodeJS/sl_back/node_modules/ts-node/src/index.ts:1617:30)\n    at node:internal/modules/cjs/loader:1893:10\n    at Object.require.extensions.<computed> [as .ts] (/Users/mac/Desktop/NodeJS/sl_back/node_modules/ts-node/src/index.ts:1621:12)\n    at Module.load (node:internal/modules/cjs/loader:1480:32)\n    at Module._load (node:internal/modules/cjs/loader:1299:12)\n    at TracingChannel.traceSync (node:diagnostics_channel:328:14)","os":{"loadavg":[3.17919921875,3.466796875,3.55615234375],"uptime":21942},"process":{"argv":["/Users/mac/Desktop/NodeJS/sl_back/node_modules/.bin/ts-node","/Users/mac/Desktop/NodeJS/sl_back/src/server.ts"],"cwd":"/Users/mac/Desktop/NodeJS/sl_back","execPath":"/usr/local/bin/node","gid":20,"memoryUsage":{"arrayBuffers":5155039,"external":8327237,"heapTotal":308383744,"heapUsed":189459384,"rss":385937408},"pid":13753,"uid":501,"version":"v24.11.0"},"stack":"TSError: ⨯ Unable to compile TypeScript:\n\u001b[96msrc/controllers/user/customer.controller.ts\u001b[0m:\u001b[93m28\u001b[0m:\u001b[93m31\u001b[0m - \u001b[91merror\u001b[0m\u001b[90m TS2551: \u001b[0mProperty 'fechShopsByServiceName' does not exist on type 'typeof CustomerServies'. Did you mean 'fetchShopsByService'?\n\n\u001b[7m28\u001b[0m         await CustomerServies.fechShopsByServiceName(name)\n\u001b[7m  \u001b[0m \u001b[91m                              ~~~~~~~~~~~~~~~~~~~~~~\u001b[0m\n\n  \u001b[96msrc/service/user/customer.service.ts\u001b[0m:\u001b[93m52\u001b[0m:\u001b[93m18\u001b[0m\n    \u001b[7m52\u001b[0m     static async fetchShopsByService(data: any): Promise<any> {\n    \u001b[7m  \u001b[0m \u001b[96m                 ~~~~~~~~~~~~~~~~~~~\u001b[0m\n    'fetchShopsByService' is declared here.\n\u001b[96msrc/controllers/user/customer.controller.ts\u001b[0m:\u001b[93m29\u001b[0m:\u001b[93m20\u001b[0m - \u001b[91merror\u001b[0m\u001b[90m TS7006: \u001b[0mParameter 'value' implicitly has an 'any' type.\n\n\u001b[7m29\u001b[0m             .then((value) => ApiResponse.success(\"Fetched shops\", value))\n\u001b[7m  \u001b[0m \u001b[91m                   ~~~~~\u001b[0m\n\u001b[96msrc/controllers/user/customer.controller.ts\u001b[0m:\u001b[93m30\u001b[0m:\u001b[93m21\u001b[0m - \u001b[91merror\u001b[0m\u001b[90m TS7006: \u001b[0mParameter 'e' implicitly has an 'any' type.\n\n\u001b[7m30\u001b[0m             .catch((e) => ApiResponse.error(e))\n\u001b[7m  \u001b[0m \u001b[91m                    ~\u001b[0m\n\n    at createTSError (/Users/mac/Desktop/NodeJS/sl_back/node_modules/ts-node/src/index.ts:859:12)\n    at reportTSError (/Users/mac/Desktop/NodeJS/sl_back/node_modules/ts-node/src/index.ts:863:19)\n    at getOutput (/Users/mac/Desktop/NodeJS/sl_back/node_modules/ts-node/src/index.ts:1077:36)\n    at Object.compile (/Users/mac/Desktop/NodeJS/sl_back/node_modules/ts-node/src/index.ts:1433:41)\n    at Module.m._compile (/Users/mac/Desktop/NodeJS/sl_back/node_modules/ts-node/src/index.ts:1617:30)\n    at node:internal/modules/cjs/loader:1893:10\n    at Object.require.extensions.<computed> [as .ts] (/Users/mac/Desktop/NodeJS/sl_back/node_modules/ts-node/src/index.ts:1621:12)\n    at Module.load (node:internal/modules/cjs/loader:1480:32)\n    at Module._load (node:internal/modules/cjs/loader:1299:12)\n    at TracingChannel.traceSync (node:diagnostics_channel:328:14)","timestamp":"2025-12-08 16:11:18","trace":[{"column":12,"file":"/Users/mac/Desktop/NodeJS/sl_back/node_modules/ts-node/src/index.ts","function":"createTSError","line":859,"method":null,"native":false},{"column":19,"file":"/Users/mac/Desktop/NodeJS/sl_back/node_modules/ts-node/src/index.ts","function":"reportTSError","line":863,"method":null,"native":false},{"column":36,"file":"/Users/mac/Desktop/NodeJS/sl_back/node_modules/ts-node/src/index.ts","function":"getOutput","line":1077,"method":null,"native":false},{"column":41,"file":"/Users/mac/Desktop/NodeJS/sl_back/node_modules/ts-node/src/index.ts","function":"Object.compile","line":1433,"method":"compile","native":false},{"column":30,"file":"/Users/mac/Desktop/NodeJS/sl_back/node_modules/ts-node/src/index.ts","function":"Module.m._compile","line":1617,"method":"_compile","native":false},{"column":10,"file":"node:internal/modules/cjs/loader","function":null,"line":1893,"method":null,"native":false},{"column":12,"file":"/Users/mac/Desktop/NodeJS/sl_back/node_modules/ts-node/src/index.ts","function":"Object.require.extensions.<computed> [as .ts]","line":1621,"method":"ts]","native":false},{"column":32,"file":"node:internal/modules/cjs/loader","function":"Module.load","line":1480,"method":"load","native":false},{"column":12,"file":"node:internal/modules/cjs/loader","function":"Module._load","line":1299,"method":"_load","native":false},{"column":14,"file":"node:diagnostics_channel","function":"TracingChannel.traceSync","line":328,"method":"traceSync","native":false}]}
{"date":"Mon Dec 08 2025 16:13:11 GMT+0530 (India Standard Time)","error":{"diagnosticCodes":[2662]},"exception":true,"level":"error","message":"uncaughtException: ⨯ Unable to compile TypeScript:\n\u001b[96msrc/service/user/customer.service.ts\u001b[0m:\u001b[93m32\u001b[0m:\u001b[93m48\u001b[0m - \u001b[91merror\u001b[0m\u001b[90m TS2662: \u001b[0mCannot find name 'name'. Did you mean the static member 'CustomerServies.name'?\n\n\u001b[7m32\u001b[0m                         name: { [Op.like]: `%${name}%` } // Filter by service name\n\u001b[7m  \u001b[0m \u001b[91m                                               ~~~~\u001b[0m\n\nTSError: ⨯ Unable to compile TypeScript:\n\u001b[96msrc/service/user/customer.service.ts\u001b[0m:\u001b[93m32\u001b[0m:\u001b[93m48\u001b[0m - \u001b[91merror\u001b[0m\u001b[90m TS2662: \u001b[0mCannot find name 'name'. Did you mean the static member 'CustomerServies.name'?\n\n\u001b[7m32\u001b[0m                         name: { [Op.like]: `%${name}%` } // Filter by service name\n\u001b[7m  \u001b[0m \u001b[91m                                               ~~~~\u001b[0m\n\n    at createTSError (/Users/mac/Desktop/NodeJS/sl_back/node_modules/ts-node/src/index.ts:859:12)\n    at reportTSError (/Users/mac/Desktop/NodeJS/sl_back/node_modules/ts-node/src/index.ts:863:19)\n    at getOutput (/Users/mac/Desktop/NodeJS/sl_back/node_modules/ts-node/src/index.ts:1077:36)\n    at Object.compile (/Users/mac/Desktop/NodeJS/sl_back/node_modules/ts-node/src/index.ts:1433:41)\n    at Module.m._compile (/Users/mac/Desktop/NodeJS/sl_back/node_modules/ts-node/src/index.ts:1617:30)\n    at node:internal/modules/cjs/loader:1893:10\n    at Object.require.extensions.<computed> [as .ts] (/Users/mac/Desktop/NodeJS/sl_back/node_modules/ts-node/src/index.ts:1621:12)\n    at Module.load (node:internal/modules/cjs/loader:1480:32)\n    at Module._load (node:internal/modules/cjs/loader:1299:12)\n    at TracingChannel.traceSync (node:diagnostics_channel:328:14)","os":{"loadavg":[3.36767578125,3.4130859375,3.51611328125],"uptime":22055},"process":{"argv":["/Users/mac/Desktop/NodeJS/sl_back/node_modules/.bin/ts-node","/Users/mac/Desktop/NodeJS/sl_back/src/server.ts"],"cwd":"/Users/mac/Desktop/NodeJS/sl_back","execPath":"/usr/local/bin/node","gid":20,"memoryUsage":{"arrayBuffers":5155007,"external":8327205,"heapTotal":308121600,"heapUsed":193346112,"rss":382500864},"pid":14144,"uid":501,"version":"v24.11.0"},"stack":"TSError: ⨯ Unable to compile TypeScript:\n\u001b[96msrc/service/user/customer.service.ts\u001b[0m:\u001b[93m32\u001b[0m:\u001b[93m48\u001b[0m - \u001b[91merror\u001b[0m\u001b[90m TS2662: \u001b[0mCannot find name 'name'. Did you mean the static member 'CustomerServies.name'?\n\n\u001b[7m32\u001b[0m                         name: { [Op.like]: `%${name}%` } // Filter by service name\n\u001b[7m  \u001b[0m \u001b[91m                                               ~~~~\u001b[0m\n\n    at createTSError (/Users/mac/Desktop/NodeJS/sl_back/node_modules/ts-node/src/index.ts:859:12)\n    at reportTSError (/Users/mac/Desktop/NodeJS/sl_back/node_modules/ts-node/src/index.ts:863:19)\n    at getOutput (/Users/mac/Desktop/NodeJS/sl_back/node_modules/ts-node/src/index.ts:1077:36)\n    at Object.compile (/Users/mac/Desktop/NodeJS/sl_back/node_modules/ts-node/src/index.ts:1433:41)\n    at Module.m._compile (/Users/mac/Desktop/NodeJS/sl_back/node_modules/ts-node/src/index.ts:1617:30)\n    at node:internal/modules/cjs/loader:1893:10\n    at Object.require.extensions.<computed> [as .ts] (/Users/mac/Desktop/NodeJS/sl_back/node_modules/ts-node/src/index.ts:1621:12)\n    at Module.load (node:internal/modules/cjs/loader:1480:32)\n    at Module._load (node:internal/modules/cjs/loader:1299:12)\n    at TracingChannel.traceSync (node:diagnostics_channel:328:14)","timestamp":"2025-12-08 16:13:11","trace":[{"column":12,"file":"/Users/mac/Desktop/NodeJS/sl_back/node_modules/ts-node/src/index.ts","function":"createTSError","line":859,"method":null,"native":false},{"column":19,"file":"/Users/mac/Desktop/NodeJS/sl_back/node_modules/ts-node/src/index.ts","function":"reportTSError","line":863,"method":null,"native":false},{"column":36,"file":"/Users/mac/Desktop/NodeJS/sl_back/node_modules/ts-node/src/index.ts","function":"getOutput","line":1077,"method":null,"native":false},{"column":41,"file":"/Users/mac/Desktop/NodeJS/sl_back/node_modules/ts-node/src/index.ts","function":"Object.compile","line":1433,"method":"compile","native":false},{"column":30,"file":"/Users/mac/Desktop/NodeJS/sl_back/node_modules/ts-node/src/index.ts","function":"Module.m._compile","line":1617,"method":"_compile","native":false},{"column":10,"file":"node:internal/modules/cjs/loader","function":null,"line":1893,"method":null,"native":false},{"column":12,"file":"/Users/mac/Desktop/NodeJS/sl_back/node_modules/ts-node/src/index.ts","function":"Object.require.extensions.<computed> [as .ts]","line":1621,"method":"ts]","native":false},{"column":32,"file":"node:internal/modules/cjs/loader","function":"Module.load","line":1480,"method":"load","native":false},{"column":12,"file":"node:internal/modules/cjs/loader","function":"Module._load","line":1299,"method":"_load","native":false},{"column":14,"file":"node:diagnostics_channel","function":"TracingChannel.traceSync","line":328,"method":"traceSync","native":false}]}
{"date":"Mon Dec 08 2025 16:13:24 GMT+0530 (India Standard Time)","error":{"diagnosticCodes":[2554]},"exception":true,"level":"error","message":"uncaughtException: ⨯ Unable to compile TypeScript:\n\u001b[96msrc/controllers/user/customer.controller.ts\u001b[0m:\u001b[93m17\u001b[0m:\u001b[93m31\u001b[0m - \u001b[91merror\u001b[0m\u001b[90m TS2554: \u001b[0mExpected 2 arguments, but got 1.\n\n\u001b[7m17\u001b[0m         await CustomerServies.fetchNearByShops(parsed.data)\n\u001b[7m  \u001b[0m \u001b[91m                              ~~~~~~~~~~~~~~~~\u001b[0m\n\n  \u001b[96msrc/service/user/customer.service.ts\u001b[0m:\u001b[93m7\u001b[0m:\u001b[93m46\u001b[0m\n    \u001b[7m7\u001b[0m     static async fetchNearByShops(data: any, name: string): Promise<any> {\n    \u001b[7m \u001b[0m \u001b[96m                                             ~~~~~~~~~~~~\u001b[0m\n    An argument for 'name' was not provided.\n\nTSError: ⨯ Unable to compile TypeScript:\n\u001b[96msrc/controllers/user/customer.controller.ts\u001b[0m:\u001b[93m17\u001b[0m:\u001b[93m31\u001b[0m - \u001b[91merror\u001b[0m\u001b[90m TS2554: \u001b[0mExpected 2 arguments, but got 1.\n\n\u001b[7m17\u001b[0m         await CustomerServies.fetchNearByShops(parsed.data)\n\u001b[7m  \u001b[0m \u001b[91m                              ~~~~~~~~~~~~~~~~\u001b[0m\n\n  \u001b[96msrc/service/user/customer.service.ts\u001b[0m:\u001b[93m7\u001b[0m:\u001b[93m46\u001b[0m\n    \u001b[7m7\u001b[0m     static async fetchNearByShops(data: any, name: string): Promise<any> {\n    \u001b[7m \u001b[0m \u001b[96m                                             ~~~~~~~~~~~~\u001b[0m\n    An argument for 'name' was not provided.\n\n    at createTSError (/Users/mac/Desktop/NodeJS/sl_back/node_modules/ts-node/src/index.ts:859:12)\n    at reportTSError (/Users/mac/Desktop/NodeJS/sl_back/node_modules/ts-node/src/index.ts:863:19)\n    at getOutput (/Users/mac/Desktop/NodeJS/sl_back/node_modules/ts-node/src/index.ts:1077:36)\n    at Object.compile (/Users/mac/Desktop/NodeJS/sl_back/node_modules/ts-node/src/index.ts:1433:41)\n    at Module.m._compile (/Users/mac/Desktop/NodeJS/sl_back/node_modules/ts-node/src/index.ts:1617:30)\n    at node:internal/modules/cjs/loader:1893:10\n    at Object.require.extensions.<computed> [as .ts] (/Users/mac/Desktop/NodeJS/sl_back/node_modules/ts-node/src/index.ts:1621:12)\n    at Module.load (node:internal/modules/cjs/loader:1480:32)\n    at Module._load (node:internal/modules/cjs/loader:1299:12)\n    at TracingChannel.traceSync (node:diagnostics_channel:328:14)","os":{"loadavg":[3.45703125,3.42578125,3.517578125],"uptime":22068},"process":{"argv":["/Users/mac/Desktop/NodeJS/sl_back/node_modules/.bin/ts-node","/Users/mac/Desktop/NodeJS/sl_back/src/server.ts"],"cwd":"/Users/mac/Desktop/NodeJS/sl_back","execPath":"/usr/local/bin/node","gid":20,"memoryUsage":{"arrayBuffers":5154999,"external":8327197,"heapTotal":307859456,"heapUsed":189251200,"rss":386945024},"pid":14195,"uid":501,"version":"v24.11.0"},"stack":"TSError: ⨯ Unable to compile TypeScript:\n\u001b[96msrc/controllers/user/customer.controller.ts\u001b[0m:\u001b[93m17\u001b[0m:\u001b[93m31\u001b[0m - \u001b[91merror\u001b[0m\u001b[90m TS2554: \u001b[0mExpected 2 arguments, but got 1.\n\n\u001b[7m17\u001b[0m         await CustomerServies.fetchNearByShops(parsed.data)\n\u001b[7m  \u001b[0m \u001b[91m                              ~~~~~~~~~~~~~~~~\u001b[0m\n\n  \u001b[96msrc/service/user/customer.service.ts\u001b[0m:\u001b[93m7\u001b[0m:\u001b[93m46\u001b[0m\n    \u001b[7m7\u001b[0m     static async fetchNearByShops(data: any, name: string): Promise<any> {\n    \u001b[7m \u001b[0m \u001b[96m                                             ~~~~~~~~~~~~\u001b[0m\n    An argument for 'name' was not provided.\n\n    at createTSError (/Users/mac/Desktop/NodeJS/sl_back/node_modules/ts-node/src/index.ts:859:12)\n    at reportTSError (/Users/mac/Desktop/NodeJS/sl_back/node_modules/ts-node/src/index.ts:863:19)\n    at getOutput (/Users/mac/Desktop/NodeJS/sl_back/node_modules/ts-node/src/index.ts:1077:36)\n    at Object.compile (/Users/mac/Desktop/NodeJS/sl_back/node_modules/ts-node/src/index.ts:1433:41)\n    at Module.m._compile (/Users/mac/Desktop/NodeJS/sl_back/node_modules/ts-node/src/index.ts:1617:30)\n    at node:internal/modules/cjs/loader:1893:10\n    at Object.require.extensions.<computed> [as .ts] (/Users/mac/Desktop/NodeJS/sl_back/node_modules/ts-node/src/index.ts:1621:12)\n    at Module.load (node:internal/modules/cjs/loader:1480:32)\n    at Module._load (node:internal/modules/cjs/loader:1299:12)\n    at TracingChannel.traceSync (node:diagnostics_channel:328:14)","timestamp":"2025-12-08 16:13:24","trace":[{"column":12,"file":"/Users/mac/Desktop/NodeJS/sl_back/node_modules/ts-node/src/index.ts","function":"createTSError","line":859,"method":null,"native":false},{"column":19,"file":"/Users/mac/Desktop/NodeJS/sl_back/node_modules/ts-node/src/index.ts","function":"reportTSError","line":863,"method":null,"native":false},{"column":36,"file":"/Users/mac/Desktop/NodeJS/sl_back/node_modules/ts-node/src/index.ts","function":"getOutput","line":1077,"method":null,"native":false},{"column":41,"file":"/Users/mac/Desktop/NodeJS/sl_back/node_modules/ts-node/src/index.ts","function":"Object.compile","line":1433,"method":"compile","native":false},{"column":30,"file":"/Users/mac/Desktop/NodeJS/sl_back/node_modules/ts-node/src/index.ts","function":"Module.m._compile","line":1617,"method":"_compile","native":false},{"column":10,"file":"node:internal/modules/cjs/loader","function":null,"line":1893,"method":null,"native":false},{"column":12,"file":"/Users/mac/Desktop/NodeJS/sl_back/node_modules/ts-node/src/index.ts","function":"Object.require.extensions.<computed> [as .ts]","line":1621,"method":"ts]","native":false},{"column":32,"file":"node:internal/modules/cjs/loader","function":"Module.load","line":1480,"method":"load","native":false},{"column":12,"file":"node:internal/modules/cjs/loader","function":"Module._load","line":1299,"method":"_load","native":false},{"column":14,"file":"node:diagnostics_channel","function":"TracingChannel.traceSync","line":328,"method":"traceSync","native":false}]}
{"date":"Mon Dec 08 2025 17:14:36 GMT+0530 (India Standard Time)","error":{"diagnosticCodes":[2554]},"exception":true,"level":"error","message":"uncaughtException: ⨯ Unable to compile TypeScript:\n\u001b[96msrc/controllers/user/customer.controller.ts\u001b[0m:\u001b[93m18\u001b[0m:\u001b[93m61\u001b[0m - \u001b[91merror\u001b[0m\u001b[90m TS2554: \u001b[0mExpected 1 arguments, but got 2.\n\n\u001b[7m18\u001b[0m         await CustomerServies.fetchNearByShops(parsed.data, serviceName)\n\u001b[7m  \u001b[0m \u001b[91m                                                            ~~~~~~~~~~~\u001b[0m\n\nTSError: ⨯ Unable to compile TypeScript:\n\u001b[96msrc/controllers/user/customer.controller.ts\u001b[0m:\u001b[93m18\u001b[0m:\u001b[93m61\u001b[0m - \u001b[91merror\u001b[0m\u001b[90m TS2554: \u001b[0mExpected 1 arguments, but got 2.\n\n\u001b[7m18\u001b[0m         await CustomerServies.fetchNearByShops(parsed.data, serviceName)\n\u001b[7m  \u001b[0m \u001b[91m                                                            ~~~~~~~~~~~\u001b[0m\n\n    at createTSError (/Users/mac/Desktop/NodeJS/sl_back/node_modules/ts-node/src/index.ts:859:12)\n    at reportTSError (/Users/mac/Desktop/NodeJS/sl_back/node_modules/ts-node/src/index.ts:863:19)\n    at getOutput (/Users/mac/Desktop/NodeJS/sl_back/node_modules/ts-node/src/index.ts:1077:36)\n    at Object.compile (/Users/mac/Desktop/NodeJS/sl_back/node_modules/ts-node/src/index.ts:1433:41)\n    at Module.m._compile (/Users/mac/Desktop/NodeJS/sl_back/node_modules/ts-node/src/index.ts:1617:30)\n    at node:internal/modules/cjs/loader:1893:10\n    at Object.require.extensions.<computed> [as .ts] (/Users/mac/Desktop/NodeJS/sl_back/node_modules/ts-node/src/index.ts:1621:12)\n    at Module.load (node:internal/modules/cjs/loader:1480:32)\n    at Module._load (node:internal/modules/cjs/loader:1299:12)\n    at TracingChannel.traceSync (node:diagnostics_channel:328:14)","os":{"loadavg":[4.68505859375,3.93505859375,3.5673828125],"uptime":25740},"process":{"argv":["/Users/mac/Desktop/NodeJS/sl_back/node_modules/.bin/ts-node","/Users/mac/Desktop/NodeJS/sl_back/src/server.ts"],"cwd":"/Users/mac/Desktop/NodeJS/sl_back","execPath":"/usr/local/bin/node","gid":20,"memoryUsage":{"arrayBuffers":5155047,"external":8327245,"heapTotal":309694464,"heapUsed":190213120,"rss":385818624},"pid":16852,"uid":501,"version":"v24.11.0"},"stack":"TSError: ⨯ Unable to compile TypeScript:\n\u001b[96msrc/controllers/user/customer.controller.ts\u001b[0m:\u001b[93m18\u001b[0m:\u001b[93m61\u001b[0m - \u001b[91merror\u001b[0m\u001b[90m TS2554: \u001b[0mExpected 1 arguments, but got 2.\n\n\u001b[7m18\u001b[0m         await CustomerServies.fetchNearByShops(parsed.data, serviceName)\n\u001b[7m  \u001b[0m \u001b[91m                                                            ~~~~~~~~~~~\u001b[0m\n\n    at createTSError (/Users/mac/Desktop/NodeJS/sl_back/node_modules/ts-node/src/index.ts:859:12)\n    at reportTSError (/Users/mac/Desktop/NodeJS/sl_back/node_modules/ts-node/src/index.ts:863:19)\n    at getOutput (/Users/mac/Desktop/NodeJS/sl_back/node_modules/ts-node/src/index.ts:1077:36)\n    at Object.compile (/Users/mac/Desktop/NodeJS/sl_back/node_modules/ts-node/src/index.ts:1433:41)\n    at Module.m._compile (/Users/mac/Desktop/NodeJS/sl_back/node_modules/ts-node/src/index.ts:1617:30)\n    at node:internal/modules/cjs/loader:1893:10\n    at Object.require.extensions.<computed> [as .ts] (/Users/mac/Desktop/NodeJS/sl_back/node_modules/ts-node/src/index.ts:1621:12)\n    at Module.load (node:internal/modules/cjs/loader:1480:32)\n    at Module._load (node:internal/modules/cjs/loader:1299:12)\n    at TracingChannel.traceSync (node:diagnostics_channel:328:14)","timestamp":"2025-12-08 17:14:36","trace":[{"column":12,"file":"/Users/mac/Desktop/NodeJS/sl_back/node_modules/ts-node/src/index.ts","function":"createTSError","line":859,"method":null,"native":false},{"column":19,"file":"/Users/mac/Desktop/NodeJS/sl_back/node_modules/ts-node/src/index.ts","function":"reportTSError","line":863,"method":null,"native":false},{"column":36,"file":"/Users/mac/Desktop/NodeJS/sl_back/node_modules/ts-node/src/index.ts","function":"getOutput","line":1077,"method":null,"native":false},{"column":41,"file":"/Users/mac/Desktop/NodeJS/sl_back/node_modules/ts-node/src/index.ts","function":"Object.compile","line":1433,"method":"compile","native":false},{"column":30,"file":"/Users/mac/Desktop/NodeJS/sl_back/node_modules/ts-node/src/index.ts","function":"Module.m._compile","line":1617,"method":"_compile","native":false},{"column":10,"file":"node:internal/modules/cjs/loader","function":null,"line":1893,"method":null,"native":false},{"column":12,"file":"/Users/mac/Desktop/NodeJS/sl_back/node_modules/ts-node/src/index.ts","function":"Object.require.extensions.<computed> [as .ts]","line":1621,"method":"ts]","native":false},{"column":32,"file":"node:internal/modules/cjs/loader","function":"Module.load","line":1480,"method":"load","native":false},{"column":12,"file":"node:internal/modules/cjs/loader","function":"Module._load","line":1299,"method":"_load","native":false},{"column":14,"file":"node:diagnostics_channel","function":"TracingChannel.traceSync","line":328,"method":"traceSync","native":false}]}
{"date":"Mon Dec 08 2025 17:52:40 GMT+0530 (India Standard Time)","error":{"diagnosticCodes":[2339,2339]},"exception":true,"level":"error","message":"uncaughtException: ⨯ Unable to compile TypeScript:\n\u001b[96msrc/routes/admin/admin.route.ts\u001b[0m:\u001b[93m8\u001b[0m:\u001b[93m48\u001b[0m - \u001b[91merror\u001b[0m\u001b[90m TS2339: \u001b[0mProperty 'createService' does not exist on type 'typeof AdminController'.\n\n\u001b[7m8\u001b[0m router.post(\"/create-service\", AdminController.createService)\n\u001b[7m \u001b[0m \u001b[91m                                               ~~~~~~~~~~~~~\u001b[0m\n\u001b[96msrc/routes/admin/admin.route.ts\u001b[0m:\u001b[93m9\u001b[0m:\u001b[93m41\u001b[0m - \u001b[91merror\u001b[0m\u001b[90m TS2339: \u001b[0mProperty 'getAllServices' does not exist on type 'typeof AdminController'.\n\n\u001b[7m9\u001b[0m router.get(\"/services\", AdminController.getAllServices)\n\u001b[7m \u001b[0m \u001b[91m                                        ~~~~~~~~~~~~~~\u001b[0m\n\nTSError: ⨯ Unable to compile TypeScript:\n\u001b[96msrc/routes/admin/admin.route.ts\u001b[0m:\u001b[93m8\u001b[0m:\u001b[93m48\u001b[0m - \u001b[91merror\u001b[0m\u001b[90m TS2339: \u001b[0mProperty 'createService' does not exist on type 'typeof AdminController'.\n\n\u001b[7m8\u001b[0m router.post(\"/create-service\", AdminController.createService)\n\u001b[7m \u001b[0m \u001b[91m                                               ~~~~~~~~~~~~~\u001b[0m\n\u001b[96msrc/routes/admin/admin.route.ts\u001b[0m:\u001b[93m9\u001b[0m:\u001b[93m41\u001b[0m - \u001b[91merror\u001b[0m\u001b[90m TS2339: \u001b[0mProperty 'getAllServices' does not exist on type 'typeof AdminController'.\n\n\u001b[7m9\u001b[0m router.get(\"/services\", AdminController.getAllServices)\n\u001b[7m \u001b[0m \u001b[91m                                        ~~~~~~~~~~~~~~\u001b[0m\n\n    at createTSError (/Users/mac/Desktop/NodeJS/sl_back/node_modules/ts-node/src/index.ts:859:12)\n    at reportTSError (/Users/mac/Desktop/NodeJS/sl_back/node_modules/ts-node/src/index.ts:863:19)\n    at getOutput (/Users/mac/Desktop/NodeJS/sl_back/node_modules/ts-node/src/index.ts:1077:36)\n    at Object.compile (/Users/mac/Desktop/NodeJS/sl_back/node_modules/ts-node/src/index.ts:1433:41)\n    at Module.m._compile (/Users/mac/Desktop/NodeJS/sl_back/node_modules/ts-node/src/index.ts:1617:30)\n    at node:internal/modules/cjs/loader:1893:10\n    at Object.require.extensions.<computed> [as .ts] (/Users/mac/Desktop/NodeJS/sl_back/node_modules/ts-node/src/index.ts:1621:12)\n    at Module.load (node:internal/modules/cjs/loader:1480:32)\n    at Module._load (node:internal/modules/cjs/loader:1299:12)\n    at TracingChannel.traceSync (node:diagnostics_channel:328:14)","os":{"loadavg":[4.10986328125,3.26611328125,3.19921875],"uptime":28024},"process":{"argv":["/Users/mac/Desktop/NodeJS/sl_back/node_modules/.bin/ts-node","/Users/mac/Desktop/NodeJS/sl_back/src/server.ts"],"cwd":"/Users/mac/Desktop/NodeJS/sl_back","execPath":"/usr/local/bin/node","gid":20,"memoryUsage":{"arrayBuffers":5199062,"external":8367671,"heapTotal":281325568,"heapUsed":210456792,"rss":346349568},"pid":17963,"uid":501,"version":"v24.11.0"},"stack":"TSError: ⨯ Unable to compile TypeScript:\n\u001b[96msrc/routes/admin/admin.route.ts\u001b[0m:\u001b[93m8\u001b[0m:\u001b[93m48\u001b[0m - \u001b[91merror\u001b[0m\u001b[90m TS2339: \u001b[0mProperty 'createService' does not exist on type 'typeof AdminController'.\n\n\u001b[7m8\u001b[0m router.post(\"/create-service\", AdminController.createService)\n\u001b[7m \u001b[0m \u001b[91m                                               ~~~~~~~~~~~~~\u001b[0m\n\u001b[96msrc/routes/admin/admin.route.ts\u001b[0m:\u001b[93m9\u001b[0m:\u001b[93m41\u001b[0m - \u001b[91merror\u001b[0m\u001b[90m TS2339: \u001b[0mProperty 'getAllServices' does not exist on type 'typeof AdminController'.\n\n\u001b[7m9\u001b[0m router.get(\"/services\", AdminController.getAllServices)\n\u001b[7m \u001b[0m \u001b[91m                                        ~~~~~~~~~~~~~~\u001b[0m\n\n    at createTSError (/Users/mac/Desktop/NodeJS/sl_back/node_modules/ts-node/src/index.ts:859:12)\n    at reportTSError (/Users/mac/Desktop/NodeJS/sl_back/node_modules/ts-node/src/index.ts:863:19)\n    at getOutput (/Users/mac/Desktop/NodeJS/sl_back/node_modules/ts-node/src/index.ts:1077:36)\n    at Object.compile (/Users/mac/Desktop/NodeJS/sl_back/node_modules/ts-node/src/index.ts:1433:41)\n    at Module.m._compile (/Users/mac/Desktop/NodeJS/sl_back/node_modules/ts-node/src/index.ts:1617:30)\n    at node:internal/modules/cjs/loader:1893:10\n    at Object.require.extensions.<computed> [as .ts] (/Users/mac/Desktop/NodeJS/sl_back/node_modules/ts-node/src/index.ts:1621:12)\n    at Module.load (node:internal/modules/cjs/loader:1480:32)\n    at Module._load (node:internal/modules/cjs/loader:1299:12)\n    at TracingChannel.traceSync (node:diagnostics_channel:328:14)","timestamp":"2025-12-08 17:52:40","trace":[{"column":12,"file":"/Users/mac/Desktop/NodeJS/sl_back/node_modules/ts-node/src/index.ts","function":"createTSError","line":859,"method":null,"native":false},{"column":19,"file":"/Users/mac/Desktop/NodeJS/sl_back/node_modules/ts-node/src/index.ts","function":"reportTSError","line":863,"method":null,"native":false},{"column":36,"file":"/Users/mac/Desktop/NodeJS/sl_back/node_modules/ts-node/src/index.ts","function":"getOutput","line":1077,"method":null,"native":false},{"column":41,"file":"/Users/mac/Desktop/NodeJS/sl_back/node_modules/ts-node/src/index.ts","function":"Object.compile","line":1433,"method":"compile","native":false},{"column":30,"file":"/Users/mac/Desktop/NodeJS/sl_back/node_modules/ts-node/src/index.ts","function":"Module.m._compile","line":1617,"method":"_compile","native":false},{"column":10,"file":"node:internal/modules/cjs/loader","function":null,"line":1893,"method":null,"native":false},{"column":12,"file":"/Users/mac/Desktop/NodeJS/sl_back/node_modules/ts-node/src/index.ts","function":"Object.require.extensions.<computed> [as .ts]","line":1621,"method":"ts]","native":false},{"column":32,"file":"node:internal/modules/cjs/loader","function":"Module.load","line":1480,"method":"load","native":false},{"column":12,"file":"node:internal/modules/cjs/loader","function":"Module._load","line":1299,"method":"_load","native":false},{"column":14,"file":"node:diagnostics_channel","function":"TracingChannel.traceSync","line":328,"method":"traceSync","native":false}]}
{"date":"Mon Dec 08 2025 17:53:29 GMT+0530 (India Standard Time)","error":{"diagnosticCodes":[2339,2339]},"exception":true,"level":"error","message":"uncaughtException: ⨯ Unable to compile TypeScript:\n\u001b[96msrc/routes/admin/admin.route.ts\u001b[0m:\u001b[93m8\u001b[0m:\u001b[93m48\u001b[0m - \u001b[91merror\u001b[0m\u001b[90m TS2339: \u001b[0mProperty 'createService' does not exist on type 'typeof AdminController'.\n\n\u001b[7m8\u001b[0m router.post(\"/create-service\", AdminController.createService)\n\u001b[7m \u001b[0m \u001b[91m                                               ~~~~~~~~~~~~~\u001b[0m\n\u001b[96msrc/routes/admin/admin.route.ts\u001b[0m:\u001b[93m9\u001b[0m:\u001b[93m41\u001b[0m - \u001b[91merror\u001b[0m\u001b[90m TS2339: \u001b[0mProperty 'getAllServices' does not exist on type 'typeof AdminController'.\n\n\u001b[7m9\u001b[0m router.get(\"/services\", AdminController.getAllServices)\n\u001b[7m \u001b[0m \u001b[91m                                        ~~~~~~~~~~~~~~\u001b[0m\n\nTSError: ⨯ Unable to compile TypeScript:\n\u001b[96msrc/routes/admin/admin.route.ts\u001b[0m:\u001b[93m8\u001b[0m:\u001b[93m48\u001b[0m - \u001b[91merror\u001b[0m\u001b[90m TS2339: \u001b[0mProperty 'createService' does not exist on type 'typeof AdminController'.\n\n\u001b[7m8\u001b[0m router.post(\"/create-service\", AdminController.createService)\n\u001b[7m \u001b[0m \u001b[91m                                               ~~~~~~~~~~~~~\u001b[0m\n\u001b[96msrc/routes/admin/admin.route.ts\u001b[0m:\u001b[93m9\u001b[0m:\u001b[93m41\u001b[0m - \u001b[91merror\u001b[0m\u001b[90m TS2339: \u001b[0mProperty 'getAllServices' does not exist on type 'typeof AdminController'.\n\n\u001b[7m9\u001b[0m router.get(\"/services\", AdminController.getAllServices)\n\u001b[7m \u001b[0m \u001b[91m                                        ~~~~~~~~~~~~~~\u001b[0m\n\n    at createTSError (/Users/mac/Desktop/NodeJS/sl_back/node_modules/ts-node/src/index.ts:859:12)\n    at reportTSError (/Users/mac/Desktop/NodeJS/sl_back/node_modules/ts-node/src/index.ts:863:19)\n    at getOutput (/Users/mac/Desktop/NodeJS/sl_back/node_modules/ts-node/src/index.ts:1077:36)\n    at Object.compile (/Users/mac/Desktop/NodeJS/sl_back/node_modules/ts-node/src/index.ts:1433:41)\n    at Module.m._compile (/Users/mac/Desktop/NodeJS/sl_back/node_modules/ts-node/src/index.ts:1617:30)\n    at node:internal/modules/cjs/loader:1893:10\n    at Object.require.extensions.<computed> [as .ts] (/Users/mac/Desktop/NodeJS/sl_back/node_modules/ts-node/src/index.ts:1621:12)\n    at Module.load (node:internal/modules/cjs/loader:1480:32)\n    at Module._load (node:internal/modules/cjs/loader:1299:12)\n    at TracingChannel.traceSync (node:diagnostics_channel:328:14)","os":{"loadavg":[4.16162109375,3.4072265625,3.25439453125],"uptime":28073},"process":{"argv":["/Users/mac/Desktop/NodeJS/sl_back/node_modules/.bin/ts-node","/Users/mac/Desktop/NodeJS/sl_back/src/server.ts"],"cwd":"/Users/mac/Desktop/NodeJS/sl_back","execPath":"/usr/local/bin/node","gid":20,"memoryUsage":{"arrayBuffers":5198942,"external":8367551,"heapTotal":282112000,"heapUsed":210202944,"rss":344911872},"pid":18022,"uid":501,"version":"v24.11.0"},"stack":"TSError: ⨯ Unable to compile TypeScript:\n\u001b[96msrc/routes/admin/admin.route.ts\u001b[0m:\u001b[93m8\u001b[0m:\u001b[93m48\u001b[0m - \u001b[91merror\u001b[0m\u001b[90m TS2339: \u001b[0mProperty 'createService' does not exist on type 'typeof AdminController'.\n\n\u001b[7m8\u001b[0m router.post(\"/create-service\", AdminController.createService)\n\u001b[7m \u001b[0m \u001b[91m                                               ~~~~~~~~~~~~~\u001b[0m\n\u001b[96msrc/routes/admin/admin.route.ts\u001b[0m:\u001b[93m9\u001b[0m:\u001b[93m41\u001b[0m - \u001b[91merror\u001b[0m\u001b[90m TS2339: \u001b[0mProperty 'getAllServices' does not exist on type 'typeof AdminController'.\n\n\u001b[7m9\u001b[0m router.get(\"/services\", AdminController.getAllServices)\n\u001b[7m \u001b[0m \u001b[91m                                        ~~~~~~~~~~~~~~\u001b[0m\n\n    at createTSError (/Users/mac/Desktop/NodeJS/sl_back/node_modules/ts-node/src/index.ts:859:12)\n    at reportTSError (/Users/mac/Desktop/NodeJS/sl_back/node_modules/ts-node/src/index.ts:863:19)\n    at getOutput (/Users/mac/Desktop/NodeJS/sl_back/node_modules/ts-node/src/index.ts:1077:36)\n    at Object.compile (/Users/mac/Desktop/NodeJS/sl_back/node_modules/ts-node/src/index.ts:1433:41)\n    at Module.m._compile (/Users/mac/Desktop/NodeJS/sl_back/node_modules/ts-node/src/index.ts:1617:30)\n    at node:internal/modules/cjs/loader:1893:10\n    at Object.require.extensions.<computed> [as .ts] (/Users/mac/Desktop/NodeJS/sl_back/node_modules/ts-node/src/index.ts:1621:12)\n    at Module.load (node:internal/modules/cjs/loader:1480:32)\n    at Module._load (node:internal/modules/cjs/loader:1299:12)\n    at TracingChannel.traceSync (node:diagnostics_channel:328:14)","timestamp":"2025-12-08 17:53:29","trace":[{"column":12,"file":"/Users/mac/Desktop/NodeJS/sl_back/node_modules/ts-node/src/index.ts","function":"createTSError","line":859,"method":null,"native":false},{"column":19,"file":"/Users/mac/Desktop/NodeJS/sl_back/node_modules/ts-node/src/index.ts","function":"reportTSError","line":863,"method":null,"native":false},{"column":36,"file":"/Users/mac/Desktop/NodeJS/sl_back/node_modules/ts-node/src/index.ts","function":"getOutput","line":1077,"method":null,"native":false},{"column":41,"file":"/Users/mac/Desktop/NodeJS/sl_back/node_modules/ts-node/src/index.ts","function":"Object.compile","line":1433,"method":"compile","native":false},{"column":30,"file":"/Users/mac/Desktop/NodeJS/sl_back/node_modules/ts-node/src/index.ts","function":"Module.m._compile","line":1617,"method":"_compile","native":false},{"column":10,"file":"node:internal/modules/cjs/loader","function":null,"line":1893,"method":null,"native":false},{"column":12,"file":"/Users/mac/Desktop/NodeJS/sl_back/node_modules/ts-node/src/index.ts","function":"Object.require.extensions.<computed> [as .ts]","line":1621,"method":"ts]","native":false},{"column":32,"file":"node:internal/modules/cjs/loader","function":"Module.load","line":1480,"method":"load","native":false},{"column":12,"file":"node:internal/modules/cjs/loader","function":"Module._load","line":1299,"method":"_load","native":false},{"column":14,"file":"node:diagnostics_channel","function":"TracingChannel.traceSync","line":328,"method":"traceSync","native":false}]}
{"date":"Mon Dec 08 2025 17:53:37 GMT+0530 (India Standard Time)","error":{"diagnosticCodes":[2339,2339]},"exception":true,"level":"error","message":"uncaughtException: ⨯ Unable to compile TypeScript:\n\u001b[96msrc/routes/admin/admin.route.ts\u001b[0m:\u001b[93m8\u001b[0m:\u001b[93m48\u001b[0m - \u001b[91merror\u001b[0m\u001b[90m TS2339: \u001b[0mProperty 'createService' does not exist on type 'typeof AdminController'.\n\n\u001b[7m8\u001b[0m router.post(\"/create-service\", AdminController.createService)\n\u001b[7m \u001b[0m \u001b[91m                                               ~~~~~~~~~~~~~\u001b[0m\n\u001b[96msrc/routes/admin/admin.route.ts\u001b[0m:\u001b[93m9\u001b[0m:\u001b[93m41\u001b[0m - \u001b[91merror\u001b[0m\u001b[90m TS2339: \u001b[0mProperty 'getAllServices' does not exist on type 'typeof AdminController'.\n\n\u001b[7m9\u001b[0m router.get(\"/services\", AdminController.getAllServices)\n\u001b[7m \u001b[0m \u001b[91m                                        ~~~~~~~~~~~~~~\u001b[0m\n\nTSError: ⨯ Unable to compile TypeScript:\n\u001b[96msrc/routes/admin/admin.route.ts\u001b[0m:\u001b[93m8\u001b[0m:\u001b[93m48\u001b[0m - \u001b[91merror\u001b[0m\u001b[90m TS2339: \u001b[0mProperty 'createService' does not exist on type 'typeof AdminController'.\n\n\u001b[7m8\u001b[0m router.post(\"/create-service\", AdminController.createService)\n\u001b[7m \u001b[0m \u001b[91m                                               ~~~~~~~~~~~~~\u001b[0m\n\u001b[96msrc/routes/admin/admin.route.ts\u001b[0m:\u001b[93m9\u001b[0m:\u001b[93m41\u001b[0m - \u001b[91merror\u001b[0m\u001b[90m TS2339: \u001b[0mProperty 'getAllServices' does not exist on type 'typeof AdminController'.\n\n\u001b[7m9\u001b[0m router.get(\"/services\", AdminController.getAllServices)\n\u001b[7m \u001b[0m \u001b[91m                                        ~~~~~~~~~~~~~~\u001b[0m\n\n    at createTSError (/Users/mac/Desktop/NodeJS/sl_back/node_modules/ts-node/src/index.ts:859:12)\n    at reportTSError (/Users/mac/Desktop/NodeJS/sl_back/node_modules/ts-node/src/index.ts:863:19)\n    at getOutput (/Users/mac/Desktop/NodeJS/sl_back/node_modules/ts-node/src/index.ts:1077:36)\n    at Object.compile (/Users/mac/Desktop/NodeJS/sl_back/node_modules/ts-node/src/index.ts:1433:41)\n    at Module.m._compile (/Users/mac/Desktop/NodeJS/sl_back/node_modules/ts-node/src/index.ts:1617:30)\n    at node:internal/modules/cjs/loader:1893:10\n    at Object.require.extensions.<computed> [as .ts] (/Users/mac/Desktop/NodeJS/sl_back/node_modules/ts-node/src/index.ts:1621:12)\n    at Module.load (node:internal/modules/cjs/loader:1480:32)\n    at Module._load (node:internal/modules/cjs/loader:1299:12)\n    at TracingChannel.traceSync (node:diagnostics_channel:328:14)","os":{"loadavg":[4.49169921875,3.50732421875,3.29150390625],"uptime":28081},"process":{"argv":["/Users/mac/Desktop/NodeJS/sl_back/node_modules/.bin/ts-node","/Users/mac/Desktop/NodeJS/sl_back/src/server.ts"],"cwd":"/Users/mac/Desktop/NodeJS/sl_back","execPath":"/usr/local/bin/node","gid":20,"memoryUsage":{"arrayBuffers":5198878,"external":8367487,"heapTotal":282898432,"heapUsed":210690936,"rss":346263552},"pid":18053,"uid":501,"version":"v24.11.0"},"stack":"TSError: ⨯ Unable to compile TypeScript:\n\u001b[96msrc/routes/admin/admin.route.ts\u001b[0m:\u001b[93m8\u001b[0m:\u001b[93m48\u001b[0m - \u001b[91merror\u001b[0m\u001b[90m TS2339: \u001b[0mProperty 'createService' does not exist on type 'typeof AdminController'.\n\n\u001b[7m8\u001b[0m router.post(\"/create-service\", AdminController.createService)\n\u001b[7m \u001b[0m \u001b[91m                                               ~~~~~~~~~~~~~\u001b[0m\n\u001b[96msrc/routes/admin/admin.route.ts\u001b[0m:\u001b[93m9\u001b[0m:\u001b[93m41\u001b[0m - \u001b[91merror\u001b[0m\u001b[90m TS2339: \u001b[0mProperty 'getAllServices' does not exist on type 'typeof AdminController'.\n\n\u001b[7m9\u001b[0m router.get(\"/services\", AdminController.getAllServices)\n\u001b[7m \u001b[0m \u001b[91m                                        ~~~~~~~~~~~~~~\u001b[0m\n\n    at createTSError (/Users/mac/Desktop/NodeJS/sl_back/node_modules/ts-node/src/index.ts:859:12)\n    at reportTSError (/Users/mac/Desktop/NodeJS/sl_back/node_modules/ts-node/src/index.ts:863:19)\n    at getOutput (/Users/mac/Desktop/NodeJS/sl_back/node_modules/ts-node/src/index.ts:1077:36)\n    at Object.compile (/Users/mac/Desktop/NodeJS/sl_back/node_modules/ts-node/src/index.ts:1433:41)\n    at Module.m._compile (/Users/mac/Desktop/NodeJS/sl_back/node_modules/ts-node/src/index.ts:1617:30)\n    at node:internal/modules/cjs/loader:1893:10\n    at Object.require.extensions.<computed> [as .ts] (/Users/mac/Desktop/NodeJS/sl_back/node_modules/ts-node/src/index.ts:1621:12)\n    at Module.load (node:internal/modules/cjs/loader:1480:32)\n    at Module._load (node:internal/modules/cjs/loader:1299:12)\n    at TracingChannel.traceSync (node:diagnostics_channel:328:14)","timestamp":"2025-12-08 17:53:37","trace":[{"column":12,"file":"/Users/mac/Desktop/NodeJS/sl_back/node_modules/ts-node/src/index.ts","function":"createTSError","line":859,"method":null,"native":false},{"column":19,"file":"/Users/mac/Desktop/NodeJS/sl_back/node_modules/ts-node/src/index.ts","function":"reportTSError","line":863,"method":null,"native":false},{"column":36,"file":"/Users/mac/Desktop/NodeJS/sl_back/node_modules/ts-node/src/index.ts","function":"getOutput","line":1077,"method":null,"native":false},{"column":41,"file":"/Users/mac/Desktop/NodeJS/sl_back/node_modules/ts-node/src/index.ts","function":"Object.compile","line":1433,"method":"compile","native":false},{"column":30,"file":"/Users/mac/Desktop/NodeJS/sl_back/node_modules/ts-node/src/index.ts","function":"Module.m._compile","line":1617,"method":"_compile","native":false},{"column":10,"file":"node:internal/modules/cjs/loader","function":null,"line":1893,"method":null,"native":false},{"column":12,"file":"/Users/mac/Desktop/NodeJS/sl_back/node_modules/ts-node/src/index.ts","function":"Object.require.extensions.<computed> [as .ts]","line":1621,"method":"ts]","native":false},{"column":32,"file":"node:internal/modules/cjs/loader","function":"Module.load","line":1480,"method":"load","native":false},{"column":12,"file":"node:internal/modules/cjs/loader","function":"Module._load","line":1299,"method":"_load","native":false},{"column":14,"file":"node:diagnostics_channel","function":"TracingChannel.traceSync","line":328,"method":"traceSync","native":false}]}
{"date":"Mon Dec 08 2025 17:54:06 GMT+0530 (India Standard Time)","error":{"diagnosticCodes":[2339,2339]},"exception":true,"level":"error","message":"uncaughtException: ⨯ Unable to compile TypeScript:\n\u001b[96msrc/routes/admin/admin.route.ts\u001b[0m:\u001b[93m8\u001b[0m:\u001b[93m48\u001b[0m - \u001b[91merror\u001b[0m\u001b[90m TS2339: \u001b[0mProperty 'createService' does not exist on type 'typeof AdminController'.\n\n\u001b[7m8\u001b[0m router.post(\"/create-service\", AdminController.createService)\n\u001b[7m \u001b[0m \u001b[91m                                               ~~~~~~~~~~~~~\u001b[0m\n\u001b[96msrc/routes/admin/admin.route.ts\u001b[0m:\u001b[93m9\u001b[0m:\u001b[93m41\u001b[0m - \u001b[91merror\u001b[0m\u001b[90m TS2339: \u001b[0mProperty 'getAllServices' does not exist on type 'typeof AdminController'.\n\n\u001b[7m9\u001b[0m router.get(\"/services\", AdminController.getAllServices)\n\u001b[7m \u001b[0m \u001b[91m                                        ~~~~~~~~~~~~~~\u001b[0m\n\nTSError: ⨯ Unable to compile TypeScript:\n\u001b[96msrc/routes/admin/admin.route.ts\u001b[0m:\u001b[93m8\u001b[0m:\u001b[93m48\u001b[0m - \u001b[91merror\u001b[0m\u001b[90m TS2339: \u001b[0mProperty 'createService' does not exist on type 'typeof AdminController'.\n\n\u001b[7m8\u001b[0m router.post(\"/create-service\", AdminController.createService)\n\u001b[7m \u001b[0m \u001b[91m                                               ~~~~~~~~~~~~~\u001b[0m\n\u001b[96msrc/routes/admin/admin.route.ts\u001b[0m:\u001b[93m9\u001b[0m:\u001b[93m41\u001b[0m - \u001b[91merror\u001b[0m\u001b[90m TS2339: \u001b[0mProperty 'getAllServices' does not exist on type 'typeof AdminController'.\n\n\u001b[7m9\u001b[0m router.get(\"/services\", AdminController.getAllServices)\n\u001b[7m \u001b[0m \u001b[91m                                        ~~~~~~~~~~~~~~\u001b[0m\n\n    at createTSError (/Users/mac/Desktop/NodeJS/sl_back/node_modules/ts-node/src/index.ts:859:12)\n    at reportTSError (/Users/mac/Desktop/NodeJS/sl_back/node_modules/ts-node/src/index.ts:863:19)\n    at getOutput (/Users/mac/Desktop/NodeJS/sl_back/node_modules/ts-node/src/index.ts:1077:36)\n    at Object.compile (/Users/mac/Desktop/NodeJS/sl_back/node_modules/ts-node/src/index.ts:1433:41)\n    at Module.m._compile (/Users/mac/Desktop/NodeJS/sl_back/node_modules/ts-node/src/index.ts:1617:30)\n    at node:internal/modules/cjs/loader:1893:10\n    at Object.require.extensions.<computed> [as .ts] (/Users/mac/Desktop/NodeJS/sl_back/node_modules/ts-node/src/index.ts:1621:12)\n    at Module.load (node:internal/modules/cjs/loader:1480:32)\n    at Module._load (node:internal/modules/cjs/loader:1299:12)\n    at TracingChannel.traceSync (node:diagnostics_channel:328:14)","os":{"loadavg":[4.390625,3.58349609375,3.32666015625],"uptime":28110},"process":{"argv":["/Users/mac/Desktop/NodeJS/sl_back/node_modules/.bin/ts-node","/Users/mac/Desktop/NodeJS/sl_back/src/server.ts"],"cwd":"/Users/mac/Desktop/NodeJS/sl_back","execPath":"/usr/local/bin/node","gid":20,"memoryUsage":{"arrayBuffers":5198942,"external":8367551,"heapTotal":283422720,"heapUsed":210471648,"rss":350814208},"pid":18098,"uid":501,"version":"v24.11.0"},"stack":"TSError: ⨯ Unable to compile TypeScript:\n\u001b[96msrc/routes/admin/admin.route.ts\u001b[0m:\u001b[93m8\u001b[0m:\u001b[93m48\u001b[0m - \u001b[91merror\u001b[0m\u001b[90m TS2339: \u001b[0mProperty 'createService' does not exist on type 'typeof AdminController'.\n\n\u001b[7m8\u001b[0m router.post(\"/create-service\", AdminController.createService)\n\u001b[7m \u001b[0m \u001b[91m                                               ~~~~~~~~~~~~~\u001b[0m\n\u001b[96msrc/routes/admin/admin.route.ts\u001b[0m:\u001b[93m9\u001b[0m:\u001b[93m41\u001b[0m - \u001b[91merror\u001b[0m\u001b[90m TS2339: \u001b[0mProperty 'getAllServices' does not exist on type 'typeof AdminController'.\n\n\u001b[7m9\u001b[0m router.get(\"/services\", AdminController.getAllServices)\n\u001b[7m \u001b[0m \u001b[91m                                        ~~~~~~~~~~~~~~\u001b[0m\n\n    at createTSError (/Users/mac/Desktop/NodeJS/sl_back/node_modules/ts-node/src/index.ts:859:12)\n    at reportTSError (/Users/mac/Desktop/NodeJS/sl_back/node_modules/ts-node/src/index.ts:863:19)\n    at getOutput (/Users/mac/Desktop/NodeJS/sl_back/node_modules/ts-node/src/index.ts:1077:36)\n    at Object.compile (/Users/mac/Desktop/NodeJS/sl_back/node_modules/ts-node/src/index.ts:1433:41)\n    at Module.m._compile (/Users/mac/Desktop/NodeJS/sl_back/node_modules/ts-node/src/index.ts:1617:30)\n    at node:internal/modules/cjs/loader:1893:10\n    at Object.require.extensions.<computed> [as .ts] (/Users/mac/Desktop/NodeJS/sl_back/node_modules/ts-node/src/index.ts:1621:12)\n    at Module.load (node:internal/modules/cjs/loader:1480:32)\n    at Module._load (node:internal/modules/cjs/loader:1299:12)\n    at TracingChannel.traceSync (node:diagnostics_channel:328:14)","timestamp":"2025-12-08 17:54:06","trace":[{"column":12,"file":"/Users/mac/Desktop/NodeJS/sl_back/node_modules/ts-node/src/index.ts","function":"createTSError","line":859,"method":null,"native":false},{"column":19,"file":"/Users/mac/Desktop/NodeJS/sl_back/node_modules/ts-node/src/index.ts","function":"reportTSError","line":863,"method":null,"native":false},{"column":36,"file":"/Users/mac/Desktop/NodeJS/sl_back/node_modules/ts-node/src/index.ts","function":"getOutput","line":1077,"method":null,"native":false},{"column":41,"file":"/Users/mac/Desktop/NodeJS/sl_back/node_modules/ts-node/src/index.ts","function":"Object.compile","line":1433,"method":"compile","native":false},{"column":30,"file":"/Users/mac/Desktop/NodeJS/sl_back/node_modules/ts-node/src/index.ts","function":"Module.m._compile","line":1617,"method":"_compile","native":false},{"column":10,"file":"node:internal/modules/cjs/loader","function":null,"line":1893,"method":null,"native":false},{"column":12,"file":"/Users/mac/Desktop/NodeJS/sl_back/node_modules/ts-node/src/index.ts","function":"Object.require.extensions.<computed> [as .ts]","line":1621,"method":"ts]","native":false},{"column":32,"file":"node:internal/modules/cjs/loader","function":"Module.load","line":1480,"method":"load","native":false},{"column":12,"file":"node:internal/modules/cjs/loader","function":"Module._load","line":1299,"method":"_load","native":false},{"column":14,"file":"node:diagnostics_channel","function":"TracingChannel.traceSync","line":328,"method":"traceSync","native":false}]}
{"date":"Mon Dec 08 2025 17:54:19 GMT+0530 (India Standard Time)","error":{"diagnosticCodes":[2339,2339]},"exception":true,"level":"error","message":"uncaughtException: ⨯ Unable to compile TypeScript:\n\u001b[96msrc/routes/admin/admin.route.ts\u001b[0m:\u001b[93m8\u001b[0m:\u001b[93m48\u001b[0m - \u001b[91merror\u001b[0m\u001b[90m TS2339: \u001b[0mProperty 'createService' does not exist on type 'typeof AdminController'.\n\n\u001b[7m8\u001b[0m router.post(\"/create-service\", AdminController.createService)\n\u001b[7m \u001b[0m \u001b[91m                                               ~~~~~~~~~~~~~\u001b[0m\n\u001b[96msrc/routes/admin/admin.route.ts\u001b[0m:\u001b[93m9\u001b[0m:\u001b[93m41\u001b[0m - \u001b[91merror\u001b[0m\u001b[90m TS2339: \u001b[0mProperty 'getAllServices' does not exist on type 'typeof AdminController'.\n\n\u001b[7m9\u001b[0m router.get(\"/services\", AdminController.getAllServices)\n\u001b[7m \u001b[0m \u001b[91m                                        ~~~~~~~~~~~~~~\u001b[0m\n\nTSError: ⨯ Unable to compile TypeScript:\n\u001b[96msrc/routes/admin/admin.route.ts\u001b[0m:\u001b[93m8\u001b[0m:\u001b[93m48\u001b[0m - \u001b[91merror\u001b[0m\u001b[90m TS2339: \u001b[0mProperty 'createService' does not exist on type 'typeof AdminController'.\n\n\u001b[7m8\u001b[0m router.post(\"/create-service\", AdminController.createService)\n\u001b[7m \u001b[0m \u001b[91m                                               ~~~~~~~~~~~~~\u001b[0m\n\u001b[96msrc/routes/admin/admin.route.ts\u001b[0m:\u001b[93m9\u001b[0m:\u001b[93m41\u001b[0m - \u001b[91merror\u001b[0m\u001b[90m TS2339: \u001b[0mProperty 'getAllServices' does not exist on type 'typeof AdminController'.\n\n\u001b[7m9\u001b[0m router.get(\"/services\", AdminController.getAllServices)\n\u001b[7m \u001b[0m \u001b[91m                                        ~~~~~~~~~~~~~~\u001b[0m\n\n    at createTSError (/Users/mac/Desktop/NodeJS/sl_back/node_modules/ts-node/src/index.ts:859:12)\n    at reportTSError (/Users/mac/Desktop/NodeJS/sl_back/node_modules/ts-node/src/index.ts:863:19)\n    at getOutput (/Users/mac/Desktop/NodeJS/sl_back/node_modules/ts-node/src/index.ts:1077:36)\n    at Object.compile (/Users/mac/Desktop/NodeJS/sl_back/node_modules/ts-node/src/index.ts:1433:41)\n    at Module.m._compile (/Users/mac/Desktop/NodeJS/sl_back/node_modules/ts-node/src/index.ts:1617:30)\n    at node:internal/modules/cjs/loader:1893:10\n    at Object.require.extensions.<computed> [as .ts] (/Users/mac/Desktop/NodeJS/sl_back/node_modules/ts-node/src/index.ts:1621:12)\n    at Module.load (node:internal/modules/cjs/loader:1480:32)\n    at Module._load (node:internal/modules/cjs/loader:1299:12)\n    at TracingChannel.traceSync (node:diagnostics_channel:328:14)","os":{"loadavg":[3.875,3.49853515625,3.29931640625],"uptime":28123},"process":{"argv":["/Users/mac/Desktop/NodeJS/sl_back/node_modules/.bin/ts-node","/Users/mac/Desktop/NodeJS/sl_back/src/server.ts"],"cwd":"/Users/mac/Desktop/NodeJS/sl_back","execPath":"/usr/local/bin/node","gid":20,"memoryUsage":{"arrayBuffers":5207134,"external":8375743,"heapTotal":281325568,"heapUsed":209819232,"rss":346898432},"pid":18187,"uid":501,"version":"v24.11.0"},"stack":"TSError: ⨯ Unable to compile TypeScript:\n\u001b[96msrc/routes/admin/admin.route.ts\u001b[0m:\u001b[93m8\u001b[0m:\u001b[93m48\u001b[0m - \u001b[91merror\u001b[0m\u001b[90m TS2339: \u001b[0mProperty 'createService' does not exist on type 'typeof AdminController'.\n\n\u001b[7m8\u001b[0m router.post(\"/create-service\", AdminController.createService)\n\u001b[7m \u001b[0m \u001b[91m                                               ~~~~~~~~~~~~~\u001b[0m\n\u001b[96msrc/routes/admin/admin.route.ts\u001b[0m:\u001b[93m9\u001b[0m:\u001b[93m41\u001b[0m - \u001b[91merror\u001b[0m\u001b[90m TS2339: \u001b[0mProperty 'getAllServices' does not exist on type 'typeof AdminController'.\n\n\u001b[7m9\u001b[0m router.get(\"/services\", AdminController.getAllServices)\n\u001b[7m \u001b[0m \u001b[91m                                        ~~~~~~~~~~~~~~\u001b[0m\n\n    at createTSError (/Users/mac/Desktop/NodeJS/sl_back/node_modules/ts-node/src/index.ts:859:12)\n    at reportTSError (/Users/mac/Desktop/NodeJS/sl_back/node_modules/ts-node/src/index.ts:863:19)\n    at getOutput (/Users/mac/Desktop/NodeJS/sl_back/node_modules/ts-node/src/index.ts:1077:36)\n    at Object.compile (/Users/mac/Desktop/NodeJS/sl_back/node_modules/ts-node/src/index.ts:1433:41)\n    at Module.m._compile (/Users/mac/Desktop/NodeJS/sl_back/node_modules/ts-node/src/index.ts:1617:30)\n    at node:internal/modules/cjs/loader:1893:10\n    at Object.require.extensions.<computed> [as .ts] (/Users/mac/Desktop/NodeJS/sl_back/node_modules/ts-node/src/index.ts:1621:12)\n    at Module.load (node:internal/modules/cjs/loader:1480:32)\n    at Module._load (node:internal/modules/cjs/loader:1299:12)\n    at TracingChannel.traceSync (node:diagnostics_channel:328:14)","timestamp":"2025-12-08 17:54:19","trace":[{"column":12,"file":"/Users/mac/Desktop/NodeJS/sl_back/node_modules/ts-node/src/index.ts","function":"createTSError","line":859,"method":null,"native":false},{"column":19,"file":"/Users/mac/Desktop/NodeJS/sl_back/node_modules/ts-node/src/index.ts","function":"reportTSError","line":863,"method":null,"native":false},{"column":36,"file":"/Users/mac/Desktop/NodeJS/sl_back/node_modules/ts-node/src/index.ts","function":"getOutput","line":1077,"method":null,"native":false},{"column":41,"file":"/Users/mac/Desktop/NodeJS/sl_back/node_modules/ts-node/src/index.ts","function":"Object.compile","line":1433,"method":"compile","native":false},{"column":30,"file":"/Users/mac/Desktop/NodeJS/sl_back/node_modules/ts-node/src/index.ts","function":"Module.m._compile","line":1617,"method":"_compile","native":false},{"column":10,"file":"node:internal/modules/cjs/loader","function":null,"line":1893,"method":null,"native":false},{"column":12,"file":"/Users/mac/Desktop/NodeJS/sl_back/node_modules/ts-node/src/index.ts","function":"Object.require.extensions.<computed> [as .ts]","line":1621,"method":"ts]","native":false},{"column":32,"file":"node:internal/modules/cjs/loader","function":"Module.load","line":1480,"method":"load","native":false},{"column":12,"file":"node:internal/modules/cjs/loader","function":"Module._load","line":1299,"method":"_load","native":false},{"column":14,"file":"node:diagnostics_channel","function":"TracingChannel.traceSync","line":328,"method":"traceSync","native":false}]}
{"date":"Mon Dec 08 2025 17:54:35 GMT+0530 (India Standard Time)","error":{"diagnosticCodes":[2339,2339]},"exception":true,"level":"error","message":"uncaughtException: ⨯ Unable to compile TypeScript:\n\u001b[96msrc/routes/admin/admin.route.ts\u001b[0m:\u001b[93m8\u001b[0m:\u001b[93m48\u001b[0m - \u001b[91merror\u001b[0m\u001b[90m TS2339: \u001b[0mProperty 'createService' does not exist on type 'typeof AdminController'.\n\n\u001b[7m8\u001b[0m router.post(\"/create-service\", AdminController.createService)\n\u001b[7m \u001b[0m \u001b[91m                                               ~~~~~~~~~~~~~\u001b[0m\n\u001b[96msrc/routes/admin/admin.route.ts\u001b[0m:\u001b[93m9\u001b[0m:\u001b[93m41\u001b[0m - \u001b[91merror\u001b[0m\u001b[90m TS2339: \u001b[0mProperty 'getAllServices' does not exist on type 'typeof AdminController'.\n\n\u001b[7m9\u001b[0m router.get(\"/services\", AdminController.getAllServices)\n\u001b[7m \u001b[0m \u001b[91m                                        ~~~~~~~~~~~~~~\u001b[0m\n\nTSError: ⨯ Unable to compile TypeScript:\n\u001b[96msrc/routes/admin/admin.route.ts\u001b[0m:\u001b[93m8\u001b[0m:\u001b[93m48\u001b[0m - \u001b[91merror\u001b[0m\u001b[90m TS2339: \u001b[0mProperty 'createService' does not exist on type 'typeof AdminController'.\n\n\u001b[7m8\u001b[0m router.post(\"/create-service\", AdminController.createService)\n\u001b[7m \u001b[0m \u001b[91m                                               ~~~~~~~~~~~~~\u001b[0m\n\u001b[96msrc/routes/admin/admin.route.ts\u001b[0m:\u001b[93m9\u001b[0m:\u001b[93m41\u001b[0m - \u001b[91merror\u001b[0m\u001b[90m TS2339: \u001b[0mProperty 'getAllServices' does not exist on type 'typeof AdminController'.\n\n\u001b[7m9\u001b[0m router.get(\"/services\", AdminController.getAllServices)\n\u001b[7m \u001b[0m \u001b[91m                                        ~~~~~~~~~~~~~~\u001b[0m\n\n    at createTSError (/Users/mac/Desktop/NodeJS/sl_back/node_modules/ts-node/src/index.ts:859:12)\n    at reportTSError (/Users/mac/Desktop/NodeJS/sl_back/node_modules/ts-node/src/index.ts:863:19)\n    at getOutput (/Users/mac/Desktop/NodeJS/sl_back/node_modules/ts-node/src/index.ts:1077:36)\n    at Object.compile (/Users/mac/Desktop/NodeJS/sl_back/node_modules/ts-node/src/index.ts:1433:41)\n    at Module.m._compile (/Users/mac/Desktop/NodeJS/sl_back/node_modules/ts-node/src/index.ts:1617:30)\n    at node:internal/modules/cjs/loader:1893:10\n    at Object.require.extensions.<computed> [as .ts] (/Users/mac/Desktop/NodeJS/sl_back/node_modules/ts-node/src/index.ts:1621:12)\n    at Module.load (node:internal/modules/cjs/loader:1480:32)\n    at Module._load (node:internal/modules/cjs/loader:1299:12)\n    at TracingChannel.traceSync (node:diagnostics_channel:328:14)","os":{"loadavg":[4.22265625,3.58935546875,3.33447265625],"uptime":28139},"process":{"argv":["/Users/mac/Desktop/NodeJS/sl_back/node_modules/.bin/ts-node","/Users/mac/Desktop/NodeJS/sl_back/src/server.ts"],"cwd":"/Users/mac/Desktop/NodeJS/sl_back","execPath":"/usr/local/bin/node","gid":20,"memoryUsage":{"arrayBuffers":5207126,"external":8375735,"heapTotal":282374144,"heapUsed":210450920,"rss":350294016},"pid":18229,"uid":501,"version":"v24.11.0"},"stack":"TSError: ⨯ Unable to compile TypeScript:\n\u001b[96msrc/routes/admin/admin.route.ts\u001b[0m:\u001b[93m8\u001b[0m:\u001b[93m48\u001b[0m - \u001b[91merror\u001b[0m\u001b[90m TS2339: \u001b[0mProperty 'createService' does not exist on type 'typeof AdminController'.\n\n\u001b[7m8\u001b[0m router.post(\"/create-service\", AdminController.createService)\n\u001b[7m \u001b[0m \u001b[91m                                               ~~~~~~~~~~~~~\u001b[0m\n\u001b[96msrc/routes/admin/admin.route.ts\u001b[0m:\u001b[93m9\u001b[0m:\u001b[93m41\u001b[0m - \u001b[91merror\u001b[0m\u001b[90m TS2339: \u001b[0mProperty 'getAllServices' does not exist on type 'typeof AdminController'.\n\n\u001b[7m9\u001b[0m router.get(\"/services\", AdminController.getAllServices)\n\u001b[7m \u001b[0m \u001b[91m                                        ~~~~~~~~~~~~~~\u001b[0m\n\n    at createTSError (/Users/mac/Desktop/NodeJS/sl_back/node_modules/ts-node/src/index.ts:859:12)\n    at reportTSError (/Users/mac/Desktop/NodeJS/sl_back/node_modules/ts-node/src/index.ts:863:19)\n    at getOutput (/Users/mac/Desktop/NodeJS/sl_back/node_modules/ts-node/src/index.ts:1077:36)\n    at Object.compile (/Users/mac/Desktop/NodeJS/sl_back/node_modules/ts-node/src/index.ts:1433:41)\n    at Module.m._compile (/Users/mac/Desktop/NodeJS/sl_back/node_modules/ts-node/src/index.ts:1617:30)\n    at node:internal/modules/cjs/loader:1893:10\n    at Object.require.extensions.<computed> [as .ts] (/Users/mac/Desktop/NodeJS/sl_back/node_modules/ts-node/src/index.ts:1621:12)\n    at Module.load (node:internal/modules/cjs/loader:1480:32)\n    at Module._load (node:internal/modules/cjs/loader:1299:12)\n    at TracingChannel.traceSync (node:diagnostics_channel:328:14)","timestamp":"2025-12-08 17:54:35","trace":[{"column":12,"file":"/Users/mac/Desktop/NodeJS/sl_back/node_modules/ts-node/src/index.ts","function":"createTSError","line":859,"method":null,"native":false},{"column":19,"file":"/Users/mac/Desktop/NodeJS/sl_back/node_modules/ts-node/src/index.ts","function":"reportTSError","line":863,"method":null,"native":false},{"column":36,"file":"/Users/mac/Desktop/NodeJS/sl_back/node_modules/ts-node/src/index.ts","function":"getOutput","line":1077,"method":null,"native":false},{"column":41,"file":"/Users/mac/Desktop/NodeJS/sl_back/node_modules/ts-node/src/index.ts","function":"Object.compile","line":1433,"method":"compile","native":false},{"column":30,"file":"/Users/mac/Desktop/NodeJS/sl_back/node_modules/ts-node/src/index.ts","function":"Module.m._compile","line":1617,"method":"_compile","native":false},{"column":10,"file":"node:internal/modules/cjs/loader","function":null,"line":1893,"method":null,"native":false},{"column":12,"file":"/Users/mac/Desktop/NodeJS/sl_back/node_modules/ts-node/src/index.ts","function":"Object.require.extensions.<computed> [as .ts]","line":1621,"method":"ts]","native":false},{"column":32,"file":"node:internal/modules/cjs/loader","function":"Module.load","line":1480,"method":"load","native":false},{"column":12,"file":"node:internal/modules/cjs/loader","function":"Module._load","line":1299,"method":"_load","native":false},{"column":14,"file":"node:diagnostics_channel","function":"TracingChannel.traceSync","line":328,"method":"traceSync","native":false}]}
{"date":"Mon Dec 08 2025 17:55:13 GMT+0530 (India Standard Time)","error":{"diagnosticCodes":[2339,2339]},"exception":true,"level":"error","message":"uncaughtException: ⨯ Unable to compile TypeScript:\n\u001b[96msrc/routes/admin/admin.route.ts\u001b[0m:\u001b[93m8\u001b[0m:\u001b[93m48\u001b[0m - \u001b[91merror\u001b[0m\u001b[90m TS2339: \u001b[0mProperty 'createService' does not exist on type 'typeof AdminController'.\n\n\u001b[7m8\u001b[0m router.post(\"/create-service\", AdminController.createService)\n\u001b[7m \u001b[0m \u001b[91m                                               ~~~~~~~~~~~~~\u001b[0m\n\u001b[96msrc/routes/admin/admin.route.ts\u001b[0m:\u001b[93m9\u001b[0m:\u001b[93m41\u001b[0m - \u001b[91merror\u001b[0m\u001b[90m TS2339: \u001b[0mProperty 'getAllServices' does not exist on type 'typeof AdminController'.\n\n\u001b[7m9\u001b[0m router.get(\"/services\", AdminController.getAllServices)\n\u001b[7m \u001b[0m \u001b[91m                                        ~~~~~~~~~~~~~~\u001b[0m\n\nTSError: ⨯ Unable to compile TypeScript:\n\u001b[96msrc/routes/admin/admin.route.ts\u001b[0m:\u001b[93m8\u001b[0m:\u001b[93m48\u001b[0m - \u001b[91merror\u001b[0m\u001b[90m TS2339: \u001b[0mProperty 'createService' does not exist on type 'typeof AdminController'.\n\n\u001b[7m8\u001b[0m router.post(\"/create-service\", AdminController.createService)\n\u001b[7m \u001b[0m \u001b[91m                                               ~~~~~~~~~~~~~\u001b[0m\n\u001b[96msrc/routes/admin/admin.route.ts\u001b[0m:\u001b[93m9\u001b[0m:\u001b[93m41\u001b[0m - \u001b[91merror\u001b[0m\u001b[90m TS2339: \u001b[0mProperty 'getAllServices' does not exist on type 'typeof AdminController'.\n\n\u001b[7m9\u001b[0m router.get(\"/services\", AdminController.getAllServices)\n\u001b[7m \u001b[0m \u001b[91m                                        ~~~~~~~~~~~~~~\u001b[0m\n\n    at createTSError (/Users/mac/Desktop/NodeJS/sl_back/node_modules/ts-node/src/index.ts:859:12)\n    at reportTSError (/Users/mac/Desktop/NodeJS/sl_back/node_modules/ts-node/src/index.ts:863:19)\n    at getOutput (/Users/mac/Desktop/NodeJS/sl_back/node_modules/ts-node/src/index.ts:1077:36)\n    at Object.compile (/Users/mac/Desktop/NodeJS/sl_back/node_modules/ts-node/src/index.ts:1433:41)\n    at Module.m._compile (/Users/mac/Desktop/NodeJS/sl_back/node_modules/ts-node/src/index.ts:1617:30)\n    at node:internal/modules/cjs/loader:1893:10\n    at Object.require.extensions.<computed> [as .ts] (/Users/mac/Desktop/NodeJS/sl_back/node_modules/ts-node/src/index.ts:1621:12)\n    at Module.load (node:internal/modules/cjs/loader:1480:32)\n    at Module._load (node:internal/modules/cjs/loader:1299:12)\n    at TracingChannel.traceSync (node:diagnostics_channel:328:14)","os":{"loadavg":[3.810546875,3.58544921875,3.34423828125],"uptime":28177},"process":{"argv":["/Users/mac/Desktop/NodeJS/sl_back/node_modules/.bin/ts-node","/Users/mac/Desktop/NodeJS/sl_back/src/server.ts"],"cwd":"/Users/mac/Desktop/NodeJS/sl_back","execPath":"/usr/local/bin/node","gid":20,"memoryUsage":{"arrayBuffers":5207246,"external":8375855,"heapTotal":282112000,"heapUsed":209747152,"rss":348848128},"pid":18407,"uid":501,"version":"v24.11.0"},"stack":"TSError: ⨯ Unable to compile TypeScript:\n\u001b[96msrc/routes/admin/admin.route.ts\u001b[0m:\u001b[93m8\u001b[0m:\u001b[93m48\u001b[0m - \u001b[91merror\u001b[0m\u001b[90m TS2339: \u001b[0mProperty 'createService' does not exist on type 'typeof AdminController'.\n\n\u001b[7m8\u001b[0m router.post(\"/create-service\", AdminController.createService)\n\u001b[7m \u001b[0m \u001b[91m                                               ~~~~~~~~~~~~~\u001b[0m\n\u001b[96msrc/routes/admin/admin.route.ts\u001b[0m:\u001b[93m9\u001b[0m:\u001b[93m41\u001b[0m - \u001b[91merror\u001b[0m\u001b[90m TS2339: \u001b[0mProperty 'getAllServices' does not exist on type 'typeof AdminController'.\n\n\u001b[7m9\u001b[0m router.get(\"/services\", AdminController.getAllServices)\n\u001b[7m \u001b[0m \u001b[91m                                        ~~~~~~~~~~~~~~\u001b[0m\n\n    at createTSError (/Users/mac/Desktop/NodeJS/sl_back/node_modules/ts-node/src/index.ts:859:12)\n    at reportTSError (/Users/mac/Desktop/NodeJS/sl_back/node_modules/ts-node/src/index.ts:863:19)\n    at getOutput (/Users/mac/Desktop/NodeJS/sl_back/node_modules/ts-node/src/index.ts:1077:36)\n    at Object.compile (/Users/mac/Desktop/NodeJS/sl_back/node_modules/ts-node/src/index.ts:1433:41)\n    at Module.m._compile (/Users/mac/Desktop/NodeJS/sl_back/node_modules/ts-node/src/index.ts:1617:30)\n    at node:internal/modules/cjs/loader:1893:10\n    at Object.require.extensions.<computed> [as .ts] (/Users/mac/Desktop/NodeJS/sl_back/node_modules/ts-node/src/index.ts:1621:12)\n    at Module.load (node:internal/modules/cjs/loader:1480:32)\n    at Module._load (node:internal/modules/cjs/loader:1299:12)\n    at TracingChannel.traceSync (node:diagnostics_channel:328:14)","timestamp":"2025-12-08 17:55:13","trace":[{"column":12,"file":"/Users/mac/Desktop/NodeJS/sl_back/node_modules/ts-node/src/index.ts","function":"createTSError","line":859,"method":null,"native":false},{"column":19,"file":"/Users/mac/Desktop/NodeJS/sl_back/node_modules/ts-node/src/index.ts","function":"reportTSError","line":863,"method":null,"native":false},{"column":36,"file":"/Users/mac/Desktop/NodeJS/sl_back/node_modules/ts-node/src/index.ts","function":"getOutput","line":1077,"method":null,"native":false},{"column":41,"file":"/Users/mac/Desktop/NodeJS/sl_back/node_modules/ts-node/src/index.ts","function":"Object.compile","line":1433,"method":"compile","native":false},{"column":30,"file":"/Users/mac/Desktop/NodeJS/sl_back/node_modules/ts-node/src/index.ts","function":"Module.m._compile","line":1617,"method":"_compile","native":false},{"column":10,"file":"node:internal/modules/cjs/loader","function":null,"line":1893,"method":null,"native":false},{"column":12,"file":"/Users/mac/Desktop/NodeJS/sl_back/node_modules/ts-node/src/index.ts","function":"Object.require.extensions.<computed> [as .ts]","line":1621,"method":"ts]","native":false},{"column":32,"file":"node:internal/modules/cjs/loader","function":"Module.load","line":1480,"method":"load","native":false},{"column":12,"file":"node:internal/modules/cjs/loader","function":"Module._load","line":1299,"method":"_load","native":false},{"column":14,"file":"node:diagnostics_channel","function":"TracingChannel.traceSync","line":328,"method":"traceSync","native":false}]}
{"date":"Mon Dec 08 2025 17:55:23 GMT+0530 (India Standard Time)","error":{"diagnosticCodes":[2339,2339]},"exception":true,"level":"error","message":"uncaughtException: ⨯ Unable to compile TypeScript:\n\u001b[96msrc/routes/admin/admin.route.ts\u001b[0m:\u001b[93m8\u001b[0m:\u001b[93m48\u001b[0m - \u001b[91merror\u001b[0m\u001b[90m TS2339: \u001b[0mProperty 'createService' does not exist on type 'typeof AdminController'.\n\n\u001b[7m8\u001b[0m router.post(\"/create-service\", AdminController.createService)\n\u001b[7m \u001b[0m \u001b[91m                                               ~~~~~~~~~~~~~\u001b[0m\n\u001b[96msrc/routes/admin/admin.route.ts\u001b[0m:\u001b[93m9\u001b[0m:\u001b[93m41\u001b[0m - \u001b[91merror\u001b[0m\u001b[90m TS2339: \u001b[0mProperty 'getAllServices' does not exist on type 'typeof AdminController'.\n\n\u001b[7m9\u001b[0m router.get(\"/services\", AdminController.getAllServices)\n\u001b[7m \u001b[0m \u001b[91m                                        ~~~~~~~~~~~~~~\u001b[0m\n\nTSError: ⨯ Unable to compile TypeScript:\n\u001b[96msrc/routes/admin/admin.route.ts\u001b[0m:\u001b[93m8\u001b[0m:\u001b[93m48\u001b[0m - \u001b[91merror\u001b[0m\u001b[90m TS2339: \u001b[0mProperty 'createService' does not exist on type 'typeof AdminController'.\n\n\u001b[7m8\u001b[0m router.post(\"/create-service\", AdminController.createService)\n\u001b[7m \u001b[0m \u001b[91m                                               ~~~~~~~~~~~~~\u001b[0m\n\u001b[96msrc/routes/admin/admin.route.ts\u001b[0m:\u001b[93m9\u001b[0m:\u001b[93m41\u001b[0m - \u001b[91merror\u001b[0m\u001b[90m TS2339: \u001b[0mProperty 'getAllServices' does not exist on type 'typeof AdminController'.\n\n\u001b[7m9\u001b[0m router.get(\"/services\", AdminController.getAllServices)\n\u001b[7m \u001b[0m \u001b[91m                                        ~~~~~~~~~~~~~~\u001b[0m\n\n    at createTSError (/Users/mac/Desktop/NodeJS/sl_back/node_modules/ts-node/src/index.ts:859:12)\n    at reportTSError (/Users/mac/Desktop/NodeJS/sl_back/node_modules/ts-node/src/index.ts:863:19)\n    at getOutput (/Users/mac/Desktop/NodeJS/sl_back/node_modules/ts-node/src/index.ts:1077:36)\n    at Object.compile (/Users/mac/Desktop/NodeJS/sl_back/node_modules/ts-node/src/index.ts:1433:41)\n    at Module.m._compile (/Users/mac/Desktop/NodeJS/sl_back/node_modules/ts-node/src/index.ts:1617:30)\n    at node:internal/modules/cjs/loader:1893:10\n    at Object.require.extensions.<computed> [as .ts] (/Users/mac/Desktop/NodeJS/sl_back/node_modules/ts-node/src/index.ts:1621:12)\n    at Module.load (node:internal/modules/cjs/loader:1480:32)\n    at Module._load (node:internal/modules/cjs/loader:1299:12)\n    at TracingChannel.traceSync (node:diagnostics_channel:328:14)","os":{"loadavg":[4.71044921875,3.7939453125,3.4208984375],"uptime":28187},"process":{"argv":["/Users/mac/Desktop/NodeJS/sl_back/node_modules/.bin/ts-node","/Users/mac/Desktop/NodeJS/sl_back/src/server.ts"],"cwd":"/Users/mac/Desktop/NodeJS/sl_back","execPath":"/usr/local/bin/node","gid":20,"memoryUsage":{"arrayBuffers":5207222,"external":8375831,"heapTotal":281849856,"heapUsed":210351272,"rss":349478912},"pid":18703,"uid":501,"version":"v24.11.0"},"stack":"TSError: ⨯ Unable to compile TypeScript:\n\u001b[96msrc/routes/admin/admin.route.ts\u001b[0m:\u001b[93m8\u001b[0m:\u001b[93m48\u001b[0m - \u001b[91merror\u001b[0m\u001b[90m TS2339: \u001b[0mProperty 'createService' does not exist on type 'typeof AdminController'.\n\n\u001b[7m8\u001b[0m router.post(\"/create-service\", AdminController.createService)\n\u001b[7m \u001b[0m \u001b[91m                                               ~~~~~~~~~~~~~\u001b[0m\n\u001b[96msrc/routes/admin/admin.route.ts\u001b[0m:\u001b[93m9\u001b[0m:\u001b[93m41\u001b[0m - \u001b[91merror\u001b[0m\u001b[90m TS2339: \u001b[0mProperty 'getAllServices' does not exist on type 'typeof AdminController'.\n\n\u001b[7m9\u001b[0m router.get(\"/services\", AdminController.getAllServices)\n\u001b[7m \u001b[0m \u001b[91m                                        ~~~~~~~~~~~~~~\u001b[0m\n\n    at createTSError (/Users/mac/Desktop/NodeJS/sl_back/node_modules/ts-node/src/index.ts:859:12)\n    at reportTSError (/Users/mac/Desktop/NodeJS/sl_back/node_modules/ts-node/src/index.ts:863:19)\n    at getOutput (/Users/mac/Desktop/NodeJS/sl_back/node_modules/ts-node/src/index.ts:1077:36)\n    at Object.compile (/Users/mac/Desktop/NodeJS/sl_back/node_modules/ts-node/src/index.ts:1433:41)\n    at Module.m._compile (/Users/mac/Desktop/NodeJS/sl_back/node_modules/ts-node/src/index.ts:1617:30)\n    at node:internal/modules/cjs/loader:1893:10\n    at Object.require.extensions.<computed> [as .ts] (/Users/mac/Desktop/NodeJS/sl_back/node_modules/ts-node/src/index.ts:1621:12)\n    at Module.load (node:internal/modules/cjs/loader:1480:32)\n    at Module._load (node:internal/modules/cjs/loader:1299:12)\n    at TracingChannel.traceSync (node:diagnostics_channel:328:14)","timestamp":"2025-12-08 17:55:23","trace":[{"column":12,"file":"/Users/mac/Desktop/NodeJS/sl_back/node_modules/ts-node/src/index.ts","function":"createTSError","line":859,"method":null,"native":false},{"column":19,"file":"/Users/mac/Desktop/NodeJS/sl_back/node_modules/ts-node/src/index.ts","function":"reportTSError","line":863,"method":null,"native":false},{"column":36,"file":"/Users/mac/Desktop/NodeJS/sl_back/node_modules/ts-node/src/index.ts","function":"getOutput","line":1077,"method":null,"native":false},{"column":41,"file":"/Users/mac/Desktop/NodeJS/sl_back/node_modules/ts-node/src/index.ts","function":"Object.compile","line":1433,"method":"compile","native":false},{"column":30,"file":"/Users/mac/Desktop/NodeJS/sl_back/node_modules/ts-node/src/index.ts","function":"Module.m._compile","line":1617,"method":"_compile","native":false},{"column":10,"file":"node:internal/modules/cjs/loader","function":null,"line":1893,"method":null,"native":false},{"column":12,"file":"/Users/mac/Desktop/NodeJS/sl_back/node_modules/ts-node/src/index.ts","function":"Object.require.extensions.<computed> [as .ts]","line":1621,"method":"ts]","native":false},{"column":32,"file":"node:internal/modules/cjs/loader","function":"Module.load","line":1480,"method":"load","native":false},{"column":12,"file":"node:internal/modules/cjs/loader","function":"Module._load","line":1299,"method":"_load","native":false},{"column":14,"file":"node:diagnostics_channel","function":"TracingChannel.traceSync","line":328,"method":"traceSync","native":false}]}
