{"date":"Wed Dec 03 2025 12:20:02 GMT+0530 (India Standard Time)","error":{"diagnosticCodes":[2339]},"exception":true,"level":"error","message":"uncaughtException: ⨯ Unable to compile TypeScript:\n\u001b[96msrc/middlewares/logger/request.logger.ts\u001b[0m:\u001b[93m34\u001b[0m:\u001b[93m20\u001b[0m - \u001b[91merror\u001b[0m\u001b[90m TS2339: \u001b[0mProperty 'success' does not exist on type 'Logger'.\n\n\u001b[7m34\u001b[0m             logger.success(\"Request Successful\", logData);\n\u001b[7m  \u001b[0m \u001b[91m                   ~~~~~~~\u001b[0m\n\nTSError: ⨯ Unable to compile TypeScript:\n\u001b[96msrc/middlewares/logger/request.logger.ts\u001b[0m:\u001b[93m34\u001b[0m:\u001b[93m20\u001b[0m - \u001b[91merror\u001b[0m\u001b[90m TS2339: \u001b[0mProperty 'success' does not exist on type 'Logger'.\n\n\u001b[7m34\u001b[0m             logger.success(\"Request Successful\", logData);\n\u001b[7m  \u001b[0m \u001b[91m                   ~~~~~~~\u001b[0m\n\n    at createTSError (/Users/mac/Desktop/NodeJS/sl_back/node_modules/ts-node/src/index.ts:859:12)\n    at reportTSError (/Users/mac/Desktop/NodeJS/sl_back/node_modules/ts-node/src/index.ts:863:19)\n    at getOutput (/Users/mac/Desktop/NodeJS/sl_back/node_modules/ts-node/src/index.ts:1077:36)\n    at Object.compile (/Users/mac/Desktop/NodeJS/sl_back/node_modules/ts-node/src/index.ts:1433:41)\n    at Module.m._compile (/Users/mac/Desktop/NodeJS/sl_back/node_modules/ts-node/src/index.ts:1617:30)\n    at node:internal/modules/cjs/loader:1893:10\n    at Object.require.extensions.<computed> [as .ts] (/Users/mac/Desktop/NodeJS/sl_back/node_modules/ts-node/src/index.ts:1621:12)\n    at Module.load (node:internal/modules/cjs/loader:1480:32)\n    at Module._load (node:internal/modules/cjs/loader:1299:12)\n    at TracingChannel.traceSync (node:diagnostics_channel:328:14)","os":{"loadavg":[2.6650390625,3.15576171875,3.30908203125],"uptime":9073},"process":{"argv":["/Users/mac/Desktop/NodeJS/sl_back/node_modules/.bin/ts-node","/Users/mac/Desktop/NodeJS/sl_back/src/server.ts"],"cwd":"/Users/mac/Desktop/NodeJS/sl_back","execPath":"/usr/local/bin/node","gid":20,"memoryUsage":{"arrayBuffers":5166516,"external":8335125,"heapTotal":295636992,"heapUsed":202282880,"rss":352067584},"pid":8608,"uid":501,"version":"v24.11.0"},"stack":"TSError: ⨯ Unable to compile TypeScript:\n\u001b[96msrc/middlewares/logger/request.logger.ts\u001b[0m:\u001b[93m34\u001b[0m:\u001b[93m20\u001b[0m - \u001b[91merror\u001b[0m\u001b[90m TS2339: \u001b[0mProperty 'success' does not exist on type 'Logger'.\n\n\u001b[7m34\u001b[0m             logger.success(\"Request Successful\", logData);\n\u001b[7m  \u001b[0m \u001b[91m                   ~~~~~~~\u001b[0m\n\n    at createTSError (/Users/mac/Desktop/NodeJS/sl_back/node_modules/ts-node/src/index.ts:859:12)\n    at reportTSError (/Users/mac/Desktop/NodeJS/sl_back/node_modules/ts-node/src/index.ts:863:19)\n    at getOutput (/Users/mac/Desktop/NodeJS/sl_back/node_modules/ts-node/src/index.ts:1077:36)\n    at Object.compile (/Users/mac/Desktop/NodeJS/sl_back/node_modules/ts-node/src/index.ts:1433:41)\n    at Module.m._compile (/Users/mac/Desktop/NodeJS/sl_back/node_modules/ts-node/src/index.ts:1617:30)\n    at node:internal/modules/cjs/loader:1893:10\n    at Object.require.extensions.<computed> [as .ts] (/Users/mac/Desktop/NodeJS/sl_back/node_modules/ts-node/src/index.ts:1621:12)\n    at Module.load (node:internal/modules/cjs/loader:1480:32)\n    at Module._load (node:internal/modules/cjs/loader:1299:12)\n    at TracingChannel.traceSync (node:diagnostics_channel:328:14)","timestamp":"2025-12-03 12:20:02","trace":[{"column":12,"file":"/Users/mac/Desktop/NodeJS/sl_back/node_modules/ts-node/src/index.ts","function":"createTSError","line":859,"method":null,"native":false},{"column":19,"file":"/Users/mac/Desktop/NodeJS/sl_back/node_modules/ts-node/src/index.ts","function":"reportTSError","line":863,"method":null,"native":false},{"column":36,"file":"/Users/mac/Desktop/NodeJS/sl_back/node_modules/ts-node/src/index.ts","function":"getOutput","line":1077,"method":null,"native":false},{"column":41,"file":"/Users/mac/Desktop/NodeJS/sl_back/node_modules/ts-node/src/index.ts","function":"Object.compile","line":1433,"method":"compile","native":false},{"column":30,"file":"/Users/mac/Desktop/NodeJS/sl_back/node_modules/ts-node/src/index.ts","function":"Module.m._compile","line":1617,"method":"_compile","native":false},{"column":10,"file":"node:internal/modules/cjs/loader","function":null,"line":1893,"method":null,"native":false},{"column":12,"file":"/Users/mac/Desktop/NodeJS/sl_back/node_modules/ts-node/src/index.ts","function":"Object.require.extensions.<computed> [as .ts]","line":1621,"method":"ts]","native":false},{"column":32,"file":"node:internal/modules/cjs/loader","function":"Module.load","line":1480,"method":"load","native":false},{"column":12,"file":"node:internal/modules/cjs/loader","function":"Module._load","line":1299,"method":"_load","native":false},{"column":14,"file":"node:diagnostics_channel","function":"TracingChannel.traceSync","line":328,"method":"traceSync","native":false}]}
{"date":"Wed Dec 03 2025 12:21:32 GMT+0530 (India Standard Time)","error":{"diagnosticCodes":[2339]},"exception":true,"level":"error","message":"uncaughtException: ⨯ Unable to compile TypeScript:\n\u001b[96msrc/middlewares/logger/request.logger.ts\u001b[0m:\u001b[93m34\u001b[0m:\u001b[93m20\u001b[0m - \u001b[91merror\u001b[0m\u001b[90m TS2339: \u001b[0mProperty 'success' does not exist on type 'Logger'.\n\n\u001b[7m34\u001b[0m             logger.success(\"Request Successful\", logData);\n\u001b[7m  \u001b[0m \u001b[91m                   ~~~~~~~\u001b[0m\n\nTSError: ⨯ Unable to compile TypeScript:\n\u001b[96msrc/middlewares/logger/request.logger.ts\u001b[0m:\u001b[93m34\u001b[0m:\u001b[93m20\u001b[0m - \u001b[91merror\u001b[0m\u001b[90m TS2339: \u001b[0mProperty 'success' does not exist on type 'Logger'.\n\n\u001b[7m34\u001b[0m             logger.success(\"Request Successful\", logData);\n\u001b[7m  \u001b[0m \u001b[91m                   ~~~~~~~\u001b[0m\n\n    at createTSError (/Users/mac/Desktop/NodeJS/sl_back/node_modules/ts-node/src/index.ts:859:12)\n    at reportTSError (/Users/mac/Desktop/NodeJS/sl_back/node_modules/ts-node/src/index.ts:863:19)\n    at getOutput (/Users/mac/Desktop/NodeJS/sl_back/node_modules/ts-node/src/index.ts:1077:36)\n    at Object.compile (/Users/mac/Desktop/NodeJS/sl_back/node_modules/ts-node/src/index.ts:1433:41)\n    at Module.m._compile (/Users/mac/Desktop/NodeJS/sl_back/node_modules/ts-node/src/index.ts:1617:30)\n    at node:internal/modules/cjs/loader:1893:10\n    at Object.require.extensions.<computed> [as .ts] (/Users/mac/Desktop/NodeJS/sl_back/node_modules/ts-node/src/index.ts:1621:12)\n    at Module.load (node:internal/modules/cjs/loader:1480:32)\n    at Module._load (node:internal/modules/cjs/loader:1299:12)\n    at TracingChannel.traceSync (node:diagnostics_channel:328:14)","os":{"loadavg":[3.0478515625,3.216796875,3.32177734375],"uptime":9163},"process":{"argv":["/Users/mac/Desktop/NodeJS/sl_back/node_modules/.bin/ts-node","/Users/mac/Desktop/NodeJS/sl_back/src/server.ts"],"cwd":"/Users/mac/Desktop/NodeJS/sl_back","execPath":"/usr/local/bin/node","gid":20,"memoryUsage":{"arrayBuffers":5158267,"external":8326876,"heapTotal":296538112,"heapUsed":195294448,"rss":353574912},"pid":8698,"uid":501,"version":"v24.11.0"},"stack":"TSError: ⨯ Unable to compile TypeScript:\n\u001b[96msrc/middlewares/logger/request.logger.ts\u001b[0m:\u001b[93m34\u001b[0m:\u001b[93m20\u001b[0m - \u001b[91merror\u001b[0m\u001b[90m TS2339: \u001b[0mProperty 'success' does not exist on type 'Logger'.\n\n\u001b[7m34\u001b[0m             logger.success(\"Request Successful\", logData);\n\u001b[7m  \u001b[0m \u001b[91m                   ~~~~~~~\u001b[0m\n\n    at createTSError (/Users/mac/Desktop/NodeJS/sl_back/node_modules/ts-node/src/index.ts:859:12)\n    at reportTSError (/Users/mac/Desktop/NodeJS/sl_back/node_modules/ts-node/src/index.ts:863:19)\n    at getOutput (/Users/mac/Desktop/NodeJS/sl_back/node_modules/ts-node/src/index.ts:1077:36)\n    at Object.compile (/Users/mac/Desktop/NodeJS/sl_back/node_modules/ts-node/src/index.ts:1433:41)\n    at Module.m._compile (/Users/mac/Desktop/NodeJS/sl_back/node_modules/ts-node/src/index.ts:1617:30)\n    at node:internal/modules/cjs/loader:1893:10\n    at Object.require.extensions.<computed> [as .ts] (/Users/mac/Desktop/NodeJS/sl_back/node_modules/ts-node/src/index.ts:1621:12)\n    at Module.load (node:internal/modules/cjs/loader:1480:32)\n    at Module._load (node:internal/modules/cjs/loader:1299:12)\n    at TracingChannel.traceSync (node:diagnostics_channel:328:14)","timestamp":"2025-12-03 12:21:32","trace":[{"column":12,"file":"/Users/mac/Desktop/NodeJS/sl_back/node_modules/ts-node/src/index.ts","function":"createTSError","line":859,"method":null,"native":false},{"column":19,"file":"/Users/mac/Desktop/NodeJS/sl_back/node_modules/ts-node/src/index.ts","function":"reportTSError","line":863,"method":null,"native":false},{"column":36,"file":"/Users/mac/Desktop/NodeJS/sl_back/node_modules/ts-node/src/index.ts","function":"getOutput","line":1077,"method":null,"native":false},{"column":41,"file":"/Users/mac/Desktop/NodeJS/sl_back/node_modules/ts-node/src/index.ts","function":"Object.compile","line":1433,"method":"compile","native":false},{"column":30,"file":"/Users/mac/Desktop/NodeJS/sl_back/node_modules/ts-node/src/index.ts","function":"Module.m._compile","line":1617,"method":"_compile","native":false},{"column":10,"file":"node:internal/modules/cjs/loader","function":null,"line":1893,"method":null,"native":false},{"column":12,"file":"/Users/mac/Desktop/NodeJS/sl_back/node_modules/ts-node/src/index.ts","function":"Object.require.extensions.<computed> [as .ts]","line":1621,"method":"ts]","native":false},{"column":32,"file":"node:internal/modules/cjs/loader","function":"Module.load","line":1480,"method":"load","native":false},{"column":12,"file":"node:internal/modules/cjs/loader","function":"Module._load","line":1299,"method":"_load","native":false},{"column":14,"file":"node:diagnostics_channel","function":"TracingChannel.traceSync","line":328,"method":"traceSync","native":false}]}
{"date":"Wed Dec 03 2025 12:27:28 GMT+0530 (India Standard Time)","error":{"diagnosticCodes":[2339]},"exception":true,"level":"error","message":"uncaughtException: ⨯ Unable to compile TypeScript:\n\u001b[96msrc/middlewares/logger/request.logger.ts\u001b[0m:\u001b[93m34\u001b[0m:\u001b[93m20\u001b[0m - \u001b[91merror\u001b[0m\u001b[90m TS2339: \u001b[0mProperty 'success' does not exist on type 'Logger'.\n\n\u001b[7m34\u001b[0m             logger.success(\"Request Successful\", logData);\n\u001b[7m  \u001b[0m \u001b[91m                   ~~~~~~~\u001b[0m\n\nTSError: ⨯ Unable to compile TypeScript:\n\u001b[96msrc/middlewares/logger/request.logger.ts\u001b[0m:\u001b[93m34\u001b[0m:\u001b[93m20\u001b[0m - \u001b[91merror\u001b[0m\u001b[90m TS2339: \u001b[0mProperty 'success' does not exist on type 'Logger'.\n\n\u001b[7m34\u001b[0m             logger.success(\"Request Successful\", logData);\n\u001b[7m  \u001b[0m \u001b[91m                   ~~~~~~~\u001b[0m\n\n    at createTSError (/Users/mac/Desktop/NodeJS/sl_back/node_modules/ts-node/src/index.ts:859:12)\n    at reportTSError (/Users/mac/Desktop/NodeJS/sl_back/node_modules/ts-node/src/index.ts:863:19)\n    at getOutput (/Users/mac/Desktop/NodeJS/sl_back/node_modules/ts-node/src/index.ts:1077:36)\n    at Object.compile (/Users/mac/Desktop/NodeJS/sl_back/node_modules/ts-node/src/index.ts:1433:41)\n    at Module.m._compile (/Users/mac/Desktop/NodeJS/sl_back/node_modules/ts-node/src/index.ts:1617:30)\n    at node:internal/modules/cjs/loader:1893:10\n    at Object.require.extensions.<computed> [as .ts] (/Users/mac/Desktop/NodeJS/sl_back/node_modules/ts-node/src/index.ts:1621:12)\n    at Module.load (node:internal/modules/cjs/loader:1480:32)\n    at Module._load (node:internal/modules/cjs/loader:1299:12)\n    at TracingChannel.traceSync (node:diagnostics_channel:328:14)","os":{"loadavg":[3.0537109375,3.39990234375,3.4248046875],"uptime":9519},"process":{"argv":["/Users/mac/Desktop/NodeJS/sl_back/node_modules/.bin/ts-node","/Users/mac/Desktop/NodeJS/sl_back/src/server.ts"],"cwd":"/Users/mac/Desktop/NodeJS/sl_back","execPath":"/usr/local/bin/node","gid":20,"memoryUsage":{"arrayBuffers":5190037,"external":8358646,"heapTotal":283160576,"heapUsed":201829216,"rss":349237248},"pid":9232,"uid":501,"version":"v24.11.0"},"stack":"TSError: ⨯ Unable to compile TypeScript:\n\u001b[96msrc/middlewares/logger/request.logger.ts\u001b[0m:\u001b[93m34\u001b[0m:\u001b[93m20\u001b[0m - \u001b[91merror\u001b[0m\u001b[90m TS2339: \u001b[0mProperty 'success' does not exist on type 'Logger'.\n\n\u001b[7m34\u001b[0m             logger.success(\"Request Successful\", logData);\n\u001b[7m  \u001b[0m \u001b[91m                   ~~~~~~~\u001b[0m\n\n    at createTSError (/Users/mac/Desktop/NodeJS/sl_back/node_modules/ts-node/src/index.ts:859:12)\n    at reportTSError (/Users/mac/Desktop/NodeJS/sl_back/node_modules/ts-node/src/index.ts:863:19)\n    at getOutput (/Users/mac/Desktop/NodeJS/sl_back/node_modules/ts-node/src/index.ts:1077:36)\n    at Object.compile (/Users/mac/Desktop/NodeJS/sl_back/node_modules/ts-node/src/index.ts:1433:41)\n    at Module.m._compile (/Users/mac/Desktop/NodeJS/sl_back/node_modules/ts-node/src/index.ts:1617:30)\n    at node:internal/modules/cjs/loader:1893:10\n    at Object.require.extensions.<computed> [as .ts] (/Users/mac/Desktop/NodeJS/sl_back/node_modules/ts-node/src/index.ts:1621:12)\n    at Module.load (node:internal/modules/cjs/loader:1480:32)\n    at Module._load (node:internal/modules/cjs/loader:1299:12)\n    at TracingChannel.traceSync (node:diagnostics_channel:328:14)","timestamp":"2025-12-03 12:27:28","trace":[{"column":12,"file":"/Users/mac/Desktop/NodeJS/sl_back/node_modules/ts-node/src/index.ts","function":"createTSError","line":859,"method":null,"native":false},{"column":19,"file":"/Users/mac/Desktop/NodeJS/sl_back/node_modules/ts-node/src/index.ts","function":"reportTSError","line":863,"method":null,"native":false},{"column":36,"file":"/Users/mac/Desktop/NodeJS/sl_back/node_modules/ts-node/src/index.ts","function":"getOutput","line":1077,"method":null,"native":false},{"column":41,"file":"/Users/mac/Desktop/NodeJS/sl_back/node_modules/ts-node/src/index.ts","function":"Object.compile","line":1433,"method":"compile","native":false},{"column":30,"file":"/Users/mac/Desktop/NodeJS/sl_back/node_modules/ts-node/src/index.ts","function":"Module.m._compile","line":1617,"method":"_compile","native":false},{"column":10,"file":"node:internal/modules/cjs/loader","function":null,"line":1893,"method":null,"native":false},{"column":12,"file":"/Users/mac/Desktop/NodeJS/sl_back/node_modules/ts-node/src/index.ts","function":"Object.require.extensions.<computed> [as .ts]","line":1621,"method":"ts]","native":false},{"column":32,"file":"node:internal/modules/cjs/loader","function":"Module.load","line":1480,"method":"load","native":false},{"column":12,"file":"node:internal/modules/cjs/loader","function":"Module._load","line":1299,"method":"_load","native":false},{"column":14,"file":"node:diagnostics_channel","function":"TracingChannel.traceSync","line":328,"method":"traceSync","native":false}]}
{"date":"Wed Dec 03 2025 12:27:35 GMT+0530 (India Standard Time)","error":{"diagnosticCodes":[2339]},"exception":true,"level":"error","message":"uncaughtException: ⨯ Unable to compile TypeScript:\n\u001b[96msrc/middlewares/logger/request.logger.ts\u001b[0m:\u001b[93m34\u001b[0m:\u001b[93m20\u001b[0m - \u001b[91merror\u001b[0m\u001b[90m TS2339: \u001b[0mProperty 'success' does not exist on type 'Logger'.\n\n\u001b[7m34\u001b[0m             logger.success(\"Request Successful\", logData);\n\u001b[7m  \u001b[0m \u001b[91m                   ~~~~~~~\u001b[0m\n\nTSError: ⨯ Unable to compile TypeScript:\n\u001b[96msrc/middlewares/logger/request.logger.ts\u001b[0m:\u001b[93m34\u001b[0m:\u001b[93m20\u001b[0m - \u001b[91merror\u001b[0m\u001b[90m TS2339: \u001b[0mProperty 'success' does not exist on type 'Logger'.\n\n\u001b[7m34\u001b[0m             logger.success(\"Request Successful\", logData);\n\u001b[7m  \u001b[0m \u001b[91m                   ~~~~~~~\u001b[0m\n\n    at createTSError (/Users/mac/Desktop/NodeJS/sl_back/node_modules/ts-node/src/index.ts:859:12)\n    at reportTSError (/Users/mac/Desktop/NodeJS/sl_back/node_modules/ts-node/src/index.ts:863:19)\n    at getOutput (/Users/mac/Desktop/NodeJS/sl_back/node_modules/ts-node/src/index.ts:1077:36)\n    at Object.compile (/Users/mac/Desktop/NodeJS/sl_back/node_modules/ts-node/src/index.ts:1433:41)\n    at Module.m._compile (/Users/mac/Desktop/NodeJS/sl_back/node_modules/ts-node/src/index.ts:1617:30)\n    at node:internal/modules/cjs/loader:1893:10\n    at Object.require.extensions.<computed> [as .ts] (/Users/mac/Desktop/NodeJS/sl_back/node_modules/ts-node/src/index.ts:1621:12)\n    at Module.load (node:internal/modules/cjs/loader:1480:32)\n    at Module._load (node:internal/modules/cjs/loader:1299:12)\n    at TracingChannel.traceSync (node:diagnostics_channel:328:14)","os":{"loadavg":[3.12939453125,3.40966796875,3.427734375],"uptime":9526},"process":{"argv":["/Users/mac/Desktop/NodeJS/sl_back/node_modules/.bin/ts-node","/Users/mac/Desktop/NodeJS/sl_back/src/server.ts"],"cwd":"/Users/mac/Desktop/NodeJS/sl_back","execPath":"/usr/local/bin/node","gid":20,"memoryUsage":{"arrayBuffers":5190133,"external":8358742,"heapTotal":281849856,"heapUsed":201658520,"rss":350904320},"pid":9253,"uid":501,"version":"v24.11.0"},"stack":"TSError: ⨯ Unable to compile TypeScript:\n\u001b[96msrc/middlewares/logger/request.logger.ts\u001b[0m:\u001b[93m34\u001b[0m:\u001b[93m20\u001b[0m - \u001b[91merror\u001b[0m\u001b[90m TS2339: \u001b[0mProperty 'success' does not exist on type 'Logger'.\n\n\u001b[7m34\u001b[0m             logger.success(\"Request Successful\", logData);\n\u001b[7m  \u001b[0m \u001b[91m                   ~~~~~~~\u001b[0m\n\n    at createTSError (/Users/mac/Desktop/NodeJS/sl_back/node_modules/ts-node/src/index.ts:859:12)\n    at reportTSError (/Users/mac/Desktop/NodeJS/sl_back/node_modules/ts-node/src/index.ts:863:19)\n    at getOutput (/Users/mac/Desktop/NodeJS/sl_back/node_modules/ts-node/src/index.ts:1077:36)\n    at Object.compile (/Users/mac/Desktop/NodeJS/sl_back/node_modules/ts-node/src/index.ts:1433:41)\n    at Module.m._compile (/Users/mac/Desktop/NodeJS/sl_back/node_modules/ts-node/src/index.ts:1617:30)\n    at node:internal/modules/cjs/loader:1893:10\n    at Object.require.extensions.<computed> [as .ts] (/Users/mac/Desktop/NodeJS/sl_back/node_modules/ts-node/src/index.ts:1621:12)\n    at Module.load (node:internal/modules/cjs/loader:1480:32)\n    at Module._load (node:internal/modules/cjs/loader:1299:12)\n    at TracingChannel.traceSync (node:diagnostics_channel:328:14)","timestamp":"2025-12-03 12:27:35","trace":[{"column":12,"file":"/Users/mac/Desktop/NodeJS/sl_back/node_modules/ts-node/src/index.ts","function":"createTSError","line":859,"method":null,"native":false},{"column":19,"file":"/Users/mac/Desktop/NodeJS/sl_back/node_modules/ts-node/src/index.ts","function":"reportTSError","line":863,"method":null,"native":false},{"column":36,"file":"/Users/mac/Desktop/NodeJS/sl_back/node_modules/ts-node/src/index.ts","function":"getOutput","line":1077,"method":null,"native":false},{"column":41,"file":"/Users/mac/Desktop/NodeJS/sl_back/node_modules/ts-node/src/index.ts","function":"Object.compile","line":1433,"method":"compile","native":false},{"column":30,"file":"/Users/mac/Desktop/NodeJS/sl_back/node_modules/ts-node/src/index.ts","function":"Module.m._compile","line":1617,"method":"_compile","native":false},{"column":10,"file":"node:internal/modules/cjs/loader","function":null,"line":1893,"method":null,"native":false},{"column":12,"file":"/Users/mac/Desktop/NodeJS/sl_back/node_modules/ts-node/src/index.ts","function":"Object.require.extensions.<computed> [as .ts]","line":1621,"method":"ts]","native":false},{"column":32,"file":"node:internal/modules/cjs/loader","function":"Module.load","line":1480,"method":"load","native":false},{"column":12,"file":"node:internal/modules/cjs/loader","function":"Module._load","line":1299,"method":"_load","native":false},{"column":14,"file":"node:diagnostics_channel","function":"TracingChannel.traceSync","line":328,"method":"traceSync","native":false}]}
{"date":"Wed Dec 03 2025 12:27:52 GMT+0530 (India Standard Time)","error":{"diagnosticCodes":[2339]},"exception":true,"level":"error","message":"uncaughtException: ⨯ Unable to compile TypeScript:\n\u001b[96msrc/middlewares/logger/request.logger.ts\u001b[0m:\u001b[93m34\u001b[0m:\u001b[93m20\u001b[0m - \u001b[91merror\u001b[0m\u001b[90m TS2339: \u001b[0mProperty 'success' does not exist on type 'Logger'.\n\n\u001b[7m34\u001b[0m             logger.success(\"Request Successful\", logData);\n\u001b[7m  \u001b[0m \u001b[91m                   ~~~~~~~\u001b[0m\n\nTSError: ⨯ Unable to compile TypeScript:\n\u001b[96msrc/middlewares/logger/request.logger.ts\u001b[0m:\u001b[93m34\u001b[0m:\u001b[93m20\u001b[0m - \u001b[91merror\u001b[0m\u001b[90m TS2339: \u001b[0mProperty 'success' does not exist on type 'Logger'.\n\n\u001b[7m34\u001b[0m             logger.success(\"Request Successful\", logData);\n\u001b[7m  \u001b[0m \u001b[91m                   ~~~~~~~\u001b[0m\n\n    at createTSError (/Users/mac/Desktop/NodeJS/sl_back/node_modules/ts-node/src/index.ts:859:12)\n    at reportTSError (/Users/mac/Desktop/NodeJS/sl_back/node_modules/ts-node/src/index.ts:863:19)\n    at getOutput (/Users/mac/Desktop/NodeJS/sl_back/node_modules/ts-node/src/index.ts:1077:36)\n    at Object.compile (/Users/mac/Desktop/NodeJS/sl_back/node_modules/ts-node/src/index.ts:1433:41)\n    at Module.m._compile (/Users/mac/Desktop/NodeJS/sl_back/node_modules/ts-node/src/index.ts:1617:30)\n    at node:internal/modules/cjs/loader:1893:10\n    at Object.require.extensions.<computed> [as .ts] (/Users/mac/Desktop/NodeJS/sl_back/node_modules/ts-node/src/index.ts:1621:12)\n    at Module.load (node:internal/modules/cjs/loader:1480:32)\n    at Module._load (node:internal/modules/cjs/loader:1299:12)\n    at TracingChannel.traceSync (node:diagnostics_channel:328:14)","os":{"loadavg":[3.041015625,3.3671875,3.41162109375],"uptime":9543},"process":{"argv":["/Users/mac/Desktop/NodeJS/sl_back/node_modules/.bin/ts-node","/Users/mac/Desktop/NodeJS/sl_back/src/server.ts"],"cwd":"/Users/mac/Desktop/NodeJS/sl_back","execPath":"/usr/local/bin/node","gid":20,"memoryUsage":{"arrayBuffers":5190277,"external":8358886,"heapTotal":279752704,"heapUsed":201404504,"rss":346529792},"pid":9320,"uid":501,"version":"v24.11.0"},"stack":"TSError: ⨯ Unable to compile TypeScript:\n\u001b[96msrc/middlewares/logger/request.logger.ts\u001b[0m:\u001b[93m34\u001b[0m:\u001b[93m20\u001b[0m - \u001b[91merror\u001b[0m\u001b[90m TS2339: \u001b[0mProperty 'success' does not exist on type 'Logger'.\n\n\u001b[7m34\u001b[0m             logger.success(\"Request Successful\", logData);\n\u001b[7m  \u001b[0m \u001b[91m                   ~~~~~~~\u001b[0m\n\n    at createTSError (/Users/mac/Desktop/NodeJS/sl_back/node_modules/ts-node/src/index.ts:859:12)\n    at reportTSError (/Users/mac/Desktop/NodeJS/sl_back/node_modules/ts-node/src/index.ts:863:19)\n    at getOutput (/Users/mac/Desktop/NodeJS/sl_back/node_modules/ts-node/src/index.ts:1077:36)\n    at Object.compile (/Users/mac/Desktop/NodeJS/sl_back/node_modules/ts-node/src/index.ts:1433:41)\n    at Module.m._compile (/Users/mac/Desktop/NodeJS/sl_back/node_modules/ts-node/src/index.ts:1617:30)\n    at node:internal/modules/cjs/loader:1893:10\n    at Object.require.extensions.<computed> [as .ts] (/Users/mac/Desktop/NodeJS/sl_back/node_modules/ts-node/src/index.ts:1621:12)\n    at Module.load (node:internal/modules/cjs/loader:1480:32)\n    at Module._load (node:internal/modules/cjs/loader:1299:12)\n    at TracingChannel.traceSync (node:diagnostics_channel:328:14)","timestamp":"2025-12-03 12:27:52","trace":[{"column":12,"file":"/Users/mac/Desktop/NodeJS/sl_back/node_modules/ts-node/src/index.ts","function":"createTSError","line":859,"method":null,"native":false},{"column":19,"file":"/Users/mac/Desktop/NodeJS/sl_back/node_modules/ts-node/src/index.ts","function":"reportTSError","line":863,"method":null,"native":false},{"column":36,"file":"/Users/mac/Desktop/NodeJS/sl_back/node_modules/ts-node/src/index.ts","function":"getOutput","line":1077,"method":null,"native":false},{"column":41,"file":"/Users/mac/Desktop/NodeJS/sl_back/node_modules/ts-node/src/index.ts","function":"Object.compile","line":1433,"method":"compile","native":false},{"column":30,"file":"/Users/mac/Desktop/NodeJS/sl_back/node_modules/ts-node/src/index.ts","function":"Module.m._compile","line":1617,"method":"_compile","native":false},{"column":10,"file":"node:internal/modules/cjs/loader","function":null,"line":1893,"method":null,"native":false},{"column":12,"file":"/Users/mac/Desktop/NodeJS/sl_back/node_modules/ts-node/src/index.ts","function":"Object.require.extensions.<computed> [as .ts]","line":1621,"method":"ts]","native":false},{"column":32,"file":"node:internal/modules/cjs/loader","function":"Module.load","line":1480,"method":"load","native":false},{"column":12,"file":"node:internal/modules/cjs/loader","function":"Module._load","line":1299,"method":"_load","native":false},{"column":14,"file":"node:diagnostics_channel","function":"TracingChannel.traceSync","line":328,"method":"traceSync","native":false}]}
{"date":"Wed Dec 03 2025 12:32:06 GMT+0530 (India Standard Time)","error":{},"exception":true,"level":"error","message":"uncaughtException: Converting circular structure to JSON\n    --> starting at object with constructor 'Socket'\n    |     property 'parser' -> object with constructor 'HTTPParser'\n    --- property 'socket' closes the circle\nTypeError: Converting circular structure to JSON\n    --> starting at object with constructor 'Socket'\n    |     property 'parser' -> object with constructor 'HTTPParser'\n    --- property 'socket' closes the circle\n    at JSON.stringify (<anonymous>)\n    at Printf.template (/Users/mac/Desktop/NodeJS/sl_back/src/config/logger.ts:49:25)\n    at Printf.transform (/Users/mac/Desktop/NodeJS/sl_back/node_modules/logform/printf.js:11:26)\n    at Format.transform (/Users/mac/Desktop/NodeJS/sl_back/node_modules/logform/combine.js:20:24)\n    at Console._write (/Users/mac/Desktop/NodeJS/sl_back/node_modules/winston-transport/modern.js:91:33)\n    at doWrite (/Users/mac/Desktop/NodeJS/sl_back/node_modules/readable-stream/lib/_stream_writable.js:390:139)\n    at writeOrBuffer (/Users/mac/Desktop/NodeJS/sl_back/node_modules/readable-stream/lib/_stream_writable.js:381:5)\n    at Console.Writable.write (/Users/mac/Desktop/NodeJS/sl_back/node_modules/readable-stream/lib/_stream_writable.js:302:11)\n    at DerivedLogger.ondata (/Users/mac/Desktop/NodeJS/sl_back/node_modules/readable-stream/lib/_stream_readable.js:629:20)\n    at DerivedLogger.emit (node:events:520:35)","os":{"loadavg":[2.84521484375,3.06591796875,3.25048828125],"uptime":9797},"process":{"argv":["/Users/mac/Desktop/NodeJS/sl_back/node_modules/.bin/ts-node","/Users/mac/Desktop/NodeJS/sl_back/src/server.ts"],"cwd":"/Users/mac/Desktop/NodeJS/sl_back","execPath":"/usr/local/bin/node","gid":20,"memoryUsage":{"arrayBuffers":5231921,"external":8418974,"heapTotal":281202688,"heapUsed":165369912,"rss":348495872},"pid":9621,"uid":501,"version":"v24.11.0"},"stack":"TypeError: Converting circular structure to JSON\n    --> starting at object with constructor 'Socket'\n    |     property 'parser' -> object with constructor 'HTTPParser'\n    --- property 'socket' closes the circle\n    at JSON.stringify (<anonymous>)\n    at Printf.template (/Users/mac/Desktop/NodeJS/sl_back/src/config/logger.ts:49:25)\n    at Printf.transform (/Users/mac/Desktop/NodeJS/sl_back/node_modules/logform/printf.js:11:26)\n    at Format.transform (/Users/mac/Desktop/NodeJS/sl_back/node_modules/logform/combine.js:20:24)\n    at Console._write (/Users/mac/Desktop/NodeJS/sl_back/node_modules/winston-transport/modern.js:91:33)\n    at doWrite (/Users/mac/Desktop/NodeJS/sl_back/node_modules/readable-stream/lib/_stream_writable.js:390:139)\n    at writeOrBuffer (/Users/mac/Desktop/NodeJS/sl_back/node_modules/readable-stream/lib/_stream_writable.js:381:5)\n    at Console.Writable.write (/Users/mac/Desktop/NodeJS/sl_back/node_modules/readable-stream/lib/_stream_writable.js:302:11)\n    at DerivedLogger.ondata (/Users/mac/Desktop/NodeJS/sl_back/node_modules/readable-stream/lib/_stream_readable.js:629:20)\n    at DerivedLogger.emit (node:events:520:35)","timestamp":"2025-12-03 12:32:06","trace":[{"column":null,"file":null,"function":null,"line":null,"method":null,"native":false},{"column":null,"file":null,"function":"JSON.stringify","line":null,"method":"stringify","native":false},{"column":25,"file":"/Users/mac/Desktop/NodeJS/sl_back/src/config/logger.ts","function":"Printf.template","line":49,"method":"template","native":false},{"column":26,"file":"/Users/mac/Desktop/NodeJS/sl_back/node_modules/logform/printf.js","function":"Printf.transform","line":11,"method":"transform","native":false},{"column":24,"file":"/Users/mac/Desktop/NodeJS/sl_back/node_modules/logform/combine.js","function":"Format.transform","line":20,"method":"transform","native":false},{"column":33,"file":"/Users/mac/Desktop/NodeJS/sl_back/node_modules/winston-transport/modern.js","function":"Console._write","line":91,"method":"_write","native":false},{"column":139,"file":"/Users/mac/Desktop/NodeJS/sl_back/node_modules/readable-stream/lib/_stream_writable.js","function":"doWrite","line":390,"method":null,"native":false},{"column":5,"file":"/Users/mac/Desktop/NodeJS/sl_back/node_modules/readable-stream/lib/_stream_writable.js","function":"writeOrBuffer","line":381,"method":null,"native":false},{"column":11,"file":"/Users/mac/Desktop/NodeJS/sl_back/node_modules/readable-stream/lib/_stream_writable.js","function":"Console.Writable.write","line":302,"method":"write","native":false},{"column":20,"file":"/Users/mac/Desktop/NodeJS/sl_back/node_modules/readable-stream/lib/_stream_readable.js","function":"DerivedLogger.ondata","line":629,"method":"ondata","native":false},{"column":35,"file":"node:events","function":"DerivedLogger.emit","line":520,"method":"emit","native":false}]}
{"date":"Wed Dec 03 2025 15:04:21 GMT+0530 (India Standard Time)","error":{"diagnosticCodes":[2305]},"exception":true,"level":"error","message":"uncaughtException: ⨯ Unable to compile TypeScript:\n\u001b[96msrc/controllers/user.controller.ts\u001b[0m:\u001b[93m5\u001b[0m:\u001b[93m10\u001b[0m - \u001b[91merror\u001b[0m\u001b[90m TS2305: \u001b[0mModule '\"../schema/user/user.dto\"' has no exported member 'UserDto'.\n\n\u001b[7m5\u001b[0m import { UserDto } from \"../schema/user/user.dto\";\n\u001b[7m \u001b[0m \u001b[91m         ~~~~~~~\u001b[0m\n\nTSError: ⨯ Unable to compile TypeScript:\n\u001b[96msrc/controllers/user.controller.ts\u001b[0m:\u001b[93m5\u001b[0m:\u001b[93m10\u001b[0m - \u001b[91merror\u001b[0m\u001b[90m TS2305: \u001b[0mModule '\"../schema/user/user.dto\"' has no exported member 'UserDto'.\n\n\u001b[7m5\u001b[0m import { UserDto } from \"../schema/user/user.dto\";\n\u001b[7m \u001b[0m \u001b[91m         ~~~~~~~\u001b[0m\n\n    at createTSError (/Users/mac/Desktop/NodeJS/sl_back/node_modules/ts-node/src/index.ts:859:12)\n    at reportTSError (/Users/mac/Desktop/NodeJS/sl_back/node_modules/ts-node/src/index.ts:863:19)\n    at getOutput (/Users/mac/Desktop/NodeJS/sl_back/node_modules/ts-node/src/index.ts:1077:36)\n    at Object.compile (/Users/mac/Desktop/NodeJS/sl_back/node_modules/ts-node/src/index.ts:1433:41)\n    at Module.m._compile (/Users/mac/Desktop/NodeJS/sl_back/node_modules/ts-node/src/index.ts:1617:30)\n    at node:internal/modules/cjs/loader:1893:10\n    at Object.require.extensions.<computed> [as .ts] (/Users/mac/Desktop/NodeJS/sl_back/node_modules/ts-node/src/index.ts:1621:12)\n    at Module.load (node:internal/modules/cjs/loader:1480:32)\n    at Module._load (node:internal/modules/cjs/loader:1299:12)\n    at TracingChannel.traceSync (node:diagnostics_channel:328:14)","os":{"loadavg":[2.56982421875,2.92578125,3.056640625],"uptime":18932},"process":{"argv":["/Users/mac/Desktop/NodeJS/sl_back/node_modules/.bin/ts-node","/Users/mac/Desktop/NodeJS/sl_back/src/server.ts"],"cwd":"/Users/mac/Desktop/NodeJS/sl_back","execPath":"/usr/local/bin/node","gid":20,"memoryUsage":{"arrayBuffers":5198475,"external":8367084,"heapTotal":280539136,"heapUsed":207386648,"rss":346857472},"pid":14327,"uid":501,"version":"v24.11.0"},"stack":"TSError: ⨯ Unable to compile TypeScript:\n\u001b[96msrc/controllers/user.controller.ts\u001b[0m:\u001b[93m5\u001b[0m:\u001b[93m10\u001b[0m - \u001b[91merror\u001b[0m\u001b[90m TS2305: \u001b[0mModule '\"../schema/user/user.dto\"' has no exported member 'UserDto'.\n\n\u001b[7m5\u001b[0m import { UserDto } from \"../schema/user/user.dto\";\n\u001b[7m \u001b[0m \u001b[91m         ~~~~~~~\u001b[0m\n\n    at createTSError (/Users/mac/Desktop/NodeJS/sl_back/node_modules/ts-node/src/index.ts:859:12)\n    at reportTSError (/Users/mac/Desktop/NodeJS/sl_back/node_modules/ts-node/src/index.ts:863:19)\n    at getOutput (/Users/mac/Desktop/NodeJS/sl_back/node_modules/ts-node/src/index.ts:1077:36)\n    at Object.compile (/Users/mac/Desktop/NodeJS/sl_back/node_modules/ts-node/src/index.ts:1433:41)\n    at Module.m._compile (/Users/mac/Desktop/NodeJS/sl_back/node_modules/ts-node/src/index.ts:1617:30)\n    at node:internal/modules/cjs/loader:1893:10\n    at Object.require.extensions.<computed> [as .ts] (/Users/mac/Desktop/NodeJS/sl_back/node_modules/ts-node/src/index.ts:1621:12)\n    at Module.load (node:internal/modules/cjs/loader:1480:32)\n    at Module._load (node:internal/modules/cjs/loader:1299:12)\n    at TracingChannel.traceSync (node:diagnostics_channel:328:14)","timestamp":"2025-12-03 15:04:21","trace":[{"column":12,"file":"/Users/mac/Desktop/NodeJS/sl_back/node_modules/ts-node/src/index.ts","function":"createTSError","line":859,"method":null,"native":false},{"column":19,"file":"/Users/mac/Desktop/NodeJS/sl_back/node_modules/ts-node/src/index.ts","function":"reportTSError","line":863,"method":null,"native":false},{"column":36,"file":"/Users/mac/Desktop/NodeJS/sl_back/node_modules/ts-node/src/index.ts","function":"getOutput","line":1077,"method":null,"native":false},{"column":41,"file":"/Users/mac/Desktop/NodeJS/sl_back/node_modules/ts-node/src/index.ts","function":"Object.compile","line":1433,"method":"compile","native":false},{"column":30,"file":"/Users/mac/Desktop/NodeJS/sl_back/node_modules/ts-node/src/index.ts","function":"Module.m._compile","line":1617,"method":"_compile","native":false},{"column":10,"file":"node:internal/modules/cjs/loader","function":null,"line":1893,"method":null,"native":false},{"column":12,"file":"/Users/mac/Desktop/NodeJS/sl_back/node_modules/ts-node/src/index.ts","function":"Object.require.extensions.<computed> [as .ts]","line":1621,"method":"ts]","native":false},{"column":32,"file":"node:internal/modules/cjs/loader","function":"Module.load","line":1480,"method":"load","native":false},{"column":12,"file":"node:internal/modules/cjs/loader","function":"Module._load","line":1299,"method":"_load","native":false},{"column":14,"file":"node:diagnostics_channel","function":"TracingChannel.traceSync","line":328,"method":"traceSync","native":false}]}
{"date":"Wed Dec 03 2025 15:11:58 GMT+0530 (India Standard Time)","error":{"diagnosticCodes":[2391,7010]},"exception":true,"level":"error","message":"uncaughtException: ⨯ Unable to compile TypeScript:\n\u001b[96msrc/service/user.service.ts\u001b[0m:\u001b[93m30\u001b[0m:\u001b[93m18\u001b[0m - \u001b[91merror\u001b[0m\u001b[90m TS2391: \u001b[0mFunction implementation is missing or not immediately following the declaration.\n\n\u001b[7m30\u001b[0m     static async updateUserProfile()\n\u001b[7m  \u001b[0m \u001b[91m                 ~~~~~~~~~~~~~~~~~\u001b[0m\n\u001b[96msrc/service/user.service.ts\u001b[0m:\u001b[93m30\u001b[0m:\u001b[93m18\u001b[0m - \u001b[91merror\u001b[0m\u001b[90m TS7010: \u001b[0m'updateUserProfile', which lacks return-type annotation, implicitly has an 'any' return type.\n\n\u001b[7m30\u001b[0m     static async updateUserProfile()\n\u001b[7m  \u001b[0m \u001b[91m                 ~~~~~~~~~~~~~~~~~\u001b[0m\n\nTSError: ⨯ Unable to compile TypeScript:\n\u001b[96msrc/service/user.service.ts\u001b[0m:\u001b[93m30\u001b[0m:\u001b[93m18\u001b[0m - \u001b[91merror\u001b[0m\u001b[90m TS2391: \u001b[0mFunction implementation is missing or not immediately following the declaration.\n\n\u001b[7m30\u001b[0m     static async updateUserProfile()\n\u001b[7m  \u001b[0m \u001b[91m                 ~~~~~~~~~~~~~~~~~\u001b[0m\n\u001b[96msrc/service/user.service.ts\u001b[0m:\u001b[93m30\u001b[0m:\u001b[93m18\u001b[0m - \u001b[91merror\u001b[0m\u001b[90m TS7010: \u001b[0m'updateUserProfile', which lacks return-type annotation, implicitly has an 'any' return type.\n\n\u001b[7m30\u001b[0m     static async updateUserProfile()\n\u001b[7m  \u001b[0m \u001b[91m                 ~~~~~~~~~~~~~~~~~\u001b[0m\n\n    at createTSError (/Users/mac/Desktop/NodeJS/sl_back/node_modules/ts-node/src/index.ts:859:12)\n    at reportTSError (/Users/mac/Desktop/NodeJS/sl_back/node_modules/ts-node/src/index.ts:863:19)\n    at getOutput (/Users/mac/Desktop/NodeJS/sl_back/node_modules/ts-node/src/index.ts:1077:36)\n    at Object.compile (/Users/mac/Desktop/NodeJS/sl_back/node_modules/ts-node/src/index.ts:1433:41)\n    at Module.m._compile (/Users/mac/Desktop/NodeJS/sl_back/node_modules/ts-node/src/index.ts:1617:30)\n    at node:internal/modules/cjs/loader:1893:10\n    at Object.require.extensions.<computed> [as .ts] (/Users/mac/Desktop/NodeJS/sl_back/node_modules/ts-node/src/index.ts:1621:12)\n    at Module.load (node:internal/modules/cjs/loader:1480:32)\n    at Module._load (node:internal/modules/cjs/loader:1299:12)\n    at TracingChannel.traceSync (node:diagnostics_channel:328:14)","os":{"loadavg":[3.12890625,2.90283203125,2.99658203125],"uptime":19389},"process":{"argv":["/Users/mac/Desktop/NodeJS/sl_back/node_modules/.bin/ts-node","/Users/mac/Desktop/NodeJS/sl_back/src/server.ts"],"cwd":"/Users/mac/Desktop/NodeJS/sl_back","execPath":"/usr/local/bin/node","gid":20,"memoryUsage":{"arrayBuffers":5138695,"external":8367132,"heapTotal":281645056,"heapUsed":161702328,"rss":347258880},"pid":15251,"uid":501,"version":"v24.11.0"},"stack":"TSError: ⨯ Unable to compile TypeScript:\n\u001b[96msrc/service/user.service.ts\u001b[0m:\u001b[93m30\u001b[0m:\u001b[93m18\u001b[0m - \u001b[91merror\u001b[0m\u001b[90m TS2391: \u001b[0mFunction implementation is missing or not immediately following the declaration.\n\n\u001b[7m30\u001b[0m     static async updateUserProfile()\n\u001b[7m  \u001b[0m \u001b[91m                 ~~~~~~~~~~~~~~~~~\u001b[0m\n\u001b[96msrc/service/user.service.ts\u001b[0m:\u001b[93m30\u001b[0m:\u001b[93m18\u001b[0m - \u001b[91merror\u001b[0m\u001b[90m TS7010: \u001b[0m'updateUserProfile', which lacks return-type annotation, implicitly has an 'any' return type.\n\n\u001b[7m30\u001b[0m     static async updateUserProfile()\n\u001b[7m  \u001b[0m \u001b[91m                 ~~~~~~~~~~~~~~~~~\u001b[0m\n\n    at createTSError (/Users/mac/Desktop/NodeJS/sl_back/node_modules/ts-node/src/index.ts:859:12)\n    at reportTSError (/Users/mac/Desktop/NodeJS/sl_back/node_modules/ts-node/src/index.ts:863:19)\n    at getOutput (/Users/mac/Desktop/NodeJS/sl_back/node_modules/ts-node/src/index.ts:1077:36)\n    at Object.compile (/Users/mac/Desktop/NodeJS/sl_back/node_modules/ts-node/src/index.ts:1433:41)\n    at Module.m._compile (/Users/mac/Desktop/NodeJS/sl_back/node_modules/ts-node/src/index.ts:1617:30)\n    at node:internal/modules/cjs/loader:1893:10\n    at Object.require.extensions.<computed> [as .ts] (/Users/mac/Desktop/NodeJS/sl_back/node_modules/ts-node/src/index.ts:1621:12)\n    at Module.load (node:internal/modules/cjs/loader:1480:32)\n    at Module._load (node:internal/modules/cjs/loader:1299:12)\n    at TracingChannel.traceSync (node:diagnostics_channel:328:14)","timestamp":"2025-12-03 15:11:58","trace":[{"column":12,"file":"/Users/mac/Desktop/NodeJS/sl_back/node_modules/ts-node/src/index.ts","function":"createTSError","line":859,"method":null,"native":false},{"column":19,"file":"/Users/mac/Desktop/NodeJS/sl_back/node_modules/ts-node/src/index.ts","function":"reportTSError","line":863,"method":null,"native":false},{"column":36,"file":"/Users/mac/Desktop/NodeJS/sl_back/node_modules/ts-node/src/index.ts","function":"getOutput","line":1077,"method":null,"native":false},{"column":41,"file":"/Users/mac/Desktop/NodeJS/sl_back/node_modules/ts-node/src/index.ts","function":"Object.compile","line":1433,"method":"compile","native":false},{"column":30,"file":"/Users/mac/Desktop/NodeJS/sl_back/node_modules/ts-node/src/index.ts","function":"Module.m._compile","line":1617,"method":"_compile","native":false},{"column":10,"file":"node:internal/modules/cjs/loader","function":null,"line":1893,"method":null,"native":false},{"column":12,"file":"/Users/mac/Desktop/NodeJS/sl_back/node_modules/ts-node/src/index.ts","function":"Object.require.extensions.<computed> [as .ts]","line":1621,"method":"ts]","native":false},{"column":32,"file":"node:internal/modules/cjs/loader","function":"Module.load","line":1480,"method":"load","native":false},{"column":12,"file":"node:internal/modules/cjs/loader","function":"Module._load","line":1299,"method":"_load","native":false},{"column":14,"file":"node:diagnostics_channel","function":"TracingChannel.traceSync","line":328,"method":"traceSync","native":false}]}
{"date":"Wed Dec 03 2025 15:33:36 GMT+0530 (India Standard Time)","error":{},"exception":true,"level":"error","message":"uncaughtException: argument handler is required\nTypeError: argument handler is required\n    at Route.<computed> [as post] (/Users/mac/Desktop/NodeJS/sl_back/node_modules/router/lib/route.js:221:13)\n    at app.<computed> [as post] (/Users/mac/Desktop/NodeJS/sl_back/node_modules/express/lib/application.js:479:19)\n    at Object.<anonymous> (/Users/mac/Desktop/NodeJS/sl_back/src/routes/user.route.ts:11:8)\n    at Module._compile (node:internal/modules/cjs/loader:1760:14)\n    at Module.m._compile (/Users/mac/Desktop/NodeJS/sl_back/node_modules/ts-node/src/index.ts:1618:23)\n    at node:internal/modules/cjs/loader:1893:10\n    at Object.require.extensions.<computed> [as .ts] (/Users/mac/Desktop/NodeJS/sl_back/node_modules/ts-node/src/index.ts:1621:12)\n    at Module.load (node:internal/modules/cjs/loader:1480:32)\n    at Module._load (node:internal/modules/cjs/loader:1299:12)\n    at TracingChannel.traceSync (node:diagnostics_channel:328:14)","os":{"loadavg":[3.23046875,3.337890625,3.30224609375],"uptime":20687},"process":{"argv":["/Users/mac/Desktop/NodeJS/sl_back/node_modules/.bin/ts-node","/Users/mac/Desktop/NodeJS/sl_back/src/server.ts"],"cwd":"/Users/mac/Desktop/NodeJS/sl_back","execPath":"/usr/local/bin/node","gid":20,"memoryUsage":{"arrayBuffers":5146919,"external":8319117,"heapTotal":281382912,"heapUsed":165145616,"rss":348155904},"pid":17408,"uid":501,"version":"v24.11.0"},"stack":"TypeError: argument handler is required\n    at Route.<computed> [as post] (/Users/mac/Desktop/NodeJS/sl_back/node_modules/router/lib/route.js:221:13)\n    at app.<computed> [as post] (/Users/mac/Desktop/NodeJS/sl_back/node_modules/express/lib/application.js:479:19)\n    at Object.<anonymous> (/Users/mac/Desktop/NodeJS/sl_back/src/routes/user.route.ts:11:8)\n    at Module._compile (node:internal/modules/cjs/loader:1760:14)\n    at Module.m._compile (/Users/mac/Desktop/NodeJS/sl_back/node_modules/ts-node/src/index.ts:1618:23)\n    at node:internal/modules/cjs/loader:1893:10\n    at Object.require.extensions.<computed> [as .ts] (/Users/mac/Desktop/NodeJS/sl_back/node_modules/ts-node/src/index.ts:1621:12)\n    at Module.load (node:internal/modules/cjs/loader:1480:32)\n    at Module._load (node:internal/modules/cjs/loader:1299:12)\n    at TracingChannel.traceSync (node:diagnostics_channel:328:14)","timestamp":"2025-12-03 15:33:36","trace":[{"column":13,"file":"/Users/mac/Desktop/NodeJS/sl_back/node_modules/router/lib/route.js","function":"Route.<computed> [as post]","line":221,"method":"<computed> [as post]","native":false},{"column":19,"file":"/Users/mac/Desktop/NodeJS/sl_back/node_modules/express/lib/application.js","function":"app.<computed> [as post]","line":479,"method":"<computed> [as post]","native":false},{"column":8,"file":"/Users/mac/Desktop/NodeJS/sl_back/src/routes/user.route.ts","function":null,"line":11,"method":null,"native":false},{"column":14,"file":"node:internal/modules/cjs/loader","function":"Module._compile","line":1760,"method":"_compile","native":false},{"column":23,"file":"/Users/mac/Desktop/NodeJS/sl_back/node_modules/ts-node/src/index.ts","function":"Module.m._compile","line":1618,"method":"_compile","native":false},{"column":10,"file":"node:internal/modules/cjs/loader","function":null,"line":1893,"method":null,"native":false},{"column":12,"file":"/Users/mac/Desktop/NodeJS/sl_back/node_modules/ts-node/src/index.ts","function":"Object.require.extensions.<computed> [as .ts]","line":1621,"method":"ts]","native":false},{"column":32,"file":"node:internal/modules/cjs/loader","function":"Module.load","line":1480,"method":"load","native":false},{"column":12,"file":"node:internal/modules/cjs/loader","function":"Module._load","line":1299,"method":"_load","native":false},{"column":14,"file":"node:diagnostics_channel","function":"TracingChannel.traceSync","line":328,"method":"traceSync","native":false}]}
{"date":"Wed Dec 03 2025 15:34:28 GMT+0530 (India Standard Time)","error":{},"exception":true,"level":"error","message":"uncaughtException: argument handler is required\nTypeError: argument handler is required\n    at Route.<computed> [as post] (/Users/mac/Desktop/NodeJS/sl_back/node_modules/router/lib/route.js:221:13)\n    at app.<computed> [as post] (/Users/mac/Desktop/NodeJS/sl_back/node_modules/express/lib/application.js:479:19)\n    at Object.<anonymous> (/Users/mac/Desktop/NodeJS/sl_back/src/routes/user.route.ts:11:8)\n    at Module._compile (node:internal/modules/cjs/loader:1760:14)\n    at Module.m._compile (/Users/mac/Desktop/NodeJS/sl_back/node_modules/ts-node/src/index.ts:1618:23)\n    at node:internal/modules/cjs/loader:1893:10\n    at Object.require.extensions.<computed> [as .ts] (/Users/mac/Desktop/NodeJS/sl_back/node_modules/ts-node/src/index.ts:1621:12)\n    at Module.load (node:internal/modules/cjs/loader:1480:32)\n    at Module._load (node:internal/modules/cjs/loader:1299:12)\n    at TracingChannel.traceSync (node:diagnostics_channel:328:14)","os":{"loadavg":[2.953125,3.26220703125,3.2763671875],"uptime":20739},"process":{"argv":["/Users/mac/Desktop/NodeJS/sl_back/node_modules/.bin/ts-node","/Users/mac/Desktop/NodeJS/sl_back/src/server.ts"],"cwd":"/Users/mac/Desktop/NodeJS/sl_back","execPath":"/usr/local/bin/node","gid":20,"memoryUsage":{"arrayBuffers":5146879,"external":8319077,"heapTotal":280334336,"heapUsed":165406000,"rss":345878528},"pid":17501,"uid":501,"version":"v24.11.0"},"stack":"TypeError: argument handler is required\n    at Route.<computed> [as post] (/Users/mac/Desktop/NodeJS/sl_back/node_modules/router/lib/route.js:221:13)\n    at app.<computed> [as post] (/Users/mac/Desktop/NodeJS/sl_back/node_modules/express/lib/application.js:479:19)\n    at Object.<anonymous> (/Users/mac/Desktop/NodeJS/sl_back/src/routes/user.route.ts:11:8)\n    at Module._compile (node:internal/modules/cjs/loader:1760:14)\n    at Module.m._compile (/Users/mac/Desktop/NodeJS/sl_back/node_modules/ts-node/src/index.ts:1618:23)\n    at node:internal/modules/cjs/loader:1893:10\n    at Object.require.extensions.<computed> [as .ts] (/Users/mac/Desktop/NodeJS/sl_back/node_modules/ts-node/src/index.ts:1621:12)\n    at Module.load (node:internal/modules/cjs/loader:1480:32)\n    at Module._load (node:internal/modules/cjs/loader:1299:12)\n    at TracingChannel.traceSync (node:diagnostics_channel:328:14)","timestamp":"2025-12-03 15:34:28","trace":[{"column":13,"file":"/Users/mac/Desktop/NodeJS/sl_back/node_modules/router/lib/route.js","function":"Route.<computed> [as post]","line":221,"method":"<computed> [as post]","native":false},{"column":19,"file":"/Users/mac/Desktop/NodeJS/sl_back/node_modules/express/lib/application.js","function":"app.<computed> [as post]","line":479,"method":"<computed> [as post]","native":false},{"column":8,"file":"/Users/mac/Desktop/NodeJS/sl_back/src/routes/user.route.ts","function":null,"line":11,"method":null,"native":false},{"column":14,"file":"node:internal/modules/cjs/loader","function":"Module._compile","line":1760,"method":"_compile","native":false},{"column":23,"file":"/Users/mac/Desktop/NodeJS/sl_back/node_modules/ts-node/src/index.ts","function":"Module.m._compile","line":1618,"method":"_compile","native":false},{"column":10,"file":"node:internal/modules/cjs/loader","function":null,"line":1893,"method":null,"native":false},{"column":12,"file":"/Users/mac/Desktop/NodeJS/sl_back/node_modules/ts-node/src/index.ts","function":"Object.require.extensions.<computed> [as .ts]","line":1621,"method":"ts]","native":false},{"column":32,"file":"node:internal/modules/cjs/loader","function":"Module.load","line":1480,"method":"load","native":false},{"column":12,"file":"node:internal/modules/cjs/loader","function":"Module._load","line":1299,"method":"_load","native":false},{"column":14,"file":"node:diagnostics_channel","function":"TracingChannel.traceSync","line":328,"method":"traceSync","native":false}]}
{"date":"Wed Dec 03 2025 15:43:26 GMT+0530 (India Standard Time)","error":{"diagnosticCodes":[2339]},"exception":true,"level":"error","message":"uncaughtException: ⨯ Unable to compile TypeScript:\n\u001b[96msrc/controllers/user.controller.ts\u001b[0m:\u001b[93m32\u001b[0m:\u001b[93m27\u001b[0m - \u001b[91merror\u001b[0m\u001b[90m TS2339: \u001b[0mProperty 'updateUserLocation' does not exist on type 'typeof UserService'.\n\n\u001b[7m32\u001b[0m         await UserService.updateUserLocation(parsed.data);\n\u001b[7m  \u001b[0m \u001b[91m                          ~~~~~~~~~~~~~~~~~~\u001b[0m\n\nTSError: ⨯ Unable to compile TypeScript:\n\u001b[96msrc/controllers/user.controller.ts\u001b[0m:\u001b[93m32\u001b[0m:\u001b[93m27\u001b[0m - \u001b[91merror\u001b[0m\u001b[90m TS2339: \u001b[0mProperty 'updateUserLocation' does not exist on type 'typeof UserService'.\n\n\u001b[7m32\u001b[0m         await UserService.updateUserLocation(parsed.data);\n\u001b[7m  \u001b[0m \u001b[91m                          ~~~~~~~~~~~~~~~~~~\u001b[0m\n\n    at createTSError (/Users/mac/Desktop/NodeJS/sl_back/node_modules/ts-node/src/index.ts:859:12)\n    at reportTSError (/Users/mac/Desktop/NodeJS/sl_back/node_modules/ts-node/src/index.ts:863:19)\n    at getOutput (/Users/mac/Desktop/NodeJS/sl_back/node_modules/ts-node/src/index.ts:1077:36)\n    at Object.compile (/Users/mac/Desktop/NodeJS/sl_back/node_modules/ts-node/src/index.ts:1433:41)\n    at Module.m._compile (/Users/mac/Desktop/NodeJS/sl_back/node_modules/ts-node/src/index.ts:1617:30)\n    at node:internal/modules/cjs/loader:1893:10\n    at Object.require.extensions.<computed> [as .ts] (/Users/mac/Desktop/NodeJS/sl_back/node_modules/ts-node/src/index.ts:1621:12)\n    at Module.load (node:internal/modules/cjs/loader:1480:32)\n    at Module._load (node:internal/modules/cjs/loader:1299:12)\n    at TracingChannel.traceSync (node:diagnostics_channel:328:14)","os":{"loadavg":[3.36962890625,3.39208984375,3.29248046875],"uptime":21277},"process":{"argv":["/Users/mac/Desktop/NodeJS/sl_back/node_modules/.bin/ts-node","/Users/mac/Desktop/NodeJS/sl_back/src/server.ts"],"cwd":"/Users/mac/Desktop/NodeJS/sl_back","execPath":"/usr/local/bin/node","gid":20,"memoryUsage":{"arrayBuffers":5138687,"external":8367186,"heapTotal":280334336,"heapUsed":159621088,"rss":346779648},"pid":18116,"uid":501,"version":"v24.11.0"},"stack":"TSError: ⨯ Unable to compile TypeScript:\n\u001b[96msrc/controllers/user.controller.ts\u001b[0m:\u001b[93m32\u001b[0m:\u001b[93m27\u001b[0m - \u001b[91merror\u001b[0m\u001b[90m TS2339: \u001b[0mProperty 'updateUserLocation' does not exist on type 'typeof UserService'.\n\n\u001b[7m32\u001b[0m         await UserService.updateUserLocation(parsed.data);\n\u001b[7m  \u001b[0m \u001b[91m                          ~~~~~~~~~~~~~~~~~~\u001b[0m\n\n    at createTSError (/Users/mac/Desktop/NodeJS/sl_back/node_modules/ts-node/src/index.ts:859:12)\n    at reportTSError (/Users/mac/Desktop/NodeJS/sl_back/node_modules/ts-node/src/index.ts:863:19)\n    at getOutput (/Users/mac/Desktop/NodeJS/sl_back/node_modules/ts-node/src/index.ts:1077:36)\n    at Object.compile (/Users/mac/Desktop/NodeJS/sl_back/node_modules/ts-node/src/index.ts:1433:41)\n    at Module.m._compile (/Users/mac/Desktop/NodeJS/sl_back/node_modules/ts-node/src/index.ts:1617:30)\n    at node:internal/modules/cjs/loader:1893:10\n    at Object.require.extensions.<computed> [as .ts] (/Users/mac/Desktop/NodeJS/sl_back/node_modules/ts-node/src/index.ts:1621:12)\n    at Module.load (node:internal/modules/cjs/loader:1480:32)\n    at Module._load (node:internal/modules/cjs/loader:1299:12)\n    at TracingChannel.traceSync (node:diagnostics_channel:328:14)","timestamp":"2025-12-03 15:43:26","trace":[{"column":12,"file":"/Users/mac/Desktop/NodeJS/sl_back/node_modules/ts-node/src/index.ts","function":"createTSError","line":859,"method":null,"native":false},{"column":19,"file":"/Users/mac/Desktop/NodeJS/sl_back/node_modules/ts-node/src/index.ts","function":"reportTSError","line":863,"method":null,"native":false},{"column":36,"file":"/Users/mac/Desktop/NodeJS/sl_back/node_modules/ts-node/src/index.ts","function":"getOutput","line":1077,"method":null,"native":false},{"column":41,"file":"/Users/mac/Desktop/NodeJS/sl_back/node_modules/ts-node/src/index.ts","function":"Object.compile","line":1433,"method":"compile","native":false},{"column":30,"file":"/Users/mac/Desktop/NodeJS/sl_back/node_modules/ts-node/src/index.ts","function":"Module.m._compile","line":1617,"method":"_compile","native":false},{"column":10,"file":"node:internal/modules/cjs/loader","function":null,"line":1893,"method":null,"native":false},{"column":12,"file":"/Users/mac/Desktop/NodeJS/sl_back/node_modules/ts-node/src/index.ts","function":"Object.require.extensions.<computed> [as .ts]","line":1621,"method":"ts]","native":false},{"column":32,"file":"node:internal/modules/cjs/loader","function":"Module.load","line":1480,"method":"load","native":false},{"column":12,"file":"node:internal/modules/cjs/loader","function":"Module._load","line":1299,"method":"_load","native":false},{"column":14,"file":"node:diagnostics_channel","function":"TracingChannel.traceSync","line":328,"method":"traceSync","native":false}]}
{"date":"Wed Dec 03 2025 15:52:17 GMT+0530 (India Standard Time)","error":{"diagnosticCodes":[2322]},"exception":true,"level":"error","message":"uncaughtException: ⨯ Unable to compile TypeScript:\n\u001b[96msrc/service/user.service.ts\u001b[0m:\u001b[93m36\u001b[0m:\u001b[93m13\u001b[0m - \u001b[91merror\u001b[0m\u001b[90m TS2322: \u001b[0mType 'User | null' is not assignable to type 'void'.\n  Type 'null' is not assignable to type 'void'.\n\n\u001b[7m36\u001b[0m             return user;\n\u001b[7m  \u001b[0m \u001b[91m            ~~~~~~\u001b[0m\n\nTSError: ⨯ Unable to compile TypeScript:\n\u001b[96msrc/service/user.service.ts\u001b[0m:\u001b[93m36\u001b[0m:\u001b[93m13\u001b[0m - \u001b[91merror\u001b[0m\u001b[90m TS2322: \u001b[0mType 'User | null' is not assignable to type 'void'.\n  Type 'null' is not assignable to type 'void'.\n\n\u001b[7m36\u001b[0m             return user;\n\u001b[7m  \u001b[0m \u001b[91m            ~~~~~~\u001b[0m\n\n    at createTSError (/Users/mac/Desktop/NodeJS/sl_back/node_modules/ts-node/src/index.ts:859:12)\n    at reportTSError (/Users/mac/Desktop/NodeJS/sl_back/node_modules/ts-node/src/index.ts:863:19)\n    at getOutput (/Users/mac/Desktop/NodeJS/sl_back/node_modules/ts-node/src/index.ts:1077:36)\n    at Object.compile (/Users/mac/Desktop/NodeJS/sl_back/node_modules/ts-node/src/index.ts:1433:41)\n    at Module.m._compile (/Users/mac/Desktop/NodeJS/sl_back/node_modules/ts-node/src/index.ts:1617:30)\n    at node:internal/modules/cjs/loader:1893:10\n    at Object.require.extensions.<computed> [as .ts] (/Users/mac/Desktop/NodeJS/sl_back/node_modules/ts-node/src/index.ts:1621:12)\n    at Module.load (node:internal/modules/cjs/loader:1480:32)\n    at Module._load (node:internal/modules/cjs/loader:1299:12)\n    at TracingChannel.traceSync (node:diagnostics_channel:328:14)","os":{"loadavg":[2.68115234375,2.8447265625,3.07080078125],"uptime":21808},"process":{"argv":["/Users/mac/Desktop/NodeJS/sl_back/node_modules/.bin/ts-node","/Users/mac/Desktop/NodeJS/sl_back/src/server.ts"],"cwd":"/Users/mac/Desktop/NodeJS/sl_back","execPath":"/usr/local/bin/node","gid":20,"memoryUsage":{"arrayBuffers":5138703,"external":8367202,"heapTotal":283742208,"heapUsed":169665752,"rss":350294016},"pid":19127,"uid":501,"version":"v24.11.0"},"stack":"TSError: ⨯ Unable to compile TypeScript:\n\u001b[96msrc/service/user.service.ts\u001b[0m:\u001b[93m36\u001b[0m:\u001b[93m13\u001b[0m - \u001b[91merror\u001b[0m\u001b[90m TS2322: \u001b[0mType 'User | null' is not assignable to type 'void'.\n  Type 'null' is not assignable to type 'void'.\n\n\u001b[7m36\u001b[0m             return user;\n\u001b[7m  \u001b[0m \u001b[91m            ~~~~~~\u001b[0m\n\n    at createTSError (/Users/mac/Desktop/NodeJS/sl_back/node_modules/ts-node/src/index.ts:859:12)\n    at reportTSError (/Users/mac/Desktop/NodeJS/sl_back/node_modules/ts-node/src/index.ts:863:19)\n    at getOutput (/Users/mac/Desktop/NodeJS/sl_back/node_modules/ts-node/src/index.ts:1077:36)\n    at Object.compile (/Users/mac/Desktop/NodeJS/sl_back/node_modules/ts-node/src/index.ts:1433:41)\n    at Module.m._compile (/Users/mac/Desktop/NodeJS/sl_back/node_modules/ts-node/src/index.ts:1617:30)\n    at node:internal/modules/cjs/loader:1893:10\n    at Object.require.extensions.<computed> [as .ts] (/Users/mac/Desktop/NodeJS/sl_back/node_modules/ts-node/src/index.ts:1621:12)\n    at Module.load (node:internal/modules/cjs/loader:1480:32)\n    at Module._load (node:internal/modules/cjs/loader:1299:12)\n    at TracingChannel.traceSync (node:diagnostics_channel:328:14)","timestamp":"2025-12-03 15:52:17","trace":[{"column":12,"file":"/Users/mac/Desktop/NodeJS/sl_back/node_modules/ts-node/src/index.ts","function":"createTSError","line":859,"method":null,"native":false},{"column":19,"file":"/Users/mac/Desktop/NodeJS/sl_back/node_modules/ts-node/src/index.ts","function":"reportTSError","line":863,"method":null,"native":false},{"column":36,"file":"/Users/mac/Desktop/NodeJS/sl_back/node_modules/ts-node/src/index.ts","function":"getOutput","line":1077,"method":null,"native":false},{"column":41,"file":"/Users/mac/Desktop/NodeJS/sl_back/node_modules/ts-node/src/index.ts","function":"Object.compile","line":1433,"method":"compile","native":false},{"column":30,"file":"/Users/mac/Desktop/NodeJS/sl_back/node_modules/ts-node/src/index.ts","function":"Module.m._compile","line":1617,"method":"_compile","native":false},{"column":10,"file":"node:internal/modules/cjs/loader","function":null,"line":1893,"method":null,"native":false},{"column":12,"file":"/Users/mac/Desktop/NodeJS/sl_back/node_modules/ts-node/src/index.ts","function":"Object.require.extensions.<computed> [as .ts]","line":1621,"method":"ts]","native":false},{"column":32,"file":"node:internal/modules/cjs/loader","function":"Module.load","line":1480,"method":"load","native":false},{"column":12,"file":"node:internal/modules/cjs/loader","function":"Module._load","line":1299,"method":"_load","native":false},{"column":14,"file":"node:diagnostics_channel","function":"TracingChannel.traceSync","line":328,"method":"traceSync","native":false}]}
{"date":"Wed Dec 03 2025 15:57:06 GMT+0530 (India Standard Time)","error":{"diagnosticCodes":[2355]},"exception":true,"level":"error","message":"uncaughtException: ⨯ Unable to compile TypeScript:\n\u001b[96msrc/service/user.service.ts\u001b[0m:\u001b[93m43\u001b[0m:\u001b[93m40\u001b[0m - \u001b[91merror\u001b[0m\u001b[90m TS2355: \u001b[0mA function whose declared type is neither 'undefined', 'void', nor 'any' must return a value.\n\n\u001b[7m43\u001b[0m     static shoftDeleteUser(data: any): Promise<any> {\n\u001b[7m  \u001b[0m \u001b[91m                                       ~~~~~~~~~~~~\u001b[0m\n\nTSError: ⨯ Unable to compile TypeScript:\n\u001b[96msrc/service/user.service.ts\u001b[0m:\u001b[93m43\u001b[0m:\u001b[93m40\u001b[0m - \u001b[91merror\u001b[0m\u001b[90m TS2355: \u001b[0mA function whose declared type is neither 'undefined', 'void', nor 'any' must return a value.\n\n\u001b[7m43\u001b[0m     static shoftDeleteUser(data: any): Promise<any> {\n\u001b[7m  \u001b[0m \u001b[91m                                       ~~~~~~~~~~~~\u001b[0m\n\n    at createTSError (/Users/mac/Desktop/NodeJS/sl_back/node_modules/ts-node/src/index.ts:859:12)\n    at reportTSError (/Users/mac/Desktop/NodeJS/sl_back/node_modules/ts-node/src/index.ts:863:19)\n    at getOutput (/Users/mac/Desktop/NodeJS/sl_back/node_modules/ts-node/src/index.ts:1077:36)\n    at Object.compile (/Users/mac/Desktop/NodeJS/sl_back/node_modules/ts-node/src/index.ts:1433:41)\n    at Module.m._compile (/Users/mac/Desktop/NodeJS/sl_back/node_modules/ts-node/src/index.ts:1617:30)\n    at node:internal/modules/cjs/loader:1893:10\n    at Object.require.extensions.<computed> [as .ts] (/Users/mac/Desktop/NodeJS/sl_back/node_modules/ts-node/src/index.ts:1621:12)\n    at Module.load (node:internal/modules/cjs/loader:1480:32)\n    at Module._load (node:internal/modules/cjs/loader:1299:12)\n    at TracingChannel.traceSync (node:diagnostics_channel:328:14)","os":{"loadavg":[3.18359375,3.1337890625,3.1259765625],"uptime":22097},"process":{"argv":["/Users/mac/Desktop/NodeJS/sl_back/node_modules/.bin/ts-node","/Users/mac/Desktop/NodeJS/sl_back/src/server.ts"],"cwd":"/Users/mac/Desktop/NodeJS/sl_back","execPath":"/usr/local/bin/node","gid":20,"memoryUsage":{"arrayBuffers":5138671,"external":8367170,"heapTotal":281907200,"heapUsed":170236640,"rss":349892608},"pid":19612,"uid":501,"version":"v24.11.0"},"stack":"TSError: ⨯ Unable to compile TypeScript:\n\u001b[96msrc/service/user.service.ts\u001b[0m:\u001b[93m43\u001b[0m:\u001b[93m40\u001b[0m - \u001b[91merror\u001b[0m\u001b[90m TS2355: \u001b[0mA function whose declared type is neither 'undefined', 'void', nor 'any' must return a value.\n\n\u001b[7m43\u001b[0m     static shoftDeleteUser(data: any): Promise<any> {\n\u001b[7m  \u001b[0m \u001b[91m                                       ~~~~~~~~~~~~\u001b[0m\n\n    at createTSError (/Users/mac/Desktop/NodeJS/sl_back/node_modules/ts-node/src/index.ts:859:12)\n    at reportTSError (/Users/mac/Desktop/NodeJS/sl_back/node_modules/ts-node/src/index.ts:863:19)\n    at getOutput (/Users/mac/Desktop/NodeJS/sl_back/node_modules/ts-node/src/index.ts:1077:36)\n    at Object.compile (/Users/mac/Desktop/NodeJS/sl_back/node_modules/ts-node/src/index.ts:1433:41)\n    at Module.m._compile (/Users/mac/Desktop/NodeJS/sl_back/node_modules/ts-node/src/index.ts:1617:30)\n    at node:internal/modules/cjs/loader:1893:10\n    at Object.require.extensions.<computed> [as .ts] (/Users/mac/Desktop/NodeJS/sl_back/node_modules/ts-node/src/index.ts:1621:12)\n    at Module.load (node:internal/modules/cjs/loader:1480:32)\n    at Module._load (node:internal/modules/cjs/loader:1299:12)\n    at TracingChannel.traceSync (node:diagnostics_channel:328:14)","timestamp":"2025-12-03 15:57:06","trace":[{"column":12,"file":"/Users/mac/Desktop/NodeJS/sl_back/node_modules/ts-node/src/index.ts","function":"createTSError","line":859,"method":null,"native":false},{"column":19,"file":"/Users/mac/Desktop/NodeJS/sl_back/node_modules/ts-node/src/index.ts","function":"reportTSError","line":863,"method":null,"native":false},{"column":36,"file":"/Users/mac/Desktop/NodeJS/sl_back/node_modules/ts-node/src/index.ts","function":"getOutput","line":1077,"method":null,"native":false},{"column":41,"file":"/Users/mac/Desktop/NodeJS/sl_back/node_modules/ts-node/src/index.ts","function":"Object.compile","line":1433,"method":"compile","native":false},{"column":30,"file":"/Users/mac/Desktop/NodeJS/sl_back/node_modules/ts-node/src/index.ts","function":"Module.m._compile","line":1617,"method":"_compile","native":false},{"column":10,"file":"node:internal/modules/cjs/loader","function":null,"line":1893,"method":null,"native":false},{"column":12,"file":"/Users/mac/Desktop/NodeJS/sl_back/node_modules/ts-node/src/index.ts","function":"Object.require.extensions.<computed> [as .ts]","line":1621,"method":"ts]","native":false},{"column":32,"file":"node:internal/modules/cjs/loader","function":"Module.load","line":1480,"method":"load","native":false},{"column":12,"file":"node:internal/modules/cjs/loader","function":"Module._load","line":1299,"method":"_load","native":false},{"column":14,"file":"node:diagnostics_channel","function":"TracingChannel.traceSync","line":328,"method":"traceSync","native":false}]}
{"date":"Wed Dec 03 2025 16:10:34 GMT+0530 (India Standard Time)","error":{"diagnosticCodes":[2322]},"exception":true,"level":"error","message":"uncaughtException: ⨯ Unable to compile TypeScript:\n\u001b[96msrc/service/user.service.ts\u001b[0m:\u001b[93m82\u001b[0m:\u001b[93m9\u001b[0m - \u001b[91merror\u001b[0m\u001b[90m TS2322: \u001b[0mType '{ label: string; value: Status; }[]' is not assignable to type 'Status[]'.\n  Type '{ label: string; value: Status; }' is not assignable to type 'Status'.\n\n\u001b[7m82\u001b[0m         return list;\n\u001b[7m  \u001b[0m \u001b[91m        ~~~~~~\u001b[0m\n\nTSError: ⨯ Unable to compile TypeScript:\n\u001b[96msrc/service/user.service.ts\u001b[0m:\u001b[93m82\u001b[0m:\u001b[93m9\u001b[0m - \u001b[91merror\u001b[0m\u001b[90m TS2322: \u001b[0mType '{ label: string; value: Status; }[]' is not assignable to type 'Status[]'.\n  Type '{ label: string; value: Status; }' is not assignable to type 'Status'.\n\n\u001b[7m82\u001b[0m         return list;\n\u001b[7m  \u001b[0m \u001b[91m        ~~~~~~\u001b[0m\n\n    at createTSError (/Users/mac/Desktop/NodeJS/sl_back/node_modules/ts-node/src/index.ts:859:12)\n    at reportTSError (/Users/mac/Desktop/NodeJS/sl_back/node_modules/ts-node/src/index.ts:863:19)\n    at getOutput (/Users/mac/Desktop/NodeJS/sl_back/node_modules/ts-node/src/index.ts:1077:36)\n    at Object.compile (/Users/mac/Desktop/NodeJS/sl_back/node_modules/ts-node/src/index.ts:1433:41)\n    at Module.m._compile (/Users/mac/Desktop/NodeJS/sl_back/node_modules/ts-node/src/index.ts:1617:30)\n    at node:internal/modules/cjs/loader:1893:10\n    at Object.require.extensions.<computed> [as .ts] (/Users/mac/Desktop/NodeJS/sl_back/node_modules/ts-node/src/index.ts:1621:12)\n    at Module.load (node:internal/modules/cjs/loader:1480:32)\n    at Module._load (node:internal/modules/cjs/loader:1299:12)\n    at TracingChannel.traceSync (node:diagnostics_channel:328:14)","os":{"loadavg":[3.5419921875,3.3984375,3.2412109375],"uptime":22905},"process":{"argv":["/Users/mac/Desktop/NodeJS/sl_back/node_modules/.bin/ts-node","/Users/mac/Desktop/NodeJS/sl_back/src/server.ts"],"cwd":"/Users/mac/Desktop/NodeJS/sl_back","execPath":"/usr/local/bin/node","gid":20,"memoryUsage":{"arrayBuffers":5143324,"external":8311933,"heapTotal":281120768,"heapUsed":173499464,"rss":349130752},"pid":20863,"uid":501,"version":"v24.11.0"},"stack":"TSError: ⨯ Unable to compile TypeScript:\n\u001b[96msrc/service/user.service.ts\u001b[0m:\u001b[93m82\u001b[0m:\u001b[93m9\u001b[0m - \u001b[91merror\u001b[0m\u001b[90m TS2322: \u001b[0mType '{ label: string; value: Status; }[]' is not assignable to type 'Status[]'.\n  Type '{ label: string; value: Status; }' is not assignable to type 'Status'.\n\n\u001b[7m82\u001b[0m         return list;\n\u001b[7m  \u001b[0m \u001b[91m        ~~~~~~\u001b[0m\n\n    at createTSError (/Users/mac/Desktop/NodeJS/sl_back/node_modules/ts-node/src/index.ts:859:12)\n    at reportTSError (/Users/mac/Desktop/NodeJS/sl_back/node_modules/ts-node/src/index.ts:863:19)\n    at getOutput (/Users/mac/Desktop/NodeJS/sl_back/node_modules/ts-node/src/index.ts:1077:36)\n    at Object.compile (/Users/mac/Desktop/NodeJS/sl_back/node_modules/ts-node/src/index.ts:1433:41)\n    at Module.m._compile (/Users/mac/Desktop/NodeJS/sl_back/node_modules/ts-node/src/index.ts:1617:30)\n    at node:internal/modules/cjs/loader:1893:10\n    at Object.require.extensions.<computed> [as .ts] (/Users/mac/Desktop/NodeJS/sl_back/node_modules/ts-node/src/index.ts:1621:12)\n    at Module.load (node:internal/modules/cjs/loader:1480:32)\n    at Module._load (node:internal/modules/cjs/loader:1299:12)\n    at TracingChannel.traceSync (node:diagnostics_channel:328:14)","timestamp":"2025-12-03 16:10:34","trace":[{"column":12,"file":"/Users/mac/Desktop/NodeJS/sl_back/node_modules/ts-node/src/index.ts","function":"createTSError","line":859,"method":null,"native":false},{"column":19,"file":"/Users/mac/Desktop/NodeJS/sl_back/node_modules/ts-node/src/index.ts","function":"reportTSError","line":863,"method":null,"native":false},{"column":36,"file":"/Users/mac/Desktop/NodeJS/sl_back/node_modules/ts-node/src/index.ts","function":"getOutput","line":1077,"method":null,"native":false},{"column":41,"file":"/Users/mac/Desktop/NodeJS/sl_back/node_modules/ts-node/src/index.ts","function":"Object.compile","line":1433,"method":"compile","native":false},{"column":30,"file":"/Users/mac/Desktop/NodeJS/sl_back/node_modules/ts-node/src/index.ts","function":"Module.m._compile","line":1617,"method":"_compile","native":false},{"column":10,"file":"node:internal/modules/cjs/loader","function":null,"line":1893,"method":null,"native":false},{"column":12,"file":"/Users/mac/Desktop/NodeJS/sl_back/node_modules/ts-node/src/index.ts","function":"Object.require.extensions.<computed> [as .ts]","line":1621,"method":"ts]","native":false},{"column":32,"file":"node:internal/modules/cjs/loader","function":"Module.load","line":1480,"method":"load","native":false},{"column":12,"file":"node:internal/modules/cjs/loader","function":"Module._load","line":1299,"method":"_load","native":false},{"column":14,"file":"node:diagnostics_channel","function":"TracingChannel.traceSync","line":328,"method":"traceSync","native":false}]}
{"date":"Wed Dec 03 2025 16:18:42 GMT+0530 (India Standard Time)","error":{"diagnosticCodes":[18004]},"exception":true,"level":"error","message":"uncaughtException: ⨯ Unable to compile TypeScript:\n\u001b[96msrc/service/user.service.ts\u001b[0m:\u001b[93m106\u001b[0m:\u001b[93m18\u001b[0m - \u001b[91merror\u001b[0m\u001b[90m TS18004: \u001b[0mNo value exists in scope for the shorthand property 'is_profile_completed'. Either declare one or provide an initializer.\n\n\u001b[7m106\u001b[0m         return { is_profile_completed }\n\u001b[7m   \u001b[0m \u001b[91m                 ~~~~~~~~~~~~~~~~~~~~\u001b[0m\n\nTSError: ⨯ Unable to compile TypeScript:\n\u001b[96msrc/service/user.service.ts\u001b[0m:\u001b[93m106\u001b[0m:\u001b[93m18\u001b[0m - \u001b[91merror\u001b[0m\u001b[90m TS18004: \u001b[0mNo value exists in scope for the shorthand property 'is_profile_completed'. Either declare one or provide an initializer.\n\n\u001b[7m106\u001b[0m         return { is_profile_completed }\n\u001b[7m   \u001b[0m \u001b[91m                 ~~~~~~~~~~~~~~~~~~~~\u001b[0m\n\n    at createTSError (/Users/mac/Desktop/NodeJS/sl_back/node_modules/ts-node/src/index.ts:859:12)\n    at reportTSError (/Users/mac/Desktop/NodeJS/sl_back/node_modules/ts-node/src/index.ts:863:19)\n    at getOutput (/Users/mac/Desktop/NodeJS/sl_back/node_modules/ts-node/src/index.ts:1077:36)\n    at Object.compile (/Users/mac/Desktop/NodeJS/sl_back/node_modules/ts-node/src/index.ts:1433:41)\n    at Module.m._compile (/Users/mac/Desktop/NodeJS/sl_back/node_modules/ts-node/src/index.ts:1617:30)\n    at node:internal/modules/cjs/loader:1893:10\n    at Object.require.extensions.<computed> [as .ts] (/Users/mac/Desktop/NodeJS/sl_back/node_modules/ts-node/src/index.ts:1621:12)\n    at Module.load (node:internal/modules/cjs/loader:1480:32)\n    at Module._load (node:internal/modules/cjs/loader:1299:12)\n    at TracingChannel.traceSync (node:diagnostics_channel:328:14)","os":{"loadavg":[3.31591796875,3.55859375,3.4228515625],"uptime":23393},"process":{"argv":["/Users/mac/Desktop/NodeJS/sl_back/node_modules/.bin/ts-node","/Users/mac/Desktop/NodeJS/sl_back/src/server.ts"],"cwd":"/Users/mac/Desktop/NodeJS/sl_back","execPath":"/usr/local/bin/node","gid":20,"memoryUsage":{"arrayBuffers":5143783,"external":8312392,"heapTotal":281907200,"heapUsed":175429376,"rss":349446144},"pid":21509,"uid":501,"version":"v24.11.0"},"stack":"TSError: ⨯ Unable to compile TypeScript:\n\u001b[96msrc/service/user.service.ts\u001b[0m:\u001b[93m106\u001b[0m:\u001b[93m18\u001b[0m - \u001b[91merror\u001b[0m\u001b[90m TS18004: \u001b[0mNo value exists in scope for the shorthand property 'is_profile_completed'. Either declare one or provide an initializer.\n\n\u001b[7m106\u001b[0m         return { is_profile_completed }\n\u001b[7m   \u001b[0m \u001b[91m                 ~~~~~~~~~~~~~~~~~~~~\u001b[0m\n\n    at createTSError (/Users/mac/Desktop/NodeJS/sl_back/node_modules/ts-node/src/index.ts:859:12)\n    at reportTSError (/Users/mac/Desktop/NodeJS/sl_back/node_modules/ts-node/src/index.ts:863:19)\n    at getOutput (/Users/mac/Desktop/NodeJS/sl_back/node_modules/ts-node/src/index.ts:1077:36)\n    at Object.compile (/Users/mac/Desktop/NodeJS/sl_back/node_modules/ts-node/src/index.ts:1433:41)\n    at Module.m._compile (/Users/mac/Desktop/NodeJS/sl_back/node_modules/ts-node/src/index.ts:1617:30)\n    at node:internal/modules/cjs/loader:1893:10\n    at Object.require.extensions.<computed> [as .ts] (/Users/mac/Desktop/NodeJS/sl_back/node_modules/ts-node/src/index.ts:1621:12)\n    at Module.load (node:internal/modules/cjs/loader:1480:32)\n    at Module._load (node:internal/modules/cjs/loader:1299:12)\n    at TracingChannel.traceSync (node:diagnostics_channel:328:14)","timestamp":"2025-12-03 16:18:42","trace":[{"column":12,"file":"/Users/mac/Desktop/NodeJS/sl_back/node_modules/ts-node/src/index.ts","function":"createTSError","line":859,"method":null,"native":false},{"column":19,"file":"/Users/mac/Desktop/NodeJS/sl_back/node_modules/ts-node/src/index.ts","function":"reportTSError","line":863,"method":null,"native":false},{"column":36,"file":"/Users/mac/Desktop/NodeJS/sl_back/node_modules/ts-node/src/index.ts","function":"getOutput","line":1077,"method":null,"native":false},{"column":41,"file":"/Users/mac/Desktop/NodeJS/sl_back/node_modules/ts-node/src/index.ts","function":"Object.compile","line":1433,"method":"compile","native":false},{"column":30,"file":"/Users/mac/Desktop/NodeJS/sl_back/node_modules/ts-node/src/index.ts","function":"Module.m._compile","line":1617,"method":"_compile","native":false},{"column":10,"file":"node:internal/modules/cjs/loader","function":null,"line":1893,"method":null,"native":false},{"column":12,"file":"/Users/mac/Desktop/NodeJS/sl_back/node_modules/ts-node/src/index.ts","function":"Object.require.extensions.<computed> [as .ts]","line":1621,"method":"ts]","native":false},{"column":32,"file":"node:internal/modules/cjs/loader","function":"Module.load","line":1480,"method":"load","native":false},{"column":12,"file":"node:internal/modules/cjs/loader","function":"Module._load","line":1299,"method":"_load","native":false},{"column":14,"file":"node:diagnostics_channel","function":"TracingChannel.traceSync","line":328,"method":"traceSync","native":false}]}
{"date":"Wed Dec 03 2025 16:26:16 GMT+0530 (India Standard Time)","error":{"diagnosticCodes":[2551]},"exception":true,"level":"error","message":"uncaughtException: ⨯ Unable to compile TypeScript:\n\u001b[96msrc/service/user.service.ts\u001b[0m:\u001b[93m105\u001b[0m:\u001b[93m19\u001b[0m - \u001b[91merror\u001b[0m\u001b[90m TS2551: \u001b[0mProperty 'longitude' does not exist on type 'UserLocationDetails'. Did you mean 'longitide'?\n\n\u001b[7m105\u001b[0m             !!loc.longitude;\n\u001b[7m   \u001b[0m \u001b[91m                  ~~~~~~~~~\u001b[0m\n\n  \u001b[96msrc/models/user.model.ts\u001b[0m:\u001b[93m13\u001b[0m:\u001b[93m5\u001b[0m\n    \u001b[7m13\u001b[0m     longitide: string;\n    \u001b[7m  \u001b[0m \u001b[96m    ~~~~~~~~~\u001b[0m\n    'longitide' is declared here.\n\nTSError: ⨯ Unable to compile TypeScript:\n\u001b[96msrc/service/user.service.ts\u001b[0m:\u001b[93m105\u001b[0m:\u001b[93m19\u001b[0m - \u001b[91merror\u001b[0m\u001b[90m TS2551: \u001b[0mProperty 'longitude' does not exist on type 'UserLocationDetails'. Did you mean 'longitide'?\n\n\u001b[7m105\u001b[0m             !!loc.longitude;\n\u001b[7m   \u001b[0m \u001b[91m                  ~~~~~~~~~\u001b[0m\n\n  \u001b[96msrc/models/user.model.ts\u001b[0m:\u001b[93m13\u001b[0m:\u001b[93m5\u001b[0m\n    \u001b[7m13\u001b[0m     longitide: string;\n    \u001b[7m  \u001b[0m \u001b[96m    ~~~~~~~~~\u001b[0m\n    'longitide' is declared here.\n\n    at createTSError (/Users/mac/Desktop/NodeJS/sl_back/node_modules/ts-node/src/index.ts:859:12)\n    at reportTSError (/Users/mac/Desktop/NodeJS/sl_back/node_modules/ts-node/src/index.ts:863:19)\n    at getOutput (/Users/mac/Desktop/NodeJS/sl_back/node_modules/ts-node/src/index.ts:1077:36)\n    at Object.compile (/Users/mac/Desktop/NodeJS/sl_back/node_modules/ts-node/src/index.ts:1433:41)\n    at Module.m._compile (/Users/mac/Desktop/NodeJS/sl_back/node_modules/ts-node/src/index.ts:1617:30)\n    at node:internal/modules/cjs/loader:1893:10\n    at Object.require.extensions.<computed> [as .ts] (/Users/mac/Desktop/NodeJS/sl_back/node_modules/ts-node/src/index.ts:1621:12)\n    at Module.load (node:internal/modules/cjs/loader:1480:32)\n    at Module._load (node:internal/modules/cjs/loader:1299:12)\n    at TracingChannel.traceSync (node:diagnostics_channel:328:14)","os":{"loadavg":[3.57763671875,3.83837890625,3.61962890625],"uptime":23847},"process":{"argv":["/Users/mac/Desktop/NodeJS/sl_back/node_modules/.bin/ts-node","/Users/mac/Desktop/NodeJS/sl_back/src/server.ts"],"cwd":"/Users/mac/Desktop/NodeJS/sl_back","execPath":"/usr/local/bin/node","gid":20,"memoryUsage":{"arrayBuffers":5154789,"external":8373061,"heapTotal":280858624,"heapUsed":164632712,"rss":346140672},"pid":21981,"uid":501,"version":"v24.11.0"},"stack":"TSError: ⨯ Unable to compile TypeScript:\n\u001b[96msrc/service/user.service.ts\u001b[0m:\u001b[93m105\u001b[0m:\u001b[93m19\u001b[0m - \u001b[91merror\u001b[0m\u001b[90m TS2551: \u001b[0mProperty 'longitude' does not exist on type 'UserLocationDetails'. Did you mean 'longitide'?\n\n\u001b[7m105\u001b[0m             !!loc.longitude;\n\u001b[7m   \u001b[0m \u001b[91m                  ~~~~~~~~~\u001b[0m\n\n  \u001b[96msrc/models/user.model.ts\u001b[0m:\u001b[93m13\u001b[0m:\u001b[93m5\u001b[0m\n    \u001b[7m13\u001b[0m     longitide: string;\n    \u001b[7m  \u001b[0m \u001b[96m    ~~~~~~~~~\u001b[0m\n    'longitide' is declared here.\n\n    at createTSError (/Users/mac/Desktop/NodeJS/sl_back/node_modules/ts-node/src/index.ts:859:12)\n    at reportTSError (/Users/mac/Desktop/NodeJS/sl_back/node_modules/ts-node/src/index.ts:863:19)\n    at getOutput (/Users/mac/Desktop/NodeJS/sl_back/node_modules/ts-node/src/index.ts:1077:36)\n    at Object.compile (/Users/mac/Desktop/NodeJS/sl_back/node_modules/ts-node/src/index.ts:1433:41)\n    at Module.m._compile (/Users/mac/Desktop/NodeJS/sl_back/node_modules/ts-node/src/index.ts:1617:30)\n    at node:internal/modules/cjs/loader:1893:10\n    at Object.require.extensions.<computed> [as .ts] (/Users/mac/Desktop/NodeJS/sl_back/node_modules/ts-node/src/index.ts:1621:12)\n    at Module.load (node:internal/modules/cjs/loader:1480:32)\n    at Module._load (node:internal/modules/cjs/loader:1299:12)\n    at TracingChannel.traceSync (node:diagnostics_channel:328:14)","timestamp":"2025-12-03 16:26:16","trace":[{"column":12,"file":"/Users/mac/Desktop/NodeJS/sl_back/node_modules/ts-node/src/index.ts","function":"createTSError","line":859,"method":null,"native":false},{"column":19,"file":"/Users/mac/Desktop/NodeJS/sl_back/node_modules/ts-node/src/index.ts","function":"reportTSError","line":863,"method":null,"native":false},{"column":36,"file":"/Users/mac/Desktop/NodeJS/sl_back/node_modules/ts-node/src/index.ts","function":"getOutput","line":1077,"method":null,"native":false},{"column":41,"file":"/Users/mac/Desktop/NodeJS/sl_back/node_modules/ts-node/src/index.ts","function":"Object.compile","line":1433,"method":"compile","native":false},{"column":30,"file":"/Users/mac/Desktop/NodeJS/sl_back/node_modules/ts-node/src/index.ts","function":"Module.m._compile","line":1617,"method":"_compile","native":false},{"column":10,"file":"node:internal/modules/cjs/loader","function":null,"line":1893,"method":null,"native":false},{"column":12,"file":"/Users/mac/Desktop/NodeJS/sl_back/node_modules/ts-node/src/index.ts","function":"Object.require.extensions.<computed> [as .ts]","line":1621,"method":"ts]","native":false},{"column":32,"file":"node:internal/modules/cjs/loader","function":"Module.load","line":1480,"method":"load","native":false},{"column":12,"file":"node:internal/modules/cjs/loader","function":"Module._load","line":1299,"method":"_load","native":false},{"column":14,"file":"node:diagnostics_channel","function":"TracingChannel.traceSync","line":328,"method":"traceSync","native":false}]}
{"date":"Wed Dec 03 2025 16:26:22 GMT+0530 (India Standard Time)","error":{"diagnosticCodes":[2551]},"exception":true,"level":"error","message":"uncaughtException: ⨯ Unable to compile TypeScript:\n\u001b[96msrc/service/user.service.ts\u001b[0m:\u001b[93m105\u001b[0m:\u001b[93m19\u001b[0m - \u001b[91merror\u001b[0m\u001b[90m TS2551: \u001b[0mProperty 'longitude' does not exist on type 'UserLocationDetails'. Did you mean 'longitide'?\n\n\u001b[7m105\u001b[0m             !!loc.longitude;\n\u001b[7m   \u001b[0m \u001b[91m                  ~~~~~~~~~\u001b[0m\n\n  \u001b[96msrc/models/user.model.ts\u001b[0m:\u001b[93m13\u001b[0m:\u001b[93m5\u001b[0m\n    \u001b[7m13\u001b[0m     longitide: string;\n    \u001b[7m  \u001b[0m \u001b[96m    ~~~~~~~~~\u001b[0m\n    'longitide' is declared here.\n\nTSError: ⨯ Unable to compile TypeScript:\n\u001b[96msrc/service/user.service.ts\u001b[0m:\u001b[93m105\u001b[0m:\u001b[93m19\u001b[0m - \u001b[91merror\u001b[0m\u001b[90m TS2551: \u001b[0mProperty 'longitude' does not exist on type 'UserLocationDetails'. Did you mean 'longitide'?\n\n\u001b[7m105\u001b[0m             !!loc.longitude;\n\u001b[7m   \u001b[0m \u001b[91m                  ~~~~~~~~~\u001b[0m\n\n  \u001b[96msrc/models/user.model.ts\u001b[0m:\u001b[93m13\u001b[0m:\u001b[93m5\u001b[0m\n    \u001b[7m13\u001b[0m     longitide: string;\n    \u001b[7m  \u001b[0m \u001b[96m    ~~~~~~~~~\u001b[0m\n    'longitide' is declared here.\n\n    at createTSError (/Users/mac/Desktop/NodeJS/sl_back/node_modules/ts-node/src/index.ts:859:12)\n    at reportTSError (/Users/mac/Desktop/NodeJS/sl_back/node_modules/ts-node/src/index.ts:863:19)\n    at getOutput (/Users/mac/Desktop/NodeJS/sl_back/node_modules/ts-node/src/index.ts:1077:36)\n    at Object.compile (/Users/mac/Desktop/NodeJS/sl_back/node_modules/ts-node/src/index.ts:1433:41)\n    at Module.m._compile (/Users/mac/Desktop/NodeJS/sl_back/node_modules/ts-node/src/index.ts:1617:30)\n    at node:internal/modules/cjs/loader:1893:10\n    at Object.require.extensions.<computed> [as .ts] (/Users/mac/Desktop/NodeJS/sl_back/node_modules/ts-node/src/index.ts:1621:12)\n    at Module.load (node:internal/modules/cjs/loader:1480:32)\n    at Module._load (node:internal/modules/cjs/loader:1299:12)\n    at TracingChannel.traceSync (node:diagnostics_channel:328:14)","os":{"loadavg":[3.53125,3.82421875,3.61572265625],"uptime":23853},"process":{"argv":["/Users/mac/Desktop/NodeJS/sl_back/node_modules/.bin/ts-node","/Users/mac/Desktop/NodeJS/sl_back/src/server.ts"],"cwd":"/Users/mac/Desktop/NodeJS/sl_back","execPath":"/usr/local/bin/node","gid":20,"memoryUsage":{"arrayBuffers":5144490,"external":8313099,"heapTotal":282431488,"heapUsed":177650560,"rss":350203904},"pid":22056,"uid":501,"version":"v24.11.0"},"stack":"TSError: ⨯ Unable to compile TypeScript:\n\u001b[96msrc/service/user.service.ts\u001b[0m:\u001b[93m105\u001b[0m:\u001b[93m19\u001b[0m - \u001b[91merror\u001b[0m\u001b[90m TS2551: \u001b[0mProperty 'longitude' does not exist on type 'UserLocationDetails'. Did you mean 'longitide'?\n\n\u001b[7m105\u001b[0m             !!loc.longitude;\n\u001b[7m   \u001b[0m \u001b[91m                  ~~~~~~~~~\u001b[0m\n\n  \u001b[96msrc/models/user.model.ts\u001b[0m:\u001b[93m13\u001b[0m:\u001b[93m5\u001b[0m\n    \u001b[7m13\u001b[0m     longitide: string;\n    \u001b[7m  \u001b[0m \u001b[96m    ~~~~~~~~~\u001b[0m\n    'longitide' is declared here.\n\n    at createTSError (/Users/mac/Desktop/NodeJS/sl_back/node_modules/ts-node/src/index.ts:859:12)\n    at reportTSError (/Users/mac/Desktop/NodeJS/sl_back/node_modules/ts-node/src/index.ts:863:19)\n    at getOutput (/Users/mac/Desktop/NodeJS/sl_back/node_modules/ts-node/src/index.ts:1077:36)\n    at Object.compile (/Users/mac/Desktop/NodeJS/sl_back/node_modules/ts-node/src/index.ts:1433:41)\n    at Module.m._compile (/Users/mac/Desktop/NodeJS/sl_back/node_modules/ts-node/src/index.ts:1617:30)\n    at node:internal/modules/cjs/loader:1893:10\n    at Object.require.extensions.<computed> [as .ts] (/Users/mac/Desktop/NodeJS/sl_back/node_modules/ts-node/src/index.ts:1621:12)\n    at Module.load (node:internal/modules/cjs/loader:1480:32)\n    at Module._load (node:internal/modules/cjs/loader:1299:12)\n    at TracingChannel.traceSync (node:diagnostics_channel:328:14)","timestamp":"2025-12-03 16:26:22","trace":[{"column":12,"file":"/Users/mac/Desktop/NodeJS/sl_back/node_modules/ts-node/src/index.ts","function":"createTSError","line":859,"method":null,"native":false},{"column":19,"file":"/Users/mac/Desktop/NodeJS/sl_back/node_modules/ts-node/src/index.ts","function":"reportTSError","line":863,"method":null,"native":false},{"column":36,"file":"/Users/mac/Desktop/NodeJS/sl_back/node_modules/ts-node/src/index.ts","function":"getOutput","line":1077,"method":null,"native":false},{"column":41,"file":"/Users/mac/Desktop/NodeJS/sl_back/node_modules/ts-node/src/index.ts","function":"Object.compile","line":1433,"method":"compile","native":false},{"column":30,"file":"/Users/mac/Desktop/NodeJS/sl_back/node_modules/ts-node/src/index.ts","function":"Module.m._compile","line":1617,"method":"_compile","native":false},{"column":10,"file":"node:internal/modules/cjs/loader","function":null,"line":1893,"method":null,"native":false},{"column":12,"file":"/Users/mac/Desktop/NodeJS/sl_back/node_modules/ts-node/src/index.ts","function":"Object.require.extensions.<computed> [as .ts]","line":1621,"method":"ts]","native":false},{"column":32,"file":"node:internal/modules/cjs/loader","function":"Module.load","line":1480,"method":"load","native":false},{"column":12,"file":"node:internal/modules/cjs/loader","function":"Module._load","line":1299,"method":"_load","native":false},{"column":14,"file":"node:diagnostics_channel","function":"TracingChannel.traceSync","line":328,"method":"traceSync","native":false}]}
{"date":"Wed Dec 03 2025 17:57:02 GMT+0530 (India Standard Time)","error":{"diagnosticCodes":[2554]},"exception":true,"level":"error","message":"uncaughtException: ⨯ Unable to compile TypeScript:\n\u001b[96msrc/controllers/commoon.controller.ts\u001b[0m:\u001b[93m11\u001b[0m:\u001b[93m29\u001b[0m - \u001b[91merror\u001b[0m\u001b[90m TS2554: \u001b[0mExpected 2 arguments, but got 1.\n\n\u001b[7m11\u001b[0m         await CommonService.saveDeviceInfo(body)\n\u001b[7m  \u001b[0m \u001b[91m                            ~~~~~~~~~~~~~~\u001b[0m\n\n  \u001b[96msrc/service/common.service.ts\u001b[0m:\u001b[93m8\u001b[0m:\u001b[93m44\u001b[0m\n    \u001b[7m8\u001b[0m     static async saveDeviceInfo(data: any, user_id: string): Promise<DeviceInfo> {\n    \u001b[7m \u001b[0m \u001b[96m                                           ~~~~~~~~~~~~~~~\u001b[0m\n    An argument for 'user_id' was not provided.\n\nTSError: ⨯ Unable to compile TypeScript:\n\u001b[96msrc/controllers/commoon.controller.ts\u001b[0m:\u001b[93m11\u001b[0m:\u001b[93m29\u001b[0m - \u001b[91merror\u001b[0m\u001b[90m TS2554: \u001b[0mExpected 2 arguments, but got 1.\n\n\u001b[7m11\u001b[0m         await CommonService.saveDeviceInfo(body)\n\u001b[7m  \u001b[0m \u001b[91m                            ~~~~~~~~~~~~~~\u001b[0m\n\n  \u001b[96msrc/service/common.service.ts\u001b[0m:\u001b[93m8\u001b[0m:\u001b[93m44\u001b[0m\n    \u001b[7m8\u001b[0m     static async saveDeviceInfo(data: any, user_id: string): Promise<DeviceInfo> {\n    \u001b[7m \u001b[0m \u001b[96m                                           ~~~~~~~~~~~~~~~\u001b[0m\n    An argument for 'user_id' was not provided.\n\n    at createTSError (/Users/mac/Desktop/NodeJS/sl_back/node_modules/ts-node/src/index.ts:859:12)\n    at reportTSError (/Users/mac/Desktop/NodeJS/sl_back/node_modules/ts-node/src/index.ts:863:19)\n    at getOutput (/Users/mac/Desktop/NodeJS/sl_back/node_modules/ts-node/src/index.ts:1077:36)\n    at Object.compile (/Users/mac/Desktop/NodeJS/sl_back/node_modules/ts-node/src/index.ts:1433:41)\n    at Module.m._compile (/Users/mac/Desktop/NodeJS/sl_back/node_modules/ts-node/src/index.ts:1617:30)\n    at node:internal/modules/cjs/loader:1893:10\n    at Object.require.extensions.<computed> [as .ts] (/Users/mac/Desktop/NodeJS/sl_back/node_modules/ts-node/src/index.ts:1621:12)\n    at Module.load (node:internal/modules/cjs/loader:1480:32)\n    at Module._load (node:internal/modules/cjs/loader:1299:12)\n    at TracingChannel.traceSync (node:diagnostics_channel:328:14)","os":{"loadavg":[3.56005859375,3.4794921875,3.18798828125],"uptime":29293},"process":{"argv":["/Users/mac/Desktop/NodeJS/sl_back/node_modules/.bin/ts-node","/Users/mac/Desktop/NodeJS/sl_back/src/server.ts"],"cwd":"/Users/mac/Desktop/NodeJS/sl_back","execPath":"/usr/local/bin/node","gid":20,"memoryUsage":{"arrayBuffers":5159275,"external":8331473,"heapTotal":282431488,"heapUsed":181043736,"rss":346636288},"pid":27026,"uid":501,"version":"v24.11.0"},"stack":"TSError: ⨯ Unable to compile TypeScript:\n\u001b[96msrc/controllers/commoon.controller.ts\u001b[0m:\u001b[93m11\u001b[0m:\u001b[93m29\u001b[0m - \u001b[91merror\u001b[0m\u001b[90m TS2554: \u001b[0mExpected 2 arguments, but got 1.\n\n\u001b[7m11\u001b[0m         await CommonService.saveDeviceInfo(body)\n\u001b[7m  \u001b[0m \u001b[91m                            ~~~~~~~~~~~~~~\u001b[0m\n\n  \u001b[96msrc/service/common.service.ts\u001b[0m:\u001b[93m8\u001b[0m:\u001b[93m44\u001b[0m\n    \u001b[7m8\u001b[0m     static async saveDeviceInfo(data: any, user_id: string): Promise<DeviceInfo> {\n    \u001b[7m \u001b[0m \u001b[96m                                           ~~~~~~~~~~~~~~~\u001b[0m\n    An argument for 'user_id' was not provided.\n\n    at createTSError (/Users/mac/Desktop/NodeJS/sl_back/node_modules/ts-node/src/index.ts:859:12)\n    at reportTSError (/Users/mac/Desktop/NodeJS/sl_back/node_modules/ts-node/src/index.ts:863:19)\n    at getOutput (/Users/mac/Desktop/NodeJS/sl_back/node_modules/ts-node/src/index.ts:1077:36)\n    at Object.compile (/Users/mac/Desktop/NodeJS/sl_back/node_modules/ts-node/src/index.ts:1433:41)\n    at Module.m._compile (/Users/mac/Desktop/NodeJS/sl_back/node_modules/ts-node/src/index.ts:1617:30)\n    at node:internal/modules/cjs/loader:1893:10\n    at Object.require.extensions.<computed> [as .ts] (/Users/mac/Desktop/NodeJS/sl_back/node_modules/ts-node/src/index.ts:1621:12)\n    at Module.load (node:internal/modules/cjs/loader:1480:32)\n    at Module._load (node:internal/modules/cjs/loader:1299:12)\n    at TracingChannel.traceSync (node:diagnostics_channel:328:14)","timestamp":"2025-12-03 17:57:02","trace":[{"column":12,"file":"/Users/mac/Desktop/NodeJS/sl_back/node_modules/ts-node/src/index.ts","function":"createTSError","line":859,"method":null,"native":false},{"column":19,"file":"/Users/mac/Desktop/NodeJS/sl_back/node_modules/ts-node/src/index.ts","function":"reportTSError","line":863,"method":null,"native":false},{"column":36,"file":"/Users/mac/Desktop/NodeJS/sl_back/node_modules/ts-node/src/index.ts","function":"getOutput","line":1077,"method":null,"native":false},{"column":41,"file":"/Users/mac/Desktop/NodeJS/sl_back/node_modules/ts-node/src/index.ts","function":"Object.compile","line":1433,"method":"compile","native":false},{"column":30,"file":"/Users/mac/Desktop/NodeJS/sl_back/node_modules/ts-node/src/index.ts","function":"Module.m._compile","line":1617,"method":"_compile","native":false},{"column":10,"file":"node:internal/modules/cjs/loader","function":null,"line":1893,"method":null,"native":false},{"column":12,"file":"/Users/mac/Desktop/NodeJS/sl_back/node_modules/ts-node/src/index.ts","function":"Object.require.extensions.<computed> [as .ts]","line":1621,"method":"ts]","native":false},{"column":32,"file":"node:internal/modules/cjs/loader","function":"Module.load","line":1480,"method":"load","native":false},{"column":12,"file":"node:internal/modules/cjs/loader","function":"Module._load","line":1299,"method":"_load","native":false},{"column":14,"file":"node:diagnostics_channel","function":"TracingChannel.traceSync","line":328,"method":"traceSync","native":false}]}
{"date":"Wed Dec 03 2025 17:57:36 GMT+0530 (India Standard Time)","error":{"diagnosticCodes":[1109]},"exception":true,"level":"error","message":"uncaughtException: ⨯ Unable to compile TypeScript:\n\u001b[96msrc/service/common.service.ts\u001b[0m:\u001b[93m11\u001b[0m:\u001b[93m61\u001b[0m - \u001b[91merror\u001b[0m\u001b[90m TS1109: \u001b[0mExpression expected.\n\n\u001b[7m11\u001b[0m             let device = await DeviceInfo.findOne({ where:  })\n\u001b[7m  \u001b[0m \u001b[91m                                                            ~\u001b[0m\n\nTSError: ⨯ Unable to compile TypeScript:\n\u001b[96msrc/service/common.service.ts\u001b[0m:\u001b[93m11\u001b[0m:\u001b[93m61\u001b[0m - \u001b[91merror\u001b[0m\u001b[90m TS1109: \u001b[0mExpression expected.\n\n\u001b[7m11\u001b[0m             let device = await DeviceInfo.findOne({ where:  })\n\u001b[7m  \u001b[0m \u001b[91m                                                            ~\u001b[0m\n\n    at createTSError (/Users/mac/Desktop/NodeJS/sl_back/node_modules/ts-node/src/index.ts:859:12)\n    at reportTSError (/Users/mac/Desktop/NodeJS/sl_back/node_modules/ts-node/src/index.ts:863:19)\n    at getOutput (/Users/mac/Desktop/NodeJS/sl_back/node_modules/ts-node/src/index.ts:1077:36)\n    at Object.compile (/Users/mac/Desktop/NodeJS/sl_back/node_modules/ts-node/src/index.ts:1433:41)\n    at Module.m._compile (/Users/mac/Desktop/NodeJS/sl_back/node_modules/ts-node/src/index.ts:1617:30)\n    at node:internal/modules/cjs/loader:1893:10\n    at Object.require.extensions.<computed> [as .ts] (/Users/mac/Desktop/NodeJS/sl_back/node_modules/ts-node/src/index.ts:1621:12)\n    at Module.load (node:internal/modules/cjs/loader:1480:32)\n    at Module._load (node:internal/modules/cjs/loader:1299:12)\n    at TracingChannel.traceSync (node:diagnostics_channel:328:14)","os":{"loadavg":[4.2734375,3.6494140625,3.259765625],"uptime":29327},"process":{"argv":["/Users/mac/Desktop/NodeJS/sl_back/node_modules/.bin/ts-node","/Users/mac/Desktop/NodeJS/sl_back/src/server.ts"],"cwd":"/Users/mac/Desktop/NodeJS/sl_back","execPath":"/usr/local/bin/node","gid":20,"memoryUsage":{"arrayBuffers":5159227,"external":8331425,"heapTotal":281645056,"heapUsed":183511608,"rss":344305664},"pid":27068,"uid":501,"version":"v24.11.0"},"stack":"TSError: ⨯ Unable to compile TypeScript:\n\u001b[96msrc/service/common.service.ts\u001b[0m:\u001b[93m11\u001b[0m:\u001b[93m61\u001b[0m - \u001b[91merror\u001b[0m\u001b[90m TS1109: \u001b[0mExpression expected.\n\n\u001b[7m11\u001b[0m             let device = await DeviceInfo.findOne({ where:  })\n\u001b[7m  \u001b[0m \u001b[91m                                                            ~\u001b[0m\n\n    at createTSError (/Users/mac/Desktop/NodeJS/sl_back/node_modules/ts-node/src/index.ts:859:12)\n    at reportTSError (/Users/mac/Desktop/NodeJS/sl_back/node_modules/ts-node/src/index.ts:863:19)\n    at getOutput (/Users/mac/Desktop/NodeJS/sl_back/node_modules/ts-node/src/index.ts:1077:36)\n    at Object.compile (/Users/mac/Desktop/NodeJS/sl_back/node_modules/ts-node/src/index.ts:1433:41)\n    at Module.m._compile (/Users/mac/Desktop/NodeJS/sl_back/node_modules/ts-node/src/index.ts:1617:30)\n    at node:internal/modules/cjs/loader:1893:10\n    at Object.require.extensions.<computed> [as .ts] (/Users/mac/Desktop/NodeJS/sl_back/node_modules/ts-node/src/index.ts:1621:12)\n    at Module.load (node:internal/modules/cjs/loader:1480:32)\n    at Module._load (node:internal/modules/cjs/loader:1299:12)\n    at TracingChannel.traceSync (node:diagnostics_channel:328:14)","timestamp":"2025-12-03 17:57:36","trace":[{"column":12,"file":"/Users/mac/Desktop/NodeJS/sl_back/node_modules/ts-node/src/index.ts","function":"createTSError","line":859,"method":null,"native":false},{"column":19,"file":"/Users/mac/Desktop/NodeJS/sl_back/node_modules/ts-node/src/index.ts","function":"reportTSError","line":863,"method":null,"native":false},{"column":36,"file":"/Users/mac/Desktop/NodeJS/sl_back/node_modules/ts-node/src/index.ts","function":"getOutput","line":1077,"method":null,"native":false},{"column":41,"file":"/Users/mac/Desktop/NodeJS/sl_back/node_modules/ts-node/src/index.ts","function":"Object.compile","line":1433,"method":"compile","native":false},{"column":30,"file":"/Users/mac/Desktop/NodeJS/sl_back/node_modules/ts-node/src/index.ts","function":"Module.m._compile","line":1617,"method":"_compile","native":false},{"column":10,"file":"node:internal/modules/cjs/loader","function":null,"line":1893,"method":null,"native":false},{"column":12,"file":"/Users/mac/Desktop/NodeJS/sl_back/node_modules/ts-node/src/index.ts","function":"Object.require.extensions.<computed> [as .ts]","line":1621,"method":"ts]","native":false},{"column":32,"file":"node:internal/modules/cjs/loader","function":"Module.load","line":1480,"method":"load","native":false},{"column":12,"file":"node:internal/modules/cjs/loader","function":"Module._load","line":1299,"method":"_load","native":false},{"column":14,"file":"node:diagnostics_channel","function":"TracingChannel.traceSync","line":328,"method":"traceSync","native":false}]}
